{"meta": {"format": 3, "version": "7.14.0", "timestamp": "2026-05-16T17:35:52.066588", "branch_coverage": false, "show_contexts": false}, "files": {"config.py": {"executed_lines": [1, 2, 3, 6, 9, 11, 12, 13, 14, 15, 16, 17, 18, 19, 20, 24, 27, 28, 29, 30, 33, 34, 37, 38, 39, 40, 41, 44, 45, 48, 49, 52, 53, 54, 55, 56, 57, 60, 61, 64, 71, 75, 76, 78, 79, 80, 82, 83, 85, 87, 90, 91, 92, 95, 97, 98, 99, 100, 101, 105, 107, 113, 122, 123, 124, 125, 128, 129], "summary": {"covered_lines": 68, "num_statements": 68, "percent_covered": 100.0, "percent_covered_display": "100", "missing_lines": 0, "excluded_lines": 0, "percent_statements_covered": 100.0, "percent_statements_covered_display": "100"}, "missing_lines": [], "excluded_lines": [], "functions": {"Settings.tickers": {"executed_lines": [80], "summary": {"covered_lines": 1, "num_statements": 1, "percent_covered": 100.0, "percent_covered_display": "100", "missing_lines": 0, "excluded_lines": 0, "percent_statements_covered": 100.0, "percent_statements_covered_display": "100"}, "missing_lines": [], "excluded_lines": [], "start_line": 79}, "Settings.jwt_secret_key": {"executed_lines": [85], "summary": {"covered_lines": 1, "num_statements": 1, "percent_covered": 100.0, "percent_covered_display": "100", "missing_lines": 0, "excluded_lines": 0, "percent_statements_covered": 100.0, "percent_statements_covered_display": "100"}, "missing_lines": [], "excluded_lines": [], "start_line": 83}, "get_settings": {"executed_lines": [97, 98, 99, 100, 101], "summary": {"covered_lines": 5, "num_statements": 5, "percent_covered": 100.0, "percent_covered_display": "100", "missing_lines": 0, "excluded_lines": 0, "percent_statements_covered": 100.0, "percent_statements_covered_display": "100"}, "missing_lines": [], "excluded_lines": [], "start_line": 95}, "has_feature": {"executed_lines": [123, 124, 125], "summary": {"covered_lines": 3, "num_statements": 3, "percent_covered": 100.0, "percent_covered_display": "100", "missing_lines": 0, "excluded_lines": 0, "percent_statements_covered": 100.0, "percent_statements_covered_display": "100"}, "missing_lines": [], "excluded_lines": [], "start_line": 122}, "tier_gte": {"executed_lines": [129], "summary": {"covered_lines": 1, "num_statements": 1, "percent_covered": 100.0, "percent_covered_display": "100", "missing_lines": 0, "excluded_lines": 0, "percent_statements_covered": 100.0, "percent_statements_covered_display": "100"}, "missing_lines": [], "excluded_lines": [], "start_line": 128}, "": {"executed_lines": [1, 2, 3, 6, 9, 11, 12, 13, 14, 15, 16, 17, 18, 19, 20, 24, 27, 28, 29, 30, 33, 34, 37, 38, 39, 40, 41, 44, 45, 48, 49, 52, 53, 54, 55, 56, 57, 60, 61, 64, 71, 75, 76, 78, 79, 82, 83, 87, 90, 91, 92, 95, 105, 107, 113, 122, 128], "summary": {"covered_lines": 57, "num_statements": 57, "percent_covered": 100.0, "percent_covered_display": "100", "missing_lines": 0, "excluded_lines": 0, "percent_statements_covered": 100.0, "percent_statements_covered_display": "100"}, "missing_lines": [], "excluded_lines": [], "start_line": 1}}, "classes": {"Settings": {"executed_lines": [80, 85], "summary": {"covered_lines": 2, "num_statements": 2, "percent_covered": 100.0, "percent_covered_display": "100", "missing_lines": 0, "excluded_lines": 0, "percent_statements_covered": 100.0, "percent_statements_covered_display": "100"}, "missing_lines": [], "excluded_lines": [], "start_line": 9}, "": {"executed_lines": [1, 2, 3, 6, 9, 11, 12, 13, 14, 15, 16, 17, 18, 19, 20, 24, 27, 28, 29, 30, 33, 34, 37, 38, 39, 40, 41, 44, 45, 48, 49, 52, 53, 54, 55, 56, 57, 60, 61, 64, 71, 75, 76, 78, 79, 82, 83, 87, 90, 91, 92, 95, 97, 98, 99, 100, 101, 105, 107, 113, 122, 123, 124, 125, 128, 129], "summary": {"covered_lines": 66, "num_statements": 66, "percent_covered": 100.0, "percent_covered_display": "100", "missing_lines": 0, "excluded_lines": 0, "percent_statements_covered": 100.0, "percent_statements_covered_display": "100"}, "missing_lines": [], "excluded_lines": [], "start_line": 1}}}, "database.py": {"executed_lines": [1, 2, 3, 4, 5, 6, 7, 9, 10, 11, 15, 20, 21, 28, 29, 30, 31, 36, 38, 39, 42, 53, 66, 76, 81, 82, 84, 87, 88, 91, 92, 93, 94, 95, 101], "summary": {"covered_lines": 35, "num_statements": 66, "percent_covered": 53.03030303030303, "percent_covered_display": "53", "missing_lines": 31, "excluded_lines": 0, "percent_statements_covered": 53.03030303030303, "percent_statements_covered_display": "53"}, "missing_lines": [12, 13, 23, 32, 33, 34, 35, 55, 56, 57, 58, 59, 60, 61, 62, 63, 67, 74, 96, 97, 98, 102, 103, 104, 105, 107, 117, 118, 119, 120, 121], "excluded_lines": [], "functions": {"_setup_sqlite_connection": {"executed_lines": [], "summary": {"covered_lines": 0, "num_statements": 9, "percent_covered": 0.0, "percent_covered_display": "0", "missing_lines": 9, "excluded_lines": 0, "percent_statements_covered": 0.0, "percent_statements_covered_display": "0"}, "missing_lines": [55, 56, 57, 58, 59, 60, 61, 62, 63], "excluded_lines": [], "start_line": 53}, "get_db": {"executed_lines": [92, 93, 94, 95], "summary": {"covered_lines": 4, "num_statements": 7, "percent_covered": 57.142857142857146, "percent_covered_display": "57", "missing_lines": 3, "excluded_lines": 0, "percent_statements_covered": 57.142857142857146, "percent_statements_covered_display": "57"}, "missing_lines": [96, 97, 98], "excluded_lines": [], "start_line": 91}, "init_db": {"executed_lines": [], "summary": {"covered_lines": 0, "num_statements": 10, "percent_covered": 0.0, "percent_covered_display": "0", "missing_lines": 10, "excluded_lines": 0, "percent_statements_covered": 0.0, "percent_statements_covered_display": "0"}, "missing_lines": [102, 103, 104, 105, 107, 117, 118, 119, 120, 121], "excluded_lines": [], "start_line": 101}, "": {"executed_lines": [1, 2, 3, 4, 5, 6, 7, 9, 10, 11, 15, 20, 21, 28, 29, 30, 31, 36, 38, 39, 42, 53, 66, 76, 81, 82, 84, 87, 88, 91, 101], "summary": {"covered_lines": 31, "num_statements": 40, "percent_covered": 77.5, "percent_covered_display": "78", "missing_lines": 9, "excluded_lines": 0, "percent_statements_covered": 77.5, "percent_statements_covered_display": "78"}, "missing_lines": [12, 13, 23, 32, 33, 34, 35, 67, 74], "excluded_lines": [], "start_line": 1}}, "classes": {"Base": {"executed_lines": [], "summary": {"covered_lines": 0, "num_statements": 0, "percent_covered": 100.0, "percent_covered_display": "100", "missing_lines": 0, "excluded_lines": 0, "percent_statements_covered": 100.0, "percent_statements_covered_display": "100"}, "missing_lines": [], "excluded_lines": [], "start_line": 87}, "": {"executed_lines": [1, 2, 3, 4, 5, 6, 7, 9, 10, 11, 15, 20, 21, 28, 29, 30, 31, 36, 38, 39, 42, 53, 66, 76, 81, 82, 84, 87, 88, 91, 92, 93, 94, 95, 101], "summary": {"covered_lines": 35, "num_statements": 66, "percent_covered": 53.03030303030303, "percent_covered_display": "53", "missing_lines": 31, "excluded_lines": 0, "percent_statements_covered": 53.03030303030303, "percent_statements_covered_display": "53"}, "missing_lines": [12, 13, 23, 32, 33, 34, 35, 55, 56, 57, 58, 59, 60, 61, 62, 63, 67, 74, 96, 97, 98, 102, 103, 104, 105, 107, 117, 118, 119, 120, 121], "excluded_lines": [], "start_line": 1}}}, "main.py": {"executed_lines": [], "summary": {"covered_lines": 0, "num_statements": 558, "percent_covered": 0.0, "percent_covered_display": "0", "missing_lines": 558, "excluded_lines": 0, "percent_statements_covered": 0.0, "percent_statements_covered_display": "0"}, "missing_lines": [1, 2, 3, 4, 5, 6, 7, 9, 11, 17, 18, 19, 20, 21, 25, 26, 27, 29, 30, 31, 32, 33, 34, 35, 36, 38, 40, 41, 42, 43, 44, 45, 46, 47, 48, 49, 50, 51, 52, 53, 54, 55, 56, 57, 58, 59, 60, 61, 62, 63, 64, 66, 67, 70, 71, 72, 79, 80, 82, 84, 87, 89, 91, 92, 93, 94, 95, 96, 97, 98, 99, 100, 102, 103, 107, 108, 109, 110, 113, 115, 116, 117, 118, 119, 120, 121, 122, 123, 124, 125, 126, 127, 128, 129, 131, 137, 142, 143, 151, 152, 153, 154, 155, 156, 157, 158, 159, 161, 162, 163, 164, 167, 174, 175, 176, 177, 178, 179, 180, 181, 182, 183, 184, 185, 186, 188, 189, 190, 191, 193, 194, 195, 196, 206, 207, 208, 209, 212, 219, 226, 227, 231, 233, 234, 235, 237, 238, 239, 240, 243, 245, 246, 247, 248, 249, 250, 251, 252, 253, 254, 255, 256, 257, 258, 259, 260, 265, 266, 267, 270, 272, 273, 275, 276, 277, 278, 279, 280, 281, 282, 283, 284, 285, 286, 287, 288, 289, 290, 291, 292, 293, 294, 295, 296, 299, 300, 301, 302, 303, 304, 305, 306, 307, 308, 309, 311, 312, 318, 325, 326, 327, 328, 329, 330, 332, 333, 334, 335, 336, 337, 338, 339, 340, 341, 344, 345, 346, 347, 348, 349, 350, 351, 352, 353, 355, 361, 362, 363, 364, 365, 366, 367, 368, 369, 370, 371, 374, 375, 376, 377, 378, 379, 381, 382, 384, 385, 389, 392, 401, 402, 403, 404, 406, 407, 408, 410, 411, 412, 417, 418, 419, 421, 422, 423, 437, 438, 439, 440, 442, 443, 445, 447, 448, 449, 450, 452, 453, 454, 455, 456, 457, 458, 459, 462, 473, 503, 504, 505, 506, 508, 509, 513, 514, 516, 521, 522, 523, 524, 525, 526, 528, 529, 530, 531, 532, 535, 537, 538, 539, 540, 541, 542, 543, 544, 545, 546, 547, 548, 549, 550, 551, 562, 563, 564, 567, 569, 570, 571, 572, 573, 574, 575, 576, 577, 580, 586, 587, 588, 589, 590, 591, 592, 593, 594, 595, 596, 597, 598, 599, 600, 603, 608, 609, 610, 611, 612, 613, 614, 615, 616, 617, 618, 619, 620, 621, 622, 623, 624, 625, 627, 634, 635, 636, 638, 639, 640, 641, 642, 643, 644, 645, 647, 648, 649, 650, 653, 654, 657, 658, 659, 660, 661, 662, 663, 664, 667, 668, 669, 670, 671, 673, 674, 675, 676, 677, 678, 679, 681, 682, 683, 684, 685, 686, 687, 688, 689, 690, 692, 693, 695, 697, 699, 700, 701, 702, 703, 706, 707, 708, 710, 711, 716, 724, 725, 727, 737, 739, 741, 742, 746, 747, 748, 750, 751, 752, 754, 755, 756, 758, 759, 760, 761, 763, 765, 772, 773, 774, 775, 776, 781, 783, 786, 787, 788, 789, 790, 791, 792, 793, 794, 795, 796, 797, 798, 799, 800, 801, 802, 803, 804, 808, 809, 810, 811, 812, 813, 814, 815, 816, 817, 818, 819, 821, 822, 827, 828, 829, 830, 832, 833, 835, 836, 837, 846, 847, 848, 850, 851, 852, 854, 855, 856, 858, 859, 860, 862, 863, 864, 866, 867, 868, 870, 871, 872, 874, 875, 876, 878, 879, 880, 882, 883, 884, 886, 887, 888, 890, 891, 892, 894, 895, 896, 900, 903, 904, 905, 906, 907], "excluded_lines": [], "functions": {"_periodic_scan": {"executed_lines": [], "summary": {"covered_lines": 0, "num_statements": 16, "percent_covered": 0.0, "percent_covered_display": "0", "missing_lines": 16, "excluded_lines": 0, "percent_statements_covered": 0.0, "percent_statements_covered_display": "0"}, "missing_lines": [91, 92, 93, 94, 95, 96, 97, 98, 99, 100, 102, 103, 107, 108, 109, 110], "excluded_lines": [], "start_line": 89}, "_nightly_signal_cleanup": {"executed_lines": [], "summary": {"covered_lines": 0, "num_statements": 32, "percent_covered": 0.0, "percent_covered_display": "0", "missing_lines": 32, "excluded_lines": 0, "percent_statements_covered": 0.0, "percent_statements_covered_display": "0"}, "missing_lines": [115, 116, 117, 118, 119, 120, 121, 122, 123, 124, 125, 126, 127, 128, 129, 131, 137, 142, 143, 151, 152, 153, 154, 155, 156, 157, 158, 159, 161, 162, 163, 164], "excluded_lines": [], "start_line": 113}, "_nightly_reflection_learning": {"executed_lines": [], "summary": {"covered_lines": 0, "num_statements": 37, "percent_covered": 0.0, "percent_covered_display": "0", "missing_lines": 37, "excluded_lines": 0, "percent_statements_covered": 0.0, "percent_statements_covered_display": "0"}, "missing_lines": [174, 175, 176, 177, 178, 179, 180, 181, 182, 183, 184, 185, 186, 188, 189, 190, 191, 193, 194, 195, 196, 206, 207, 208, 209, 212, 219, 226, 227, 231, 233, 234, 235, 237, 238, 239, 240], "excluded_lines": [], "start_line": 167}, "_weekly_ml_retrain": {"executed_lines": [], "summary": {"covered_lines": 0, "num_statements": 19, "percent_covered": 0.0, "percent_covered_display": "0", "missing_lines": 19, "excluded_lines": 0, "percent_statements_covered": 0.0, "percent_statements_covered_display": "0"}, "missing_lines": [245, 246, 247, 248, 249, 250, 251, 252, 253, 254, 255, 256, 257, 258, 259, 260, 265, 266, 267], "excluded_lines": [], "start_line": 243}, "_weekly_factor_mining": {"executed_lines": [], "summary": {"covered_lines": 0, "num_statements": 24, "percent_covered": 0.0, "percent_covered_display": "0", "missing_lines": 24, "excluded_lines": 0, "percent_statements_covered": 0.0, "percent_statements_covered_display": "0"}, "missing_lines": [272, 273, 275, 276, 277, 278, 279, 280, 281, 282, 283, 284, 285, 286, 287, 288, 289, 290, 291, 292, 293, 294, 295, 296], "excluded_lines": [], "start_line": 270}, "_run_weekly_digest": {"executed_lines": [], "summary": {"covered_lines": 0, "num_statements": 79, "percent_covered": 0.0, "percent_covered_display": "0", "missing_lines": 79, "excluded_lines": 0, "percent_statements_covered": 0.0, "percent_statements_covered_display": "0"}, "missing_lines": [300, 301, 302, 303, 304, 305, 306, 307, 308, 309, 311, 312, 318, 325, 332, 333, 334, 335, 336, 337, 338, 339, 340, 341, 344, 345, 346, 347, 349, 350, 351, 352, 353, 355, 361, 362, 363, 364, 365, 366, 367, 368, 369, 370, 371, 374, 375, 376, 377, 378, 379, 381, 382, 384, 385, 389, 392, 401, 402, 403, 404, 406, 407, 408, 410, 411, 412, 417, 418, 419, 421, 422, 423, 437, 438, 439, 440, 442, 443], "excluded_lines": [], "start_line": 299}, "_run_weekly_digest.get_best_outcome": {"executed_lines": [], "summary": {"covered_lines": 0, "num_statements": 5, "percent_covered": 0.0, "percent_covered_display": "0", "missing_lines": 5, "excluded_lines": 0, "percent_statements_covered": 0.0, "percent_statements_covered_display": "0"}, "missing_lines": [326, 327, 328, 329, 330], "excluded_lines": [], "start_line": 325}, "_run_weekly_digest._fetch_spy": {"executed_lines": [], "summary": {"covered_lines": 0, "num_statements": 1, "percent_covered": 0.0, "percent_covered_display": "0", "missing_lines": 1, "excluded_lines": 0, "percent_statements_covered": 0.0, "percent_statements_covered_display": "0"}, "missing_lines": [348], "excluded_lines": [], "start_line": 347}, "_weekly_digest": {"executed_lines": [], "summary": {"covered_lines": 0, "num_statements": 12, "percent_covered": 0.0, "percent_covered_display": "0", "missing_lines": 12, "excluded_lines": 0, "percent_statements_covered": 0.0, "percent_statements_covered_display": "0"}, "missing_lines": [447, 448, 449, 450, 452, 453, 454, 455, 456, 457, 458, 459], "excluded_lines": [], "start_line": 445}, "_ensure_default_watchlist": {"executed_lines": [], "summary": {"covered_lines": 0, "num_statements": 21, "percent_covered": 0.0, "percent_covered_display": "0", "missing_lines": 21, "excluded_lines": 0, "percent_statements_covered": 0.0, "percent_statements_covered_display": "0"}, "missing_lines": [473, 503, 504, 505, 506, 508, 509, 513, 514, 516, 521, 522, 523, 524, 525, 526, 528, 529, 530, 531, 532], "excluded_lines": [], "start_line": 462}, "_ensure_owner_account": {"executed_lines": [], "summary": {"covered_lines": 0, "num_statements": 18, "percent_covered": 0.0, "percent_covered_display": "0", "missing_lines": 18, "excluded_lines": 0, "percent_statements_covered": 0.0, "percent_statements_covered_display": "0"}, "missing_lines": [537, 538, 539, 540, 541, 542, 543, 544, 545, 546, 547, 548, 549, 550, 551, 562, 563, 564], "excluded_lines": [], "start_line": 535}, "_prewarm_news_batch": {"executed_lines": [], "summary": {"covered_lines": 0, "num_statements": 9, "percent_covered": 0.0, "percent_covered_display": "0", "missing_lines": 9, "excluded_lines": 0, "percent_statements_covered": 0.0, "percent_statements_covered_display": "0"}, "missing_lines": [569, 570, 571, 572, 573, 574, 575, 576, 577], "excluded_lines": [], "start_line": 567}, "_warm_indicator_cache": {"executed_lines": [], "summary": {"covered_lines": 0, "num_statements": 15, "percent_covered": 0.0, "percent_covered_display": "0", "missing_lines": 15, "excluded_lines": 0, "percent_statements_covered": 0.0, "percent_statements_covered_display": "0"}, "missing_lines": [586, 587, 588, 589, 590, 591, 592, 593, 594, 595, 596, 597, 598, 599, 600], "excluded_lines": [], "start_line": 580}, "_weekly_ticker_screener": {"executed_lines": [], "summary": {"covered_lines": 0, "num_statements": 34, "percent_covered": 0.0, "percent_covered_display": "0", "missing_lines": 34, "excluded_lines": 0, "percent_statements_covered": 0.0, "percent_statements_covered_display": "0"}, "missing_lines": [608, 609, 610, 611, 612, 613, 614, 615, 616, 617, 618, 619, 620, 621, 622, 623, 624, 625, 627, 634, 635, 636, 638, 639, 640, 641, 642, 643, 644, 645, 647, 648, 649, 650], "excluded_lines": [], "start_line": 603}, "_scan_watchdog": {"executed_lines": [], "summary": {"covered_lines": 0, "num_statements": 8, "percent_covered": 0.0, "percent_covered_display": "0", "missing_lines": 8, "excluded_lines": 0, "percent_statements_covered": 0.0, "percent_statements_covered_display": "0"}, "missing_lines": [657, 658, 659, 660, 661, 662, 663, 664], "excluded_lines": [], "start_line": 654}, "lifespan": {"executed_lines": [], "summary": {"covered_lines": 0, "num_statements": 24, "percent_covered": 0.0, "percent_covered_display": "0", "missing_lines": 24, "excluded_lines": 0, "percent_statements_covered": 0.0, "percent_statements_covered_display": "0"}, "missing_lines": [668, 669, 670, 671, 673, 674, 675, 676, 677, 678, 679, 681, 688, 689, 690, 692, 693, 695, 697, 699, 700, 701, 702, 703], "excluded_lines": [], "start_line": 667}, "lifespan._prewarm_sectors": {"executed_lines": [], "summary": {"covered_lines": 0, "num_statements": 6, "percent_covered": 0.0, "percent_covered_display": "0", "missing_lines": 6, "excluded_lines": 0, "percent_statements_covered": 0.0, "percent_statements_covered_display": "0"}, "missing_lines": [682, 683, 684, 685, 686, 687], "excluded_lines": [], "start_line": 681}, "CacheMiddleware.dispatch": {"executed_lines": [], "summary": {"covered_lines": 0, "num_statements": 13, "percent_covered": 0.0, "percent_covered_display": "0", "missing_lines": 13, "excluded_lines": 0, "percent_statements_covered": 0.0, "percent_statements_covered_display": "0"}, "missing_lines": [747, 748, 750, 751, 752, 754, 755, 756, 758, 759, 760, 761, 763], "excluded_lines": [], "start_line": 746}, "DataComplianceMiddleware.dispatch": {"executed_lines": [], "summary": {"covered_lines": 0, "num_statements": 4, "percent_covered": 0.0, "percent_covered_display": "0", "missing_lines": 4, "excluded_lines": 0, "percent_statements_covered": 0.0, "percent_statements_covered_display": "0"}, "missing_lines": [774, 775, 776, 781], "excluded_lines": [], "start_line": 773}, "health_check": {"executed_lines": [], "summary": {"covered_lines": 0, "num_statements": 10, "percent_covered": 0.0, "percent_covered_display": "0", "missing_lines": 10, "excluded_lines": 0, "percent_statements_covered": 0.0, "percent_statements_covered_display": "0"}, "missing_lines": [810, 811, 812, 813, 814, 815, 816, 817, 818, 819], "excluded_lines": [], "start_line": 809}, "admin_trigger_weekly_digest": {"executed_lines": [], "summary": {"covered_lines": 0, "num_statements": 4, "percent_covered": 0.0, "percent_covered_display": "0", "missing_lines": 4, "excluded_lines": 0, "percent_statements_covered": 0.0, "percent_statements_covered_display": "0"}, "missing_lines": [827, 828, 829, 830], "excluded_lines": [], "start_line": 822}, "admin_weekly_digest_status": {"executed_lines": [], "summary": {"covered_lines": 0, "num_statements": 3, "percent_covered": 0.0, "percent_covered_display": "0", "missing_lines": 3, "excluded_lines": 0, "percent_statements_covered": 0.0, "percent_statements_covered_display": "0"}, "missing_lines": [835, 836, 837], "excluded_lines": [], "start_line": 833}, "serve_favicon_ico": {"executed_lines": [], "summary": {"covered_lines": 0, "num_statements": 1, "percent_covered": 0.0, "percent_covered_display": "0", "missing_lines": 1, "excluded_lines": 0, "percent_statements_covered": 0.0, "percent_statements_covered_display": "0"}, "missing_lines": [848], "excluded_lines": [], "start_line": 847}, "serve_favicon_svg": {"executed_lines": [], "summary": {"covered_lines": 0, "num_statements": 1, "percent_covered": 0.0, "percent_covered_display": "0", "missing_lines": 1, "excluded_lines": 0, "percent_statements_covered": 0.0, "percent_statements_covered_display": "0"}, "missing_lines": [852], "excluded_lines": [], "start_line": 851}, "serve_landing": {"executed_lines": [], "summary": {"covered_lines": 0, "num_statements": 1, "percent_covered": 0.0, "percent_covered_display": "0", "missing_lines": 1, "excluded_lines": 0, "percent_statements_covered": 0.0, "percent_statements_covered_display": "0"}, "missing_lines": [856], "excluded_lines": [], "start_line": 855}, "serve_app": {"executed_lines": [], "summary": {"covered_lines": 0, "num_statements": 1, "percent_covered": 0.0, "percent_covered_display": "0", "missing_lines": 1, "excluded_lines": 0, "percent_statements_covered": 0.0, "percent_statements_covered_display": "0"}, "missing_lines": [860], "excluded_lines": [], "start_line": 859}, "serve_login": {"executed_lines": [], "summary": {"covered_lines": 0, "num_statements": 1, "percent_covered": 0.0, "percent_covered_display": "0", "missing_lines": 1, "excluded_lines": 0, "percent_statements_covered": 0.0, "percent_statements_covered_display": "0"}, "missing_lines": [864], "excluded_lines": [], "start_line": 863}, "serve_signup": {"executed_lines": [], "summary": {"covered_lines": 0, "num_statements": 1, "percent_covered": 0.0, "percent_covered_display": "0", "missing_lines": 1, "excluded_lines": 0, "percent_statements_covered": 0.0, "percent_statements_covered_display": "0"}, "missing_lines": [868], "excluded_lines": [], "start_line": 867}, "serve_track_record": {"executed_lines": [], "summary": {"covered_lines": 0, "num_statements": 1, "percent_covered": 0.0, "percent_covered_display": "0", "missing_lines": 1, "excluded_lines": 0, "percent_statements_covered": 0.0, "percent_statements_covered_display": "0"}, "missing_lines": [872], "excluded_lines": [], "start_line": 871}, "serve_tos": {"executed_lines": [], "summary": {"covered_lines": 0, "num_statements": 1, "percent_covered": 0.0, "percent_covered_display": "0", "missing_lines": 1, "excluded_lines": 0, "percent_statements_covered": 0.0, "percent_statements_covered_display": "0"}, "missing_lines": [876], "excluded_lines": [], "start_line": 875}, "serve_privacy": {"executed_lines": [], "summary": {"covered_lines": 0, "num_statements": 1, "percent_covered": 0.0, "percent_covered_display": "0", "missing_lines": 1, "excluded_lines": 0, "percent_statements_covered": 0.0, "percent_statements_covered_display": "0"}, "missing_lines": [880], "excluded_lines": [], "start_line": 879}, "serve_mobile": {"executed_lines": [], "summary": {"covered_lines": 0, "num_statements": 1, "percent_covered": 0.0, "percent_covered_display": "0", "missing_lines": 1, "excluded_lines": 0, "percent_statements_covered": 0.0, "percent_statements_covered_display": "0"}, "missing_lines": [884], "excluded_lines": [], "start_line": 883}, "serve_design": {"executed_lines": [], "summary": {"covered_lines": 0, "num_statements": 1, "percent_covered": 0.0, "percent_covered_display": "0", "missing_lines": 1, "excluded_lines": 0, "percent_statements_covered": 0.0, "percent_statements_covered_display": "0"}, "missing_lines": [888], "excluded_lines": [], "start_line": 887}, "serve_hub": {"executed_lines": [], "summary": {"covered_lines": 0, "num_statements": 1, "percent_covered": 0.0, "percent_covered_display": "0", "missing_lines": 1, "excluded_lines": 0, "percent_statements_covered": 0.0, "percent_statements_covered_display": "0"}, "missing_lines": [892], "excluded_lines": [], "start_line": 891}, "serve_verify_email": {"executed_lines": [], "summary": {"covered_lines": 0, "num_statements": 1, "percent_covered": 0.0, "percent_covered_display": "0", "missing_lines": 1, "excluded_lines": 0, "percent_statements_covered": 0.0, "percent_statements_covered_display": "0"}, "missing_lines": [896], "excluded_lines": [], "start_line": 895}, "": {"executed_lines": [], "summary": {"covered_lines": 0, "num_statements": 151, "percent_covered": 0.0, "percent_covered_display": "0", "missing_lines": 151, "excluded_lines": 0, "percent_statements_covered": 0.0, "percent_statements_covered_display": "0"}, "missing_lines": [1, 2, 3, 4, 5, 6, 7, 9, 11, 17, 18, 19, 20, 21, 25, 26, 27, 29, 30, 31, 32, 33, 34, 35, 36, 38, 40, 41, 42, 43, 44, 45, 46, 47, 48, 49, 50, 51, 52, 53, 54, 55, 56, 57, 58, 59, 60, 61, 62, 63, 64, 66, 67, 70, 71, 72, 79, 80, 82, 84, 87, 89, 113, 167, 243, 270, 299, 445, 462, 535, 567, 580, 603, 653, 654, 667, 706, 707, 708, 710, 711, 716, 724, 725, 727, 737, 739, 741, 742, 746, 765, 772, 773, 783, 786, 787, 788, 789, 790, 791, 792, 793, 794, 795, 796, 797, 798, 799, 800, 801, 802, 803, 804, 808, 809, 821, 822, 832, 833, 846, 847, 850, 851, 854, 855, 858, 859, 862, 863, 866, 867, 870, 871, 874, 875, 878, 879, 882, 883, 886, 887, 890, 891, 894, 895, 900, 903, 904, 905, 906, 907], "excluded_lines": [], "start_line": 1}}, "classes": {"CacheMiddleware": {"executed_lines": [], "summary": {"covered_lines": 0, "num_statements": 13, "percent_covered": 0.0, "percent_covered_display": "0", "missing_lines": 13, "excluded_lines": 0, "percent_statements_covered": 0.0, "percent_statements_covered_display": "0"}, "missing_lines": [747, 748, 750, 751, 752, 754, 755, 756, 758, 759, 760, 761, 763], "excluded_lines": [], "start_line": 727}, "DataComplianceMiddleware": {"executed_lines": [], "summary": {"covered_lines": 0, "num_statements": 4, "percent_covered": 0.0, "percent_covered_display": "0", "missing_lines": 4, "excluded_lines": 0, "percent_statements_covered": 0.0, "percent_statements_covered_display": "0"}, "missing_lines": [774, 775, 776, 781], "excluded_lines": [], "start_line": 772}, "": {"executed_lines": [], "summary": {"covered_lines": 0, "num_statements": 541, "percent_covered": 0.0, "percent_covered_display": "0", "missing_lines": 541, "excluded_lines": 0, "percent_statements_covered": 0.0, "percent_statements_covered_display": "0"}, "missing_lines": [1, 2, 3, 4, 5, 6, 7, 9, 11, 17, 18, 19, 20, 21, 25, 26, 27, 29, 30, 31, 32, 33, 34, 35, 36, 38, 40, 41, 42, 43, 44, 45, 46, 47, 48, 49, 50, 51, 52, 53, 54, 55, 56, 57, 58, 59, 60, 61, 62, 63, 64, 66, 67, 70, 71, 72, 79, 80, 82, 84, 87, 89, 91, 92, 93, 94, 95, 96, 97, 98, 99, 100, 102, 103, 107, 108, 109, 110, 113, 115, 116, 117, 118, 119, 120, 121, 122, 123, 124, 125, 126, 127, 128, 129, 131, 137, 142, 143, 151, 152, 153, 154, 155, 156, 157, 158, 159, 161, 162, 163, 164, 167, 174, 175, 176, 177, 178, 179, 180, 181, 182, 183, 184, 185, 186, 188, 189, 190, 191, 193, 194, 195, 196, 206, 207, 208, 209, 212, 219, 226, 227, 231, 233, 234, 235, 237, 238, 239, 240, 243, 245, 246, 247, 248, 249, 250, 251, 252, 253, 254, 255, 256, 257, 258, 259, 260, 265, 266, 267, 270, 272, 273, 275, 276, 277, 278, 279, 280, 281, 282, 283, 284, 285, 286, 287, 288, 289, 290, 291, 292, 293, 294, 295, 296, 299, 300, 301, 302, 303, 304, 305, 306, 307, 308, 309, 311, 312, 318, 325, 326, 327, 328, 329, 330, 332, 333, 334, 335, 336, 337, 338, 339, 340, 341, 344, 345, 346, 347, 348, 349, 350, 351, 352, 353, 355, 361, 362, 363, 364, 365, 366, 367, 368, 369, 370, 371, 374, 375, 376, 377, 378, 379, 381, 382, 384, 385, 389, 392, 401, 402, 403, 404, 406, 407, 408, 410, 411, 412, 417, 418, 419, 421, 422, 423, 437, 438, 439, 440, 442, 443, 445, 447, 448, 449, 450, 452, 453, 454, 455, 456, 457, 458, 459, 462, 473, 503, 504, 505, 506, 508, 509, 513, 514, 516, 521, 522, 523, 524, 525, 526, 528, 529, 530, 531, 532, 535, 537, 538, 539, 540, 541, 542, 543, 544, 545, 546, 547, 548, 549, 550, 551, 562, 563, 564, 567, 569, 570, 571, 572, 573, 574, 575, 576, 577, 580, 586, 587, 588, 589, 590, 591, 592, 593, 594, 595, 596, 597, 598, 599, 600, 603, 608, 609, 610, 611, 612, 613, 614, 615, 616, 617, 618, 619, 620, 621, 622, 623, 624, 625, 627, 634, 635, 636, 638, 639, 640, 641, 642, 643, 644, 645, 647, 648, 649, 650, 653, 654, 657, 658, 659, 660, 661, 662, 663, 664, 667, 668, 669, 670, 671, 673, 674, 675, 676, 677, 678, 679, 681, 682, 683, 684, 685, 686, 687, 688, 689, 690, 692, 693, 695, 697, 699, 700, 701, 702, 703, 706, 707, 708, 710, 711, 716, 724, 725, 727, 737, 739, 741, 742, 746, 765, 772, 773, 783, 786, 787, 788, 789, 790, 791, 792, 793, 794, 795, 796, 797, 798, 799, 800, 801, 802, 803, 804, 808, 809, 810, 811, 812, 813, 814, 815, 816, 817, 818, 819, 821, 822, 827, 828, 829, 830, 832, 833, 835, 836, 837, 846, 847, 848, 850, 851, 852, 854, 855, 856, 858, 859, 860, 862, 863, 864, 866, 867, 868, 870, 871, 872, 874, 875, 876, 878, 879, 880, 882, 883, 884, 886, 887, 888, 890, 891, 892, 894, 895, 896, 900, 903, 904, 905, 906, 907], "excluded_lines": [], "start_line": 1}}}, "models.py": {"executed_lines": [1, 2, 3, 6, 7, 8, 9, 10, 11, 12, 13, 14, 15, 16, 17, 18, 19, 20, 21, 22, 23, 24, 25, 26, 27, 28, 29, 30, 31, 33, 34, 35, 36, 37, 38, 39, 41, 43, 44, 45, 46, 47, 50, 51, 52, 53, 54, 55, 56, 60, 61, 62, 63, 64, 67, 68, 69, 70, 71, 72, 73, 76, 77, 78, 79, 80, 81, 82, 83, 84, 85, 90, 91, 92, 93, 94, 95, 96, 97, 99, 100, 102, 103, 104, 105, 106, 108, 110, 111, 113, 114, 116, 117, 119, 120, 122, 123, 126, 127, 128, 129, 130, 131, 132, 133, 136, 138, 139, 140, 141, 142, 143, 145, 146, 147, 148, 149, 150, 151, 152, 153, 155, 156, 157, 158, 159, 160, 161, 162], "summary": {"covered_lines": 129, "num_statements": 129, "percent_covered": 100.0, "percent_covered_display": "100", "missing_lines": 0, "excluded_lines": 0, "percent_statements_covered": 100.0, "percent_statements_covered_display": "100"}, "missing_lines": [], "excluded_lines": [], "functions": {"": {"executed_lines": [1, 2, 3, 6, 7, 8, 9, 10, 11, 12, 13, 14, 15, 16, 17, 18, 19, 20, 21, 22, 23, 24, 25, 26, 27, 28, 29, 30, 31, 33, 34, 35, 36, 37, 38, 39, 41, 43, 44, 45, 46, 47, 50, 51, 52, 53, 54, 55, 56, 60, 61, 62, 63, 64, 67, 68, 69, 70, 71, 72, 73, 76, 77, 78, 79, 80, 81, 82, 83, 84, 85, 90, 91, 92, 93, 94, 95, 96, 97, 99, 100, 102, 103, 104, 105, 106, 108, 110, 111, 113, 114, 116, 117, 119, 120, 122, 123, 126, 127, 128, 129, 130, 131, 132, 133, 136, 138, 139, 140, 141, 142, 143, 145, 146, 147, 148, 149, 150, 151, 152, 153, 155, 156, 157, 158, 159, 160, 161, 162], "summary": {"covered_lines": 129, "num_statements": 129, "percent_covered": 100.0, "percent_covered_display": "100", "missing_lines": 0, "excluded_lines": 0, "percent_statements_covered": 100.0, "percent_statements_covered_display": "100"}, "missing_lines": [], "excluded_lines": [], "start_line": 1}}, "classes": {"Signal": {"executed_lines": [], "summary": {"covered_lines": 0, "num_statements": 0, "percent_covered": 100.0, "percent_covered_display": "100", "missing_lines": 0, "excluded_lines": 0, "percent_statements_covered": 100.0, "percent_statements_covered_display": "100"}, "missing_lines": [], "excluded_lines": [], "start_line": 6}, "SendLog": {"executed_lines": [], "summary": {"covered_lines": 0, "num_statements": 0, "percent_covered": 100.0, "percent_covered_display": "100", "missing_lines": 0, "excluded_lines": 0, "percent_statements_covered": 100.0, "percent_statements_covered_display": "100"}, "missing_lines": [], "excluded_lines": [], "start_line": 50}, "AppSettings": {"executed_lines": [], "summary": {"covered_lines": 0, "num_statements": 0, "percent_covered": 100.0, "percent_covered_display": "100", "missing_lines": 0, "excluded_lines": 0, "percent_statements_covered": 100.0, "percent_statements_covered_display": "100"}, "missing_lines": [], "excluded_lines": [], "start_line": 60}, "WatchlistItem": {"executed_lines": [], "summary": {"covered_lines": 0, "num_statements": 0, "percent_covered": 100.0, "percent_covered_display": "100", "missing_lines": 0, "excluded_lines": 0, "percent_statements_covered": 100.0, "percent_statements_covered_display": "100"}, "missing_lines": [], "excluded_lines": [], "start_line": 67}, "Source": {"executed_lines": [], "summary": {"covered_lines": 0, "num_statements": 0, "percent_covered": 100.0, "percent_covered_display": "100", "missing_lines": 0, "excluded_lines": 0, "percent_statements_covered": 100.0, "percent_statements_covered_display": "100"}, "missing_lines": [], "excluded_lines": [], "start_line": 76}, "User": {"executed_lines": [], "summary": {"covered_lines": 0, "num_statements": 0, "percent_covered": 100.0, "percent_covered_display": "100", "missing_lines": 0, "excluded_lines": 0, "percent_statements_covered": 100.0, "percent_statements_covered_display": "100"}, "missing_lines": [], "excluded_lines": [], "start_line": 90}, "RefreshToken": {"executed_lines": [], "summary": {"covered_lines": 0, "num_statements": 0, "percent_covered": 100.0, "percent_covered_display": "100", "missing_lines": 0, "excluded_lines": 0, "percent_statements_covered": 100.0, "percent_statements_covered_display": "100"}, "missing_lines": [], "excluded_lines": [], "start_line": 126}, "SignalDelivery": {"executed_lines": [], "summary": {"covered_lines": 0, "num_statements": 0, "percent_covered": 100.0, "percent_covered_display": "100", "missing_lines": 0, "excluded_lines": 0, "percent_statements_covered": 100.0, "percent_statements_covered_display": "100"}, "missing_lines": [], "excluded_lines": [], "start_line": 136}, "PriceAlert": {"executed_lines": [], "summary": {"covered_lines": 0, "num_statements": 0, "percent_covered": 100.0, "percent_covered_display": "100", "missing_lines": 0, "excluded_lines": 0, "percent_statements_covered": 100.0, "percent_statements_covered_display": "100"}, "missing_lines": [], "excluded_lines": [], "start_line": 145}, "PushSubscription": {"executed_lines": [], "summary": {"covered_lines": 0, "num_statements": 0, "percent_covered": 100.0, "percent_covered_display": "100", "missing_lines": 0, "excluded_lines": 0, "percent_statements_covered": 100.0, "percent_statements_covered_display": "100"}, "missing_lines": [], "excluded_lines": [], "start_line": 155}, "": {"executed_lines": [1, 2, 3, 6, 7, 8, 9, 10, 11, 12, 13, 14, 15, 16, 17, 18, 19, 20, 21, 22, 23, 24, 25, 26, 27, 28, 29, 30, 31, 33, 34, 35, 36, 37, 38, 39, 41, 43, 44, 45, 46, 47, 50, 51, 52, 53, 54, 55, 56, 60, 61, 62, 63, 64, 67, 68, 69, 70, 71, 72, 73, 76, 77, 78, 79, 80, 81, 82, 83, 84, 85, 90, 91, 92, 93, 94, 95, 96, 97, 99, 100, 102, 103, 104, 105, 106, 108, 110, 111, 113, 114, 116, 117, 119, 120, 122, 123, 126, 127, 128, 129, 130, 131, 132, 133, 136, 138, 139, 140, 141, 142, 143, 145, 146, 147, 148, 149, 150, 151, 152, 153, 155, 156, 157, 158, 159, 160, 161, 162], "summary": {"covered_lines": 129, "num_statements": 129, "percent_covered": 100.0, "percent_covered_display": "100", "missing_lines": 0, "excluded_lines": 0, "percent_statements_covered": 100.0, "percent_statements_covered_display": "100"}, "missing_lines": [], "excluded_lines": [], "start_line": 1}}}, "routers/__init__.py": {"executed_lines": [], "summary": {"covered_lines": 0, "num_statements": 0, "percent_covered": 100.0, "percent_covered_display": "100", "missing_lines": 0, "excluded_lines": 0, "percent_statements_covered": 100.0, "percent_statements_covered_display": "100"}, "missing_lines": [], "excluded_lines": [], "functions": {"": {"executed_lines": [], "summary": {"covered_lines": 0, "num_statements": 0, "percent_covered": 100.0, "percent_covered_display": "100", "missing_lines": 0, "excluded_lines": 0, "percent_statements_covered": 100.0, "percent_statements_covered_display": "100"}, "missing_lines": [], "excluded_lines": [], "start_line": 1}}, "classes": {"": {"executed_lines": [], "summary": {"covered_lines": 0, "num_statements": 0, "percent_covered": 100.0, "percent_covered_display": "100", "missing_lines": 0, "excluded_lines": 0, "percent_statements_covered": 100.0, "percent_statements_covered_display": "100"}, "missing_lines": [], "excluded_lines": [], "start_line": 1}}}, "routers/accuracy.py": {"executed_lines": [], "summary": {"covered_lines": 0, "num_statements": 55, "percent_covered": 0.0, "percent_covered_display": "0", "missing_lines": 55, "excluded_lines": 0, "percent_statements_covered": 0.0, "percent_statements_covered_display": "0"}, "missing_lines": [5, 6, 8, 9, 10, 12, 13, 14, 16, 17, 20, 21, 26, 30, 32, 34, 35, 36, 37, 38, 39, 40, 41, 42, 43, 44, 45, 46, 47, 49, 50, 51, 52, 59, 62, 63, 68, 72, 74, 75, 76, 77, 78, 79, 80, 81, 82, 83, 84, 86, 87, 88, 89, 90, 98], "excluded_lines": [], "functions": {"source_accuracy": {"executed_lines": [], "summary": {"covered_lines": 0, "num_statements": 22, "percent_covered": 0.0, "percent_covered_display": "0", "missing_lines": 22, "excluded_lines": 0, "percent_statements_covered": 0.0, "percent_statements_covered_display": "0"}, "missing_lines": [26, 30, 32, 34, 35, 36, 37, 38, 39, 40, 41, 42, 43, 44, 45, 46, 47, 49, 50, 51, 52, 59], "excluded_lines": [], "start_line": 21}, "ticker_accuracy": {"executed_lines": [], "summary": {"covered_lines": 0, "num_statements": 19, "percent_covered": 0.0, "percent_covered_display": "0", "missing_lines": 19, "excluded_lines": 0, "percent_statements_covered": 0.0, "percent_statements_covered_display": "0"}, "missing_lines": [68, 72, 74, 75, 76, 77, 78, 79, 80, 81, 82, 83, 84, 86, 87, 88, 89, 90, 98], "excluded_lines": [], "start_line": 63}, "": {"executed_lines": [], "summary": {"covered_lines": 0, "num_statements": 14, "percent_covered": 0.0, "percent_covered_display": "0", "missing_lines": 14, "excluded_lines": 0, "percent_statements_covered": 0.0, "percent_statements_covered_display": "0"}, "missing_lines": [5, 6, 8, 9, 10, 12, 13, 14, 16, 17, 20, 21, 62, 63], "excluded_lines": [], "start_line": 1}}, "classes": {"": {"executed_lines": [], "summary": {"covered_lines": 0, "num_statements": 55, "percent_covered": 0.0, "percent_covered_display": "0", "missing_lines": 55, "excluded_lines": 0, "percent_statements_covered": 0.0, "percent_statements_covered_display": "0"}, "missing_lines": [5, 6, 8, 9, 10, 12, 13, 14, 16, 17, 20, 21, 26, 30, 32, 34, 35, 36, 37, 38, 39, 40, 41, 42, 43, 44, 45, 46, 47, 49, 50, 51, 52, 59, 62, 63, 68, 72, 74, 75, 76, 77, 78, 79, 80, 81, 82, 83, 84, 86, 87, 88, 89, 90, 98], "excluded_lines": [], "start_line": 1}}}, "routers/admin.py": {"executed_lines": [], "summary": {"covered_lines": 0, "num_statements": 148, "percent_covered": 0.0, "percent_covered_display": "0", "missing_lines": 148, "excluded_lines": 0, "percent_statements_covered": 0.0, "percent_statements_covered_display": "0"}, "missing_lines": [5, 6, 8, 9, 10, 12, 13, 14, 15, 17, 18, 21, 22, 23, 24, 29, 30, 32, 33, 119, 120, 131, 132, 136, 139, 156, 157, 161, 162, 163, 166, 171, 176, 181, 184, 185, 188, 189, 190, 197, 203, 222, 224, 225, 226, 229, 230, 237, 238, 239, 240, 241, 242, 243, 244, 245, 246, 247, 248, 251, 252, 257, 259, 262, 263, 264, 265, 266, 267, 269, 270, 271, 274, 275, 276, 277, 278, 279, 280, 283, 284, 285, 286, 287, 288, 289, 292, 293, 294, 295, 296, 297, 300, 301, 302, 303, 304, 305, 308, 309, 310, 311, 312, 313, 314, 315, 316, 317, 318, 319, 320, 323, 324, 325, 326, 328, 329, 330, 331, 332, 334, 337, 338, 343, 344, 345, 346, 347, 348, 349, 350, 351, 356, 357, 365, 367, 368, 369, 376, 377, 383, 385, 386, 387, 388, 389, 391, 393], "excluded_lines": [], "functions": {"_require_owner": {"executed_lines": [], "summary": {"covered_lines": 0, "num_statements": 3, "percent_covered": 0.0, "percent_covered_display": "0", "missing_lines": 3, "excluded_lines": 0, "percent_statements_covered": 0.0, "percent_statements_covered_display": "0"}, "missing_lines": [22, 23, 24], "excluded_lines": [], "start_line": 21}, "setup_status": {"executed_lines": [], "summary": {"covered_lines": 0, "num_statements": 4, "percent_covered": 0.0, "percent_covered_display": "0", "missing_lines": 4, "excluded_lines": 0, "percent_statements_covered": 0.0, "percent_statements_covered_display": "0"}, "missing_lines": [32, 33, 119, 120], "excluded_lines": [], "start_line": 30}, "list_users": {"executed_lines": [], "summary": {"covered_lines": 0, "num_statements": 2, "percent_covered": 0.0, "percent_covered_display": "0", "missing_lines": 2, "excluded_lines": 0, "percent_statements_covered": 0.0, "percent_statements_covered_display": "0"}, "missing_lines": [136, 139], "excluded_lines": [], "start_line": 132}, "admin_stats": {"executed_lines": [], "summary": {"covered_lines": 0, "num_statements": 14, "percent_covered": 0.0, "percent_covered_display": "0", "missing_lines": 14, "excluded_lines": 0, "percent_statements_covered": 0.0, "percent_statements_covered_display": "0"}, "missing_lines": [161, 162, 163, 166, 171, 176, 181, 184, 185, 188, 189, 190, 197, 203], "excluded_lines": [], "start_line": 157}, "set_user_tier": {"executed_lines": [], "summary": {"covered_lines": 0, "num_statements": 12, "percent_covered": 0.0, "percent_covered_display": "0", "missing_lines": 12, "excluded_lines": 0, "percent_statements_covered": 0.0, "percent_statements_covered_display": "0"}, "missing_lines": [237, 238, 239, 240, 241, 242, 243, 244, 245, 246, 247, 248], "excluded_lines": [], "start_line": 230}, "rate_limit_dashboard": {"executed_lines": [], "summary": {"covered_lines": 0, "num_statements": 60, "percent_covered": 0.0, "percent_covered_display": "0", "missing_lines": 60, "excluded_lines": 0, "percent_statements_covered": 0.0, "percent_statements_covered_display": "0"}, "missing_lines": [257, 259, 262, 263, 264, 265, 266, 267, 269, 270, 271, 274, 275, 276, 277, 278, 279, 280, 283, 284, 285, 286, 287, 288, 289, 292, 293, 294, 295, 296, 297, 300, 301, 302, 303, 304, 305, 308, 309, 310, 311, 312, 313, 314, 315, 316, 317, 318, 319, 320, 323, 324, 325, 326, 328, 329, 330, 331, 332, 334], "excluded_lines": [], "start_line": 252}, "delete_user": {"executed_lines": [], "summary": {"covered_lines": 0, "num_statements": 9, "percent_covered": 0.0, "percent_covered_display": "0", "missing_lines": 9, "excluded_lines": 0, "percent_statements_covered": 0.0, "percent_statements_covered_display": "0"}, "missing_lines": [343, 344, 345, 346, 347, 348, 349, 350, 351], "excluded_lines": [], "start_line": 338}, "delivery_sla": {"executed_lines": [], "summary": {"covered_lines": 0, "num_statements": 14, "percent_covered": 0.0, "percent_covered_display": "0", "missing_lines": 14, "excluded_lines": 0, "percent_statements_covered": 0.0, "percent_statements_covered_display": "0"}, "missing_lines": [365, 367, 368, 369, 376, 377, 383, 385, 386, 387, 388, 389, 391, 393], "excluded_lines": [], "start_line": 357}, "": {"executed_lines": [], "summary": {"covered_lines": 0, "num_statements": 30, "percent_covered": 0.0, "percent_covered_display": "0", "missing_lines": 30, "excluded_lines": 0, "percent_statements_covered": 0.0, "percent_statements_covered_display": "0"}, "missing_lines": [5, 6, 8, 9, 10, 12, 13, 14, 15, 17, 18, 21, 29, 30, 131, 132, 156, 157, 222, 224, 225, 226, 229, 230, 251, 252, 337, 338, 356, 357], "excluded_lines": [], "start_line": 1}}, "classes": {"_SetTierIn": {"executed_lines": [], "summary": {"covered_lines": 0, "num_statements": 0, "percent_covered": 100.0, "percent_covered_display": "100", "missing_lines": 0, "excluded_lines": 0, "percent_statements_covered": 100.0, "percent_statements_covered_display": "100"}, "missing_lines": [], "excluded_lines": [], "start_line": 224}, "": {"executed_lines": [], "summary": {"covered_lines": 0, "num_statements": 148, "percent_covered": 0.0, "percent_covered_display": "0", "missing_lines": 148, "excluded_lines": 0, "percent_statements_covered": 0.0, "percent_statements_covered_display": "0"}, "missing_lines": [5, 6, 8, 9, 10, 12, 13, 14, 15, 17, 18, 21, 22, 23, 24, 29, 30, 32, 33, 119, 120, 131, 132, 136, 139, 156, 157, 161, 162, 163, 166, 171, 176, 181, 184, 185, 188, 189, 190, 197, 203, 222, 224, 225, 226, 229, 230, 237, 238, 239, 240, 241, 242, 243, 244, 245, 246, 247, 248, 251, 252, 257, 259, 262, 263, 264, 265, 266, 267, 269, 270, 271, 274, 275, 276, 277, 278, 279, 280, 283, 284, 285, 286, 287, 288, 289, 292, 293, 294, 295, 296, 297, 300, 301, 302, 303, 304, 305, 308, 309, 310, 311, 312, 313, 314, 315, 316, 317, 318, 319, 320, 323, 324, 325, 326, 328, 329, 330, 331, 332, 334, 337, 338, 343, 344, 345, 346, 347, 348, 349, 350, 351, 356, 357, 365, 367, 368, 369, 376, 377, 383, 385, 386, 387, 388, 389, 391, 393], "excluded_lines": [], "start_line": 1}}}, "routers/auth.py": {"executed_lines": [5, 6, 7, 8, 10, 11, 12, 13, 14, 15, 17, 19, 20, 21, 22, 32, 34, 35, 37, 42, 45, 47, 48, 49, 50, 51, 52, 53, 54, 56, 58, 59, 60, 61, 62, 63, 65, 67, 68, 69, 70, 71, 72, 73, 76, 81, 85, 86, 87, 95, 99, 105, 110, 111, 112, 121, 122, 125, 126, 127, 128, 129, 130, 131, 132, 133, 134, 139, 140, 141, 148, 149, 150, 151, 196, 197, 198, 199, 200, 201, 202, 203, 204, 205, 206, 208, 209, 210, 212, 213, 216, 217, 222, 223, 251, 252, 254, 255, 258, 259, 260, 263, 264, 305, 306, 307, 310, 311, 313, 314, 315, 324, 325, 336, 337, 349, 350, 360, 361, 370, 371, 372, 373, 374, 375, 377, 378, 379, 380, 382, 384, 385, 386, 387, 390, 393, 394, 395, 396, 397, 398, 399, 400, 401, 402, 403, 404, 405, 406, 408, 409, 410, 411, 414, 415, 442, 443, 446, 447, 455, 456, 457, 458, 459, 469, 470, 489, 490, 491, 494, 495, 542, 546, 547, 548], "summary": {"covered_lines": 175, "num_statements": 337, "percent_covered": 51.92878338278932, "percent_covered_display": "52", "missing_lines": 162, "excluded_lines": 0, "percent_statements_covered": 51.92878338278932, "percent_statements_covered_display": "52"}, "missing_lines": [55, 64, 88, 89, 90, 91, 92, 154, 155, 156, 157, 158, 160, 161, 163, 164, 166, 175, 176, 177, 179, 180, 181, 182, 183, 185, 186, 189, 190, 191, 192, 193, 219, 224, 225, 226, 227, 228, 229, 230, 237, 238, 239, 241, 242, 243, 246, 247, 248, 270, 271, 274, 275, 276, 277, 278, 279, 280, 281, 282, 283, 286, 287, 288, 289, 290, 291, 292, 293, 296, 299, 300, 301, 302, 316, 317, 318, 319, 320, 321, 330, 331, 332, 333, 342, 343, 344, 345, 346, 355, 356, 357, 365, 366, 367, 383, 388, 389, 420, 421, 423, 424, 427, 428, 433, 434, 472, 473, 474, 475, 476, 477, 478, 479, 480, 482, 483, 484, 486, 506, 507, 508, 509, 510, 511, 512, 513, 514, 515, 517, 518, 519, 520, 521, 522, 523, 524, 526, 527, 528, 529, 530, 531, 532, 533, 534, 535, 550, 551, 552, 553, 555, 556, 557, 558, 559, 560, 561, 562, 563, 564, 565], "excluded_lines": [], "functions": {"RegisterIn.email_format": {"executed_lines": [50, 51, 52, 53, 54, 56], "summary": {"covered_lines": 6, "num_statements": 7, "percent_covered": 85.71428571428571, "percent_covered_display": "86", "missing_lines": 1, "excluded_lines": 0, "percent_statements_covered": 85.71428571428571, "percent_statements_covered_display": "86"}, "missing_lines": [55], "excluded_lines": [], "start_line": 49}, "RegisterIn.pw_strength": {"executed_lines": [61, 62, 63, 65], "summary": {"covered_lines": 4, "num_statements": 5, "percent_covered": 80.0, "percent_covered_display": "80", "missing_lines": 1, "excluded_lines": 0, "percent_statements_covered": 80.0, "percent_statements_covered_display": "80"}, "missing_lines": [64], "excluded_lines": [], "start_line": 60}, "RegisterIn.name_length": {"executed_lines": [70, 71, 72, 73], "summary": {"covered_lines": 4, "num_statements": 4, "percent_covered": 100.0, "percent_covered_display": "100", "missing_lines": 0, "excluded_lines": 0, "percent_statements_covered": 100.0, "percent_statements_covered_display": "100"}, "missing_lines": [], "excluded_lines": [], "start_line": 69}, "ChangePasswordIn.pw_strength": {"executed_lines": [], "summary": {"covered_lines": 0, "num_statements": 5, "percent_covered": 0.0, "percent_covered_display": "0", "missing_lines": 5, "excluded_lines": 0, "percent_statements_covered": 0.0, "percent_statements_covered_display": "0"}, "missing_lines": [88, 89, 90, 91, 92], "excluded_lines": [], "start_line": 87}, "_set_refresh_cookie": {"executed_lines": [111, 112], "summary": {"covered_lines": 2, "num_statements": 2, "percent_covered": 100.0, "percent_covered_display": "100", "missing_lines": 0, "excluded_lines": 0, "percent_statements_covered": 100.0, "percent_statements_covered_display": "100"}, "missing_lines": [], "excluded_lines": [], "start_line": 110}, "_clear_refresh_cookie": {"executed_lines": [122], "summary": {"covered_lines": 1, "num_statements": 1, "percent_covered": 100.0, "percent_covered_display": "100", "missing_lines": 0, "excluded_lines": 0, "percent_statements_covered": 100.0, "percent_statements_covered_display": "100"}, "missing_lines": [], "excluded_lines": [], "start_line": 121}, "_create_tokens": {"executed_lines": [126, 127, 128, 129, 130, 131, 132, 133, 134], "summary": {"covered_lines": 9, "num_statements": 9, "percent_covered": 100.0, "percent_covered_display": "100", "missing_lines": 0, "excluded_lines": 0, "percent_statements_covered": 100.0, "percent_statements_covered_display": "100"}, "missing_lines": [], "excluded_lines": [], "start_line": 125}, "register": {"executed_lines": [148, 149, 150, 151], "summary": {"covered_lines": 4, "num_statements": 29, "percent_covered": 13.793103448275861, "percent_covered_display": "14", "missing_lines": 25, "excluded_lines": 0, "percent_statements_covered": 13.793103448275861, "percent_statements_covered_display": "14"}, "missing_lines": [154, 155, 156, 157, 158, 160, 161, 163, 164, 166, 175, 176, 177, 179, 180, 181, 182, 183, 185, 186, 189, 190, 191, 192, 193], "excluded_lines": [], "start_line": 141}, "login": {"executed_lines": [199, 200, 201, 202, 203, 204, 205, 206, 208, 209, 210, 212, 213], "summary": {"covered_lines": 13, "num_statements": 13, "percent_covered": 100.0, "percent_covered_display": "100", "missing_lines": 0, "excluded_lines": 0, "percent_statements_covered": 100.0, "percent_statements_covered_display": "100"}, "missing_lines": [], "excluded_lines": [], "start_line": 198}, "refresh_token": {"executed_lines": [], "summary": {"covered_lines": 0, "num_statements": 1, "percent_covered": 0.0, "percent_covered_display": "0", "missing_lines": 1, "excluded_lines": 0, "percent_statements_covered": 0.0, "percent_statements_covered_display": "0"}, "missing_lines": [219], "excluded_lines": [], "start_line": 217}, "refresh_cookie": {"executed_lines": [], "summary": {"covered_lines": 0, "num_statements": 16, "percent_covered": 0.0, "percent_covered_display": "0", "missing_lines": 16, "excluded_lines": 0, "percent_statements_covered": 0.0, "percent_statements_covered_display": "0"}, "missing_lines": [224, 225, 226, 227, 228, 229, 230, 237, 238, 239, 241, 242, 243, 246, 247, 248], "excluded_lines": [], "start_line": 223}, "logout": {"executed_lines": [254, 255, 258, 259, 260], "summary": {"covered_lines": 5, "num_statements": 5, "percent_covered": 100.0, "percent_covered_display": "100", "missing_lines": 0, "excluded_lines": 0, "percent_statements_covered": 100.0, "percent_statements_covered_display": "100"}, "missing_lines": [], "excluded_lines": [], "start_line": 252}, "delete_account": {"executed_lines": [], "summary": {"covered_lines": 0, "num_statements": 25, "percent_covered": 0.0, "percent_covered_display": "0", "missing_lines": 25, "excluded_lines": 0, "percent_statements_covered": 0.0, "percent_statements_covered_display": "0"}, "missing_lines": [270, 271, 274, 275, 276, 277, 278, 279, 280, 281, 282, 283, 286, 287, 288, 289, 290, 291, 292, 293, 296, 299, 300, 301, 302], "excluded_lines": [], "start_line": 264}, "get_me": {"executed_lines": [307], "summary": {"covered_lines": 1, "num_statements": 1, "percent_covered": 100.0, "percent_covered_display": "100", "missing_lines": 0, "excluded_lines": 0, "percent_statements_covered": 100.0, "percent_statements_covered_display": "100"}, "missing_lines": [], "excluded_lines": [], "start_line": 306}, "UpdateMeIn.name_length": {"executed_lines": [], "summary": {"covered_lines": 0, "num_statements": 6, "percent_covered": 0.0, "percent_covered_display": "0", "missing_lines": 6, "excluded_lines": 0, "percent_statements_covered": 0.0, "percent_statements_covered_display": "0"}, "missing_lines": [316, 317, 318, 319, 320, 321], "excluded_lines": [], "start_line": 315}, "update_me": {"executed_lines": [], "summary": {"covered_lines": 0, "num_statements": 4, "percent_covered": 0.0, "percent_covered_display": "0", "missing_lines": 4, "excluded_lines": 0, "percent_statements_covered": 0.0, "percent_statements_covered_display": "0"}, "missing_lines": [330, 331, 332, 333], "excluded_lines": [], "start_line": 325}, "change_password": {"executed_lines": [], "summary": {"covered_lines": 0, "num_statements": 5, "percent_covered": 0.0, "percent_covered_display": "0", "missing_lines": 5, "excluded_lines": 0, "percent_statements_covered": 0.0, "percent_statements_covered_display": "0"}, "missing_lines": [342, 343, 344, 345, 346], "excluded_lines": [], "start_line": 337}, "regenerate_telegram_code": {"executed_lines": [], "summary": {"covered_lines": 0, "num_statements": 3, "percent_covered": 0.0, "percent_covered_display": "0", "missing_lines": 3, "excluded_lines": 0, "percent_statements_covered": 0.0, "percent_statements_covered_display": "0"}, "missing_lines": [355, 356, 357], "excluded_lines": [], "start_line": 350}, "unlink_telegram": {"executed_lines": [], "summary": {"covered_lines": 0, "num_statements": 3, "percent_covered": 0.0, "percent_covered_display": "0", "missing_lines": 3, "excluded_lines": 0, "percent_statements_covered": 0.0, "percent_statements_covered_display": "0"}, "missing_lines": [365, 366, 367], "excluded_lines": [], "start_line": 361}, "forgot_password": {"executed_lines": [373, 374, 375, 377, 378, 379, 380, 382, 384, 385, 386, 387, 390], "summary": {"covered_lines": 13, "num_statements": 16, "percent_covered": 81.25, "percent_covered_display": "81", "missing_lines": 3, "excluded_lines": 0, "percent_statements_covered": 81.25, "percent_statements_covered_display": "81"}, "missing_lines": [383, 388, 389], "excluded_lines": [], "start_line": 372}, "reset_password": {"executed_lines": [396, 397, 398, 399, 400, 401, 402, 403, 404, 405, 406, 408, 409, 410, 411], "summary": {"covered_lines": 15, "num_statements": 15, "percent_covered": 100.0, "percent_covered_display": "100", "missing_lines": 0, "excluded_lines": 0, "percent_statements_covered": 100.0, "percent_statements_covered_display": "100"}, "missing_lines": [], "excluded_lines": [], "start_line": 395}, "get_referral_info": {"executed_lines": [], "summary": {"covered_lines": 0, "num_statements": 8, "percent_covered": 0.0, "percent_covered_display": "0", "missing_lines": 8, "excluded_lines": 0, "percent_statements_covered": 0.0, "percent_statements_covered_display": "0"}, "missing_lines": [420, 421, 423, 424, 427, 428, 433, 434], "excluded_lines": [], "start_line": 415}, "update_signal_prefs": {"executed_lines": [455, 456, 457, 458, 459], "summary": {"covered_lines": 5, "num_statements": 5, "percent_covered": 100.0, "percent_covered_display": "100", "missing_lines": 0, "excluded_lines": 0, "percent_statements_covered": 100.0, "percent_statements_covered_display": "100"}, "missing_lines": [], "excluded_lines": [], "start_line": 447}, "verify_email": {"executed_lines": [], "summary": {"covered_lines": 0, "num_statements": 13, "percent_covered": 0.0, "percent_covered_display": "0", "missing_lines": 13, "excluded_lines": 0, "percent_statements_covered": 0.0, "percent_statements_covered_display": "0"}, "missing_lines": [472, 473, 474, 475, 476, 477, 478, 479, 480, 482, 483, 484, 486], "excluded_lines": [], "start_line": 470}, "update_integrations": {"executed_lines": [], "summary": {"covered_lines": 0, "num_statements": 28, "percent_covered": 0.0, "percent_covered_display": "0", "missing_lines": 28, "excluded_lines": 0, "percent_statements_covered": 0.0, "percent_statements_covered_display": "0"}, "missing_lines": [506, 507, 508, 509, 510, 511, 512, 513, 514, 515, 517, 518, 519, 520, 521, 522, 523, 524, 526, 527, 528, 529, 530, 531, 532, 533, 534, 535], "excluded_lines": [], "start_line": 495}, "resend_verification": {"executed_lines": [], "summary": {"covered_lines": 0, "num_statements": 15, "percent_covered": 0.0, "percent_covered_display": "0", "missing_lines": 15, "excluded_lines": 0, "percent_statements_covered": 0.0, "percent_statements_covered_display": "0"}, "missing_lines": [550, 551, 552, 553, 555, 556, 557, 558, 559, 560, 561, 562, 563, 564, 565], "excluded_lines": [], "start_line": 548}, "": {"executed_lines": [5, 6, 7, 8, 10, 11, 12, 13, 14, 15, 17, 19, 20, 21, 22, 32, 34, 35, 37, 42, 45, 47, 48, 49, 58, 59, 60, 67, 68, 69, 76, 81, 85, 86, 87, 95, 99, 105, 110, 121, 125, 139, 140, 141, 196, 197, 198, 216, 217, 222, 223, 251, 252, 263, 264, 305, 306, 310, 311, 313, 314, 315, 324, 325, 336, 337, 349, 350, 360, 361, 370, 371, 372, 393, 394, 395, 414, 415, 442, 443, 446, 447, 469, 470, 489, 490, 491, 494, 495, 542, 546, 547, 548], "summary": {"covered_lines": 93, "num_statements": 93, "percent_covered": 100.0, "percent_covered_display": "100", "missing_lines": 0, "excluded_lines": 0, "percent_statements_covered": 100.0, "percent_statements_covered_display": "100"}, "missing_lines": [], "excluded_lines": [], "start_line": 1}}, "classes": {"RegisterIn": {"executed_lines": [50, 51, 52, 53, 54, 56, 61, 62, 63, 65, 70, 71, 72, 73], "summary": {"covered_lines": 14, "num_statements": 16, "percent_covered": 87.5, "percent_covered_display": "88", "missing_lines": 2, "excluded_lines": 0, "percent_statements_covered": 87.5, "percent_statements_covered_display": "88"}, "missing_lines": [55, 64], "excluded_lines": [], "start_line": 42}, "LoginIn": {"executed_lines": [], "summary": {"covered_lines": 0, "num_statements": 0, "percent_covered": 100.0, "percent_covered_display": "100", "missing_lines": 0, "excluded_lines": 0, "percent_statements_covered": 100.0, "percent_statements_covered_display": "100"}, "missing_lines": [], "excluded_lines": [], "start_line": 76}, "ChangePasswordIn": {"executed_lines": [], "summary": {"covered_lines": 0, "num_statements": 5, "percent_covered": 0.0, "percent_covered_display": "0", "missing_lines": 5, "excluded_lines": 0, "percent_statements_covered": 0.0, "percent_statements_covered_display": "0"}, "missing_lines": [88, 89, 90, 91, 92], "excluded_lines": [], "start_line": 81}, "ForgotPasswordIn": {"executed_lines": [], "summary": {"covered_lines": 0, "num_statements": 0, "percent_covered": 100.0, "percent_covered_display": "100", "missing_lines": 0, "excluded_lines": 0, "percent_statements_covered": 100.0, "percent_statements_covered_display": "100"}, "missing_lines": [], "excluded_lines": [], "start_line": 95}, "ResetPasswordIn": {"executed_lines": [], "summary": {"covered_lines": 0, "num_statements": 0, "percent_covered": 100.0, "percent_covered_display": "100", "missing_lines": 0, "excluded_lines": 0, "percent_statements_covered": 100.0, "percent_statements_covered_display": "100"}, "missing_lines": [], "excluded_lines": [], "start_line": 99}, "UpdateMeIn": {"executed_lines": [], "summary": {"covered_lines": 0, "num_statements": 6, "percent_covered": 0.0, "percent_covered_display": "0", "missing_lines": 6, "excluded_lines": 0, "percent_statements_covered": 0.0, "percent_statements_covered_display": "0"}, "missing_lines": [316, 317, 318, 319, 320, 321], "excluded_lines": [], "start_line": 310}, "SignalPrefsIn": {"executed_lines": [], "summary": {"covered_lines": 0, "num_statements": 0, "percent_covered": 100.0, "percent_covered_display": "100", "missing_lines": 0, "excluded_lines": 0, "percent_statements_covered": 100.0, "percent_statements_covered_display": "100"}, "missing_lines": [], "excluded_lines": [], "start_line": 442}, "IntegrationsIn": {"executed_lines": [], "summary": {"covered_lines": 0, "num_statements": 0, "percent_covered": 100.0, "percent_covered_display": "100", "missing_lines": 0, "excluded_lines": 0, "percent_statements_covered": 100.0, "percent_statements_covered_display": "100"}, "missing_lines": [], "excluded_lines": [], "start_line": 489}, "ResendVerificationIn": {"executed_lines": [], "summary": {"covered_lines": 0, "num_statements": 0, "percent_covered": 100.0, "percent_covered_display": "100", "missing_lines": 0, "excluded_lines": 0, "percent_statements_covered": 100.0, "percent_statements_covered_display": "100"}, "missing_lines": [], "excluded_lines": [], "start_line": 542}, "": {"executed_lines": [5, 6, 7, 8, 10, 11, 12, 13, 14, 15, 17, 19, 20, 21, 22, 32, 34, 35, 37, 42, 45, 47, 48, 49, 58, 59, 60, 67, 68, 69, 76, 81, 85, 86, 87, 95, 99, 105, 110, 111, 112, 121, 122, 125, 126, 127, 128, 129, 130, 131, 132, 133, 134, 139, 140, 141, 148, 149, 150, 151, 196, 197, 198, 199, 200, 201, 202, 203, 204, 205, 206, 208, 209, 210, 212, 213, 216, 217, 222, 223, 251, 252, 254, 255, 258, 259, 260, 263, 264, 305, 306, 307, 310, 311, 313, 314, 315, 324, 325, 336, 337, 349, 350, 360, 361, 370, 371, 372, 373, 374, 375, 377, 378, 379, 380, 382, 384, 385, 386, 387, 390, 393, 394, 395, 396, 397, 398, 399, 400, 401, 402, 403, 404, 405, 406, 408, 409, 410, 411, 414, 415, 442, 443, 446, 447, 455, 456, 457, 458, 459, 469, 470, 489, 490, 491, 494, 495, 542, 546, 547, 548], "summary": {"covered_lines": 161, "num_statements": 310, "percent_covered": 51.935483870967744, "percent_covered_display": "52", "missing_lines": 149, "excluded_lines": 0, "percent_statements_covered": 51.935483870967744, "percent_statements_covered_display": "52"}, "missing_lines": [154, 155, 156, 157, 158, 160, 161, 163, 164, 166, 175, 176, 177, 179, 180, 181, 182, 183, 185, 186, 189, 190, 191, 192, 193, 219, 224, 225, 226, 227, 228, 229, 230, 237, 238, 239, 241, 242, 243, 246, 247, 248, 270, 271, 274, 275, 276, 277, 278, 279, 280, 281, 282, 283, 286, 287, 288, 289, 290, 291, 292, 293, 296, 299, 300, 301, 302, 330, 331, 332, 333, 342, 343, 344, 345, 346, 355, 356, 357, 365, 366, 367, 383, 388, 389, 420, 421, 423, 424, 427, 428, 433, 434, 472, 473, 474, 475, 476, 477, 478, 479, 480, 482, 483, 484, 486, 506, 507, 508, 509, 510, 511, 512, 513, 514, 515, 517, 518, 519, 520, 521, 522, 523, 524, 526, 527, 528, 529, 530, 531, 532, 533, 534, 535, 550, 551, 552, 553, 555, 556, 557, 558, 559, 560, 561, 562, 563, 564, 565], "excluded_lines": [], "start_line": 1}}}, "routers/billing.py": {"executed_lines": [5, 6, 7, 9, 10, 11, 12, 14, 15, 16, 17, 18, 24, 25, 27, 28, 29, 31, 37, 38, 39, 40, 43, 44, 45, 50, 51, 52, 105, 106, 111, 114, 115, 118, 119, 122, 125, 131, 145, 150, 151, 155, 156, 158, 161, 162, 166, 171, 172, 209, 210, 211, 212, 213, 215, 216, 217, 222, 223, 225, 226, 228, 231, 232, 234, 236, 239, 242, 245, 248, 253, 259, 307, 338, 354], "summary": {"covered_lines": 75, "num_statements": 186, "percent_covered": 40.32258064516129, "percent_covered_display": "40", "missing_lines": 111, "excluded_lines": 0, "percent_statements_covered": 40.32258064516129, "percent_statements_covered_display": "40"}, "missing_lines": [112, 116, 120, 126, 128, 129, 157, 159, 173, 183, 184, 185, 186, 187, 191, 192, 193, 194, 195, 196, 202, 203, 204, 218, 219, 220, 224, 229, 237, 240, 243, 246, 254, 260, 261, 262, 263, 264, 265, 266, 267, 268, 269, 270, 271, 272, 273, 276, 277, 278, 279, 280, 281, 282, 283, 284, 285, 288, 289, 290, 291, 292, 298, 300, 301, 302, 303, 304, 308, 309, 310, 311, 314, 315, 316, 317, 318, 319, 320, 322, 323, 326, 328, 329, 330, 331, 332, 333, 334, 335, 339, 340, 341, 342, 343, 344, 345, 346, 347, 348, 349, 350, 351, 355, 356, 357, 358, 359, 360, 361, 362], "excluded_lines": [], "functions": {"_stripe": {"executed_lines": [38, 39, 40], "summary": {"covered_lines": 3, "num_statements": 3, "percent_covered": 100.0, "percent_covered_display": "100", "missing_lines": 0, "excluded_lines": 0, "percent_statements_covered": 100.0, "percent_statements_covered_display": "100"}, "missing_lines": [], "excluded_lines": [], "start_line": 37}, "_price_id": {"executed_lines": [44, 45], "summary": {"covered_lines": 2, "num_statements": 2, "percent_covered": 100.0, "percent_covered_display": "100", "missing_lines": 0, "excluded_lines": 0, "percent_statements_covered": 100.0, "percent_statements_covered_display": "100"}, "missing_lines": [], "excluded_lines": [], "start_line": 43}, "get_plans": {"executed_lines": [52], "summary": {"covered_lines": 1, "num_statements": 1, "percent_covered": 100.0, "percent_covered_display": "100", "missing_lines": 0, "excluded_lines": 0, "percent_statements_covered": 100.0, "percent_statements_covered_display": "100"}, "missing_lines": [], "excluded_lines": [], "start_line": 51}, "create_checkout": {"executed_lines": [111, 114, 115, 118, 119, 122, 125, 131, 145], "summary": {"covered_lines": 9, "num_statements": 15, "percent_covered": 60.0, "percent_covered_display": "60", "missing_lines": 6, "excluded_lines": 0, "percent_statements_covered": 60.0, "percent_statements_covered_display": "60"}, "missing_lines": [112, 116, 120, 126, 128, 129], "excluded_lines": [], "start_line": 106}, "billing_portal": {"executed_lines": [155, 156, 158, 161, 162, 166], "summary": {"covered_lines": 6, "num_statements": 8, "percent_covered": 75.0, "percent_covered_display": "75", "missing_lines": 2, "excluded_lines": 0, "percent_statements_covered": 75.0, "percent_statements_covered_display": "75"}, "missing_lines": [157, 159], "excluded_lines": [], "start_line": 151}, "billing_status": {"executed_lines": [], "summary": {"covered_lines": 0, "num_statements": 15, "percent_covered": 0.0, "percent_covered_display": "0", "missing_lines": 15, "excluded_lines": 0, "percent_statements_covered": 0.0, "percent_statements_covered_display": "0"}, "missing_lines": [173, 183, 184, 185, 186, 187, 191, 192, 193, 194, 195, 196, 202, 203, 204], "excluded_lines": [], "start_line": 172}, "stripe_webhook": {"executed_lines": [211, 212, 213, 215, 216, 217, 222, 223, 225, 226, 228, 231, 232, 234, 236, 239, 242, 245, 248], "summary": {"covered_lines": 19, "num_statements": 28, "percent_covered": 67.85714285714286, "percent_covered_display": "68", "missing_lines": 9, "excluded_lines": 0, "percent_statements_covered": 67.85714285714286, "percent_statements_covered_display": "68"}, "missing_lines": [218, 219, 220, 224, 229, 237, 240, 243, 246], "excluded_lines": [], "start_line": 210}, "_get_user_by_stripe_customer": {"executed_lines": [], "summary": {"covered_lines": 0, "num_statements": 1, "percent_covered": 0.0, "percent_covered_display": "0", "missing_lines": 1, "excluded_lines": 0, "percent_statements_covered": 0.0, "percent_statements_covered_display": "0"}, "missing_lines": [254], "excluded_lines": [], "start_line": 253}, "_handle_checkout_completed": {"executed_lines": [], "summary": {"covered_lines": 0, "num_statements": 35, "percent_covered": 0.0, "percent_covered_display": "0", "missing_lines": 35, "excluded_lines": 0, "percent_statements_covered": 0.0, "percent_statements_covered_display": "0"}, "missing_lines": [260, 261, 262, 263, 264, 265, 266, 267, 268, 269, 270, 271, 272, 273, 276, 277, 278, 279, 280, 281, 282, 283, 284, 285, 288, 289, 290, 291, 292, 298, 300, 301, 302, 303, 304], "excluded_lines": [], "start_line": 259}, "_handle_subscription_updated": {"executed_lines": [], "summary": {"covered_lines": 0, "num_statements": 22, "percent_covered": 0.0, "percent_covered_display": "0", "missing_lines": 22, "excluded_lines": 0, "percent_statements_covered": 0.0, "percent_statements_covered_display": "0"}, "missing_lines": [308, 309, 310, 311, 314, 315, 316, 317, 318, 319, 320, 322, 323, 326, 328, 329, 330, 331, 332, 333, 334, 335], "excluded_lines": [], "start_line": 307}, "_handle_subscription_deleted": {"executed_lines": [], "summary": {"covered_lines": 0, "num_statements": 13, "percent_covered": 0.0, "percent_covered_display": "0", "missing_lines": 13, "excluded_lines": 0, "percent_statements_covered": 0.0, "percent_statements_covered_display": "0"}, "missing_lines": [339, 340, 341, 342, 343, 344, 345, 346, 347, 348, 349, 350, 351], "excluded_lines": [], "start_line": 338}, "_handle_payment_failed": {"executed_lines": [], "summary": {"covered_lines": 0, "num_statements": 8, "percent_covered": 0.0, "percent_covered_display": "0", "missing_lines": 8, "excluded_lines": 0, "percent_statements_covered": 0.0, "percent_statements_covered_display": "0"}, "missing_lines": [355, 356, 357, 358, 359, 360, 361, 362], "excluded_lines": [], "start_line": 354}, "": {"executed_lines": [5, 6, 7, 9, 10, 11, 12, 14, 15, 16, 17, 18, 24, 25, 27, 28, 29, 31, 37, 43, 50, 51, 105, 106, 150, 151, 171, 172, 209, 210, 253, 259, 307, 338, 354], "summary": {"covered_lines": 35, "num_statements": 35, "percent_covered": 100.0, "percent_covered_display": "100", "missing_lines": 0, "excluded_lines": 0, "percent_statements_covered": 100.0, "percent_statements_covered_display": "100"}, "missing_lines": [], "excluded_lines": [], "start_line": 1}}, "classes": {"": {"executed_lines": [5, 6, 7, 9, 10, 11, 12, 14, 15, 16, 17, 18, 24, 25, 27, 28, 29, 31, 37, 38, 39, 40, 43, 44, 45, 50, 51, 52, 105, 106, 111, 114, 115, 118, 119, 122, 125, 131, 145, 150, 151, 155, 156, 158, 161, 162, 166, 171, 172, 209, 210, 211, 212, 213, 215, 216, 217, 222, 223, 225, 226, 228, 231, 232, 234, 236, 239, 242, 245, 248, 253, 259, 307, 338, 354], "summary": {"covered_lines": 75, "num_statements": 186, "percent_covered": 40.32258064516129, "percent_covered_display": "40", "missing_lines": 111, "excluded_lines": 0, "percent_statements_covered": 40.32258064516129, "percent_statements_covered_display": "40"}, "missing_lines": [112, 116, 120, 126, 128, 129, 157, 159, 173, 183, 184, 185, 186, 187, 191, 192, 193, 194, 195, 196, 202, 203, 204, 218, 219, 220, 224, 229, 237, 240, 243, 246, 254, 260, 261, 262, 263, 264, 265, 266, 267, 268, 269, 270, 271, 272, 273, 276, 277, 278, 279, 280, 281, 282, 283, 284, 285, 288, 289, 290, 291, 292, 298, 300, 301, 302, 303, 304, 308, 309, 310, 311, 314, 315, 316, 317, 318, 319, 320, 322, 323, 326, 328, 329, 330, 331, 332, 333, 334, 335, 339, 340, 341, 342, 343, 344, 345, 346, 347, 348, 349, 350, 351, 355, 356, 357, 358, 359, 360, 361, 362], "excluded_lines": [], "start_line": 1}}}, "routers/delivery_router.py": {"executed_lines": [1, 2, 3, 5, 6, 8, 11, 12, 14, 17], "summary": {"covered_lines": 10, "num_statements": 10, "percent_covered": 100.0, "percent_covered_display": "100", "missing_lines": 0, "excluded_lines": 0, "percent_statements_covered": 100.0, "percent_statements_covered_display": "100"}, "missing_lines": [], "excluded_lines": [], "functions": {"get_delivery_log": {"executed_lines": [14, 17], "summary": {"covered_lines": 2, "num_statements": 2, "percent_covered": 100.0, "percent_covered_display": "100", "missing_lines": 0, "excluded_lines": 0, "percent_statements_covered": 100.0, "percent_statements_covered_display": "100"}, "missing_lines": [], "excluded_lines": [], "start_line": 12}, "": {"executed_lines": [1, 2, 3, 5, 6, 8, 11, 12], "summary": {"covered_lines": 8, "num_statements": 8, "percent_covered": 100.0, "percent_covered_display": "100", "missing_lines": 0, "excluded_lines": 0, "percent_statements_covered": 100.0, "percent_statements_covered_display": "100"}, "missing_lines": [], "excluded_lines": [], "start_line": 1}}, "classes": {"": {"executed_lines": [1, 2, 3, 5, 6, 8, 11, 12, 14, 17], "summary": {"covered_lines": 10, "num_statements": 10, "percent_covered": 100.0, "percent_covered_display": "100", "missing_lines": 0, "excluded_lines": 0, "percent_statements_covered": 100.0, "percent_statements_covered_display": "100"}, "missing_lines": [], "excluded_lines": [], "start_line": 1}}}, "routers/market.py": {"executed_lines": [], "summary": {"covered_lines": 0, "num_statements": 68, "percent_covered": 0.0, "percent_covered_display": "0", "missing_lines": 68, "excluded_lines": 0, "percent_statements_covered": 0.0, "percent_statements_covered_display": "0"}, "missing_lines": [1, 2, 4, 6, 7, 8, 9, 10, 11, 13, 17, 18, 21, 22, 23, 24, 25, 27, 28, 33, 43, 44, 45, 48, 49, 55, 56, 59, 60, 62, 63, 64, 67, 68, 73, 74, 77, 78, 83, 84, 87, 88, 94, 95, 98, 99, 105, 106, 109, 110, 115, 116, 119, 120, 125, 126, 129, 130, 135, 136, 139, 140, 145, 146, 149, 150, 155, 156], "excluded_lines": [], "functions": {"market_context": {"executed_lines": [], "summary": {"covered_lines": 0, "num_statements": 9, "percent_covered": 0.0, "percent_covered_display": "0", "missing_lines": 9, "excluded_lines": 0, "percent_statements_covered": 0.0, "percent_statements_covered_display": "0"}, "missing_lines": [23, 24, 25, 27, 28, 33, 43, 44, 45], "excluded_lines": [], "start_line": 22}, "macro_regime": {"executed_lines": [], "summary": {"covered_lines": 0, "num_statements": 2, "percent_covered": 0.0, "percent_covered_display": "0", "missing_lines": 2, "excluded_lines": 0, "percent_statements_covered": 0.0, "percent_statements_covered_display": "0"}, "missing_lines": [55, 56], "excluded_lines": [], "start_line": 49}, "invalidate_regime_cache": {"executed_lines": [], "summary": {"covered_lines": 0, "num_statements": 3, "percent_covered": 0.0, "percent_covered_display": "0", "missing_lines": 3, "excluded_lines": 0, "percent_statements_covered": 0.0, "percent_statements_covered_display": "0"}, "missing_lines": [62, 63, 64], "excluded_lines": [], "start_line": 60}, "supply_chain": {"executed_lines": [], "summary": {"covered_lines": 0, "num_statements": 2, "percent_covered": 0.0, "percent_covered_display": "0", "missing_lines": 2, "excluded_lines": 0, "percent_statements_covered": 0.0, "percent_statements_covered_display": "0"}, "missing_lines": [73, 74], "excluded_lines": [], "start_line": 68}, "dark_pool_reconstructed": {"executed_lines": [], "summary": {"covered_lines": 0, "num_statements": 2, "percent_covered": 0.0, "percent_covered_display": "0", "missing_lines": 2, "excluded_lines": 0, "percent_statements_covered": 0.0, "percent_statements_covered_display": "0"}, "missing_lines": [83, 84], "excluded_lines": [], "start_line": 78}, "corporate_events_endpoint": {"executed_lines": [], "summary": {"covered_lines": 0, "num_statements": 2, "percent_covered": 0.0, "percent_covered_display": "0", "missing_lines": 2, "excluded_lines": 0, "percent_statements_covered": 0.0, "percent_statements_covered_display": "0"}, "missing_lines": [94, 95], "excluded_lines": [], "start_line": 88}, "etf_flows_endpoint": {"executed_lines": [], "summary": {"covered_lines": 0, "num_statements": 2, "percent_covered": 0.0, "percent_covered_display": "0", "missing_lines": 2, "excluded_lines": 0, "percent_statements_covered": 0.0, "percent_statements_covered_display": "0"}, "missing_lines": [105, 106], "excluded_lines": [], "start_line": 99}, "etf_constituents_endpoint": {"executed_lines": [], "summary": {"covered_lines": 0, "num_statements": 2, "percent_covered": 0.0, "percent_covered_display": "0", "missing_lines": 2, "excluded_lines": 0, "percent_statements_covered": 0.0, "percent_statements_covered_display": "0"}, "missing_lines": [115, 116], "excluded_lines": [], "start_line": 110}, "economy_endpoint": {"executed_lines": [], "summary": {"covered_lines": 0, "num_statements": 2, "percent_covered": 0.0, "percent_covered_display": "0", "missing_lines": 2, "excluded_lines": 0, "percent_statements_covered": 0.0, "percent_statements_covered_display": "0"}, "missing_lines": [125, 126], "excluded_lines": [], "start_line": 120}, "analyst_intelligence_endpoint": {"executed_lines": [], "summary": {"covered_lines": 0, "num_statements": 2, "percent_covered": 0.0, "percent_covered_display": "0", "missing_lines": 2, "excluded_lines": 0, "percent_statements_covered": 0.0, "percent_statements_covered_display": "0"}, "missing_lines": [135, 136], "excluded_lines": [], "start_line": 130}, "eightk_events_endpoint": {"executed_lines": [], "summary": {"covered_lines": 0, "num_statements": 2, "percent_covered": 0.0, "percent_covered_display": "0", "missing_lines": 2, "excluded_lines": 0, "percent_statements_covered": 0.0, "percent_statements_covered_display": "0"}, "missing_lines": [145, 146], "excluded_lines": [], "start_line": 140}, "option_chain_endpoint": {"executed_lines": [], "summary": {"covered_lines": 0, "num_statements": 2, "percent_covered": 0.0, "percent_covered_display": "0", "missing_lines": 2, "excluded_lines": 0, "percent_statements_covered": 0.0, "percent_statements_covered_display": "0"}, "missing_lines": [155, 156], "excluded_lines": [], "start_line": 150}, "": {"executed_lines": [], "summary": {"covered_lines": 0, "num_statements": 36, "percent_covered": 0.0, "percent_covered_display": "0", "missing_lines": 36, "excluded_lines": 0, "percent_statements_covered": 0.0, "percent_statements_covered_display": "0"}, "missing_lines": [1, 2, 4, 6, 7, 8, 9, 10, 11, 13, 17, 18, 21, 22, 48, 49, 59, 60, 67, 68, 77, 78, 87, 88, 98, 99, 109, 110, 119, 120, 129, 130, 139, 140, 149, 150], "excluded_lines": [], "start_line": 1}}, "classes": {"": {"executed_lines": [], "summary": {"covered_lines": 0, "num_statements": 68, "percent_covered": 0.0, "percent_covered_display": "0", "missing_lines": 68, "excluded_lines": 0, "percent_statements_covered": 0.0, "percent_statements_covered_display": "0"}, "missing_lines": [1, 2, 4, 6, 7, 8, 9, 10, 11, 13, 17, 18, 21, 22, 23, 24, 25, 27, 28, 33, 43, 44, 45, 48, 49, 55, 56, 59, 60, 62, 63, 64, 67, 68, 73, 74, 77, 78, 83, 84, 87, 88, 94, 95, 98, 99, 105, 106, 109, 110, 115, 116, 119, 120, 125, 126, 129, 130, 135, 136, 139, 140, 145, 146, 149, 150, 155, 156], "excluded_lines": [], "start_line": 1}}}, "routers/ml.py": {"executed_lines": [], "summary": {"covered_lines": 0, "num_statements": 44, "percent_covered": 0.0, "percent_covered_display": "0", "missing_lines": 44, "excluded_lines": 0, "percent_statements_covered": 0.0, "percent_statements_covered_display": "0"}, "missing_lines": [7, 8, 9, 10, 12, 13, 14, 16, 17, 19, 21, 23, 25, 26, 29, 30, 31, 32, 35, 37, 38, 39, 40, 41, 42, 45, 46, 54, 56, 57, 71, 72, 73, 80, 82, 83, 84, 85, 86, 87, 89, 91, 98, 99], "excluded_lines": [], "functions": {"_require_owner": {"executed_lines": [], "summary": {"covered_lines": 0, "num_statements": 3, "percent_covered": 0.0, "percent_covered_display": "0", "missing_lines": 3, "excluded_lines": 0, "percent_statements_covered": 0.0, "percent_statements_covered_display": "0"}, "missing_lines": [30, 31, 32], "excluded_lines": [], "start_line": 29}, "_read_metadata": {"executed_lines": [], "summary": {"covered_lines": 0, "num_statements": 6, "percent_covered": 0.0, "percent_covered_display": "0", "missing_lines": 6, "excluded_lines": 0, "percent_statements_covered": 0.0, "percent_statements_covered_display": "0"}, "missing_lines": [37, 38, 39, 40, 41, 42], "excluded_lines": [], "start_line": 35}, "ml_status": {"executed_lines": [], "summary": {"covered_lines": 0, "num_statements": 3, "percent_covered": 0.0, "percent_covered_display": "0", "missing_lines": 3, "excluded_lines": 0, "percent_statements_covered": 0.0, "percent_statements_covered_display": "0"}, "missing_lines": [54, 56, 57], "excluded_lines": [], "start_line": 46}, "ml_train": {"executed_lines": [], "summary": {"covered_lines": 0, "num_statements": 11, "percent_covered": 0.0, "percent_covered_display": "0", "missing_lines": 11, "excluded_lines": 0, "percent_statements_covered": 0.0, "percent_statements_covered_display": "0"}, "missing_lines": [80, 82, 83, 84, 85, 86, 87, 89, 91, 98, 99], "excluded_lines": [], "start_line": 73}, "": {"executed_lines": [], "summary": {"covered_lines": 0, "num_statements": 21, "percent_covered": 0.0, "percent_covered_display": "0", "missing_lines": 21, "excluded_lines": 0, "percent_statements_covered": 0.0, "percent_statements_covered_display": "0"}, "missing_lines": [7, 8, 9, 10, 12, 13, 14, 16, 17, 19, 21, 23, 25, 26, 29, 35, 45, 46, 71, 72, 73], "excluded_lines": [], "start_line": 1}}, "classes": {"": {"executed_lines": [], "summary": {"covered_lines": 0, "num_statements": 44, "percent_covered": 0.0, "percent_covered_display": "0", "missing_lines": 44, "excluded_lines": 0, "percent_statements_covered": 0.0, "percent_statements_covered_display": "0"}, "missing_lines": [7, 8, 9, 10, 12, 13, 14, 16, 17, 19, 21, 23, 25, 26, 29, 30, 31, 32, 35, 37, 38, 39, 40, 41, 42, 45, 46, 54, 56, 57, 71, 72, 73, 80, 82, 83, 84, 85, 86, 87, 89, 91, 98, 99], "excluded_lines": [], "start_line": 1}}}, "routers/oauth.py": {"executed_lines": [], "summary": {"covered_lines": 0, "num_statements": 
[...]
overed_display": "95"}, "missing_lines": [16, 51, 65, 140, 149, 161, 165], "excluded_lines": [], "functions": {"TestWorkerBusAsyncioBackend.test_publish_and_consume": {"executed_lines": [35, 36, 37, 39, 40, 41, 43], "summary": {"covered_lines": 7, "num_statements": 7, "percent_covered": 100.0, "percent_covered_display": "100", "missing_lines": 0, "excluded_lines": 0, "percent_statements_covered": 100.0, "percent_statements_covered_display": "100"}, "missing_lines": [], "excluded_lines": [], "start_line": 33}, "TestWorkerBusAsyncioBackend.test_consume_empty_stream_returns_nothing": {"executed_lines": [48, 49, 50, 52], "summary": {"covered_lines": 4, "num_statements": 5, "percent_covered": 80.0, "percent_covered_display": "80", "missing_lines": 1, "excluded_lines": 0, "percent_statements_covered": 80.0, "percent_statements_covered_display": "80"}, "missing_lines": [51], "excluded_lines": [], "start_line": 46}, "TestWorkerBusAsyncioBackend.test_consume_timeout_on_empty_queue": {"executed_lines": [57, 59, 60, 61, 63, 64, 66], "summary": {"covered_lines": 7, "num_statements": 8, "percent_covered": 87.5, "percent_covered_display": "88", "missing_lines": 1, "excluded_lines": 0, "percent_statements_covered": 87.5, "percent_statements_covered_display": "88"}, "missing_lines": [65], "excluded_lines": [], "start_line": 55}, "TestWorkerBusAsyncioBackend.test_publish_creates_queue_for_new_stream": {"executed_lines": [71, 72, 73, 74], "summary": {"covered_lines": 4, "num_statements": 4, "percent_covered": 100.0, "percent_covered_display": "100", "missing_lines": 0, "excluded_lines": 0, "percent_statements_covered": 100.0, "percent_statements_covered_display": "100"}, "missing_lines": [], "excluded_lines": [], "start_line": 69}, "TestWorkerBusAsyncioBackend.test_multiple_publishes_fifo_order": {"executed_lines": [79, 80, 81, 83, 84, 85, 86, 88], "summary": {"covered_lines": 8, "num_statements": 8, "percent_covered": 100.0, "percent_covered_display": "100", "missing_lines": 0, "excluded_lines": 0, "percent_statements_covered": 100.0, "percent_statements_covered_display": "100"}, "missing_lines": [], "excluded_lines": [], "start_line": 77}, "TestWorkerBusAsyncioBackend.test_close_no_redis_is_noop": {"executed_lines": [93, 94], "summary": {"covered_lines": 2, "num_statements": 2, "percent_covered": 100.0, "percent_covered_display": "100", "missing_lines": 0, "excluded_lines": 0, "percent_statements_covered": 100.0, "percent_statements_covered_display": "100"}, "missing_lines": [], "excluded_lines": [], "start_line": 91}, "TestGetBus.test_returns_worker_bus_instance": {"executed_lines": [102, 104, 105, 106], "summary": {"covered_lines": 4, "num_statements": 4, "percent_covered": 100.0, "percent_covered_display": "100", "missing_lines": 0, "excluded_lines": 0, "percent_statements_covered": 100.0, "percent_statements_covered_display": "100"}, "missing_lines": [], "excluded_lines": [], "start_line": 101}, "TestGetBus.test_returns_same_instance_on_repeated_calls": {"executed_lines": [109, 110, 111, 112, 113], "summary": {"covered_lines": 5, "num_statements": 5, "percent_covered": 100.0, "percent_covered_display": "100", "missing_lines": 0, "excluded_lines": 0, "percent_statements_covered": 100.0, "percent_statements_covered_display": "100"}, "missing_lines": [], "excluded_lines": [], "start_line": 108}, "TestGetBus.test_singleton_reset_gives_fresh_instance": {"executed_lines": [116, 117, 118, 119, 120, 121], "summary": {"covered_lines": 6, "num_statements": 6, "percent_covered": 100.0, "percent_covered_display": "100", "missing_lines": 0, "excluded_lines": 0, "percent_statements_covered": 100.0, "percent_statements_covered_display": "100"}, "missing_lines": [], "excluded_lines": [], "start_line": 115}, "TestCollectWorkerStats.test_empty_list_returns_empty": {"executed_lines": [129, 130], "summary": {"covered_lines": 2, "num_statements": 2, "percent_covered": 100.0, "percent_covered_display": "100", "missing_lines": 0, "excluded_lines": 0, "percent_statements_covered": 100.0, "percent_statements_covered_display": "100"}, "missing_lines": [], "excluded_lines": [], "start_line": 128}, "TestCollectWorkerStats.test_function_without_task_attr_is_skipped": {"executed_lines": [134, 135], "summary": {"covered_lines": 2, "num_statements": 2, "percent_covered": 100.0, "percent_covered_display": "100", "missing_lines": 0, "excluded_lines": 0, "percent_statements_covered": 100.0, "percent_statements_covered_display": "100"}, "missing_lines": [], "excluded_lines": [], "start_line": 132}, "TestCollectWorkerStats.test_function_without_task_attr_is_skipped.plain_fn": {"executed_lines": [133], "summary": {"covered_lines": 1, "num_statements": 1, "percent_covered": 100.0, "percent_covered_display": "100", "missing_lines": 0, "excluded_lines": 0, "percent_statements_covered": 100.0, "percent_statements_covered_display": "100"}, "missing_lines": [], "excluded_lines": [], "start_line": 133}, "TestCollectWorkerStats.test_worker_task_stats_included": {"executed_lines": [139, 142, 143, 144], "summary": {"covered_lines": 4, "num_statements": 4, "percent_covered": 100.0, "percent_covered_display": "100", "missing_lines": 0, "excluded_lines": 0, "percent_statements_covered": 100.0, "percent_statements_covered_display": "100"}, "missing_lines": [], "excluded_lines": [], "start_line": 137}, "TestCollectWorkerStats.test_worker_task_stats_included.my_worker": {"executed_lines": [], "summary": {"covered_lines": 0, "num_statements": 1, "percent_covered": 0.0, "percent_covered_display": "0", "missing_lines": 1, "excluded_lines": 0, "percent_statements_covered": 0.0, "percent_statements_covered_display": "0"}, "missing_lines": [140], "excluded_lines": [], "start_line": 139}, "TestCollectWorkerStats.test_stats_contain_expected_keys": {"executed_lines": [148, 151, 152, 153, 154, 155, 156], "summary": {"covered_lines": 7, "num_statements": 7, "percent_covered": 100.0, "percent_covered_display": "100", "missing_lines": 0, "excluded_lines": 0, "percent_statements_covered": 100.0, "percent_statements_covered_display": "100"}, "missing_lines": [], "excluded_lines": [], "start_line": 146}, "TestCollectWorkerStats.test_stats_contain_expected_keys.keys_worker": {"executed_lines": [], "summary": {"covered_lines": 0, "num_statements": 1, "percent_covered": 0.0, "percent_covered_display": "0", "missing_lines": 1, "excluded_lines": 0, "percent_statements_covered": 0.0, "percent_statements_covered_display": "0"}, "missing_lines": [149], "excluded_lines": [], "start_line": 148}, "TestCollectWorkerStats.test_multiple_workers_all_included": {"executed_lines": [160, 163, 164, 167, 168, 169, 170], "summary": {"covered_lines": 7, "num_statements": 7, "percent_covered": 100.0, "percent_covered_display": "100", "missing_lines": 0, "excluded_lines": 0, "percent_statements_covered": 100.0, "percent_statements_covered_display": "100"}, "missing_lines": [], "excluded_lines": [], "start_line": 158}, "TestCollectWorkerStats.test_multiple_workers_all_included.worker_one": {"executed_lines": [], "summary": {"covered_lines": 0, "num_statements": 1, "percent_covered": 0.0, "percent_covered_display": "0", "missing_lines": 1, "excluded_lines": 0, "percent_statements_covered": 0.0, "percent_statements_covered_display": "0"}, "missing_lines": [161], "excluded_lines": [], "start_line": 160}, "TestCollectWorkerStats.test_multiple_workers_all_included.worker_two": {"executed_lines": [], "summary": {"covered_lines": 0, "num_statements": 1, "percent_covered": 0.0, "percent_covered_display": "0", "missing_lines": 1, "excluded_lines": 0, "percent_statements_covered": 0.0, "percent_statements_covered_display": "0"}, "missing_lines": [165], "excluded_lines": [], "start_line": 164}, "TestWorkerTaskRetries.test_retries_on_failure_then_succeeds": {"executed_lines": [180, 182, 183, 190, 191, 192, 193], "summary": {"covered_lines": 7, "num_statements": 7, "percent_covered": 100.0, "percent_covered_display": "100", "missing_lines": 0, "excluded_lines": 0, "percent_statements_covered": 100.0, "percent_statements_covered_display": "100"}, "missing_lines": [], "excluded_lines": [], "start_line": 178}, "TestWorkerTaskRetries.test_retries_on_failure_then_succeeds.retry_worker": {"executed_lines": [185, 186, 187, 188], "summary": {"covered_lines": 4, "num_statements": 4, "percent_covered": 100.0, "percent_covered_display": "100", "missing_lines": 0, "excluded_lines": 0, "percent_statements_covered": 100.0, "percent_statements_covered_display": "100"}, "missing_lines": [], "excluded_lines": [], "start_line": 183}, "TestWorkerTaskRetries.test_all_retries_exhausted_returns_ok_false": {"executed_lines": [198, 199, 202, 203], "summary": {"covered_lines": 4, "num_statements": 4, "percent_covered": 100.0, "percent_covered_display": "100", "missing_lines": 0, "excluded_lines": 0, "percent_statements_covered": 100.0, "percent_statements_covered_display": "100"}, "missing_lines": [], "excluded_lines": [], "start_line": 196}, "TestWorkerTaskRetries.test_all_retries_exhausted_returns_ok_false.always_fail": {"executed_lines": [200], "summary": {"covered_lines": 1, "num_statements": 1, "percent_covered": 100.0, "percent_covered_display": "100", "missing_lines": 0, "excluded_lines": 0, "percent_statements_covered": 100.0, "percent_statements_covered_display": "100"}, "missing_lines": [], "excluded_lines": [], "start_line": 199}, "TestWorkerTaskRetries.test_non_scoring_result_return_becomes_empty": {"executed_lines": [208, 209, 212, 214, 215], "summary": {"covered_lines": 5, "num_statements": 5, "percent_covered": 100.0, "percent_covered_display": "100", "missing_lines": 0, "excluded_lines": 0, "percent_statements_covered": 100.0, "percent_statements_covered_display": "100"}, "missing_lines": [], "excluded_lines": [], "start_line": 206}, "TestWorkerTaskRetries.test_non_scoring_result_return_becomes_empty.raw_return": {"executed_lines": [210], "summary": {"covered_lines": 1, "num_statements": 1, "percent_covered": 100.0, "percent_covered_display": "100", "missing_lines": 0, "excluded_lines": 0, "percent_statements_covered": 100.0, "percent_statements_covered_display": "100"}, "missing_lines": [], "excluded_lines": [], "start_line": 209}, "": {"executed_lines": [9, 10, 11, 12, 14, 15, 18, 30, 32, 33, 45, 46, 54, 55, 68, 69, 76, 77, 90, 91, 99, 101, 108, 115, 126, 128, 132, 137, 138, 146, 147, 158, 159, 175, 177, 178, 195, 196, 205, 206], "summary": {"covered_lines": 40, "num_statements": 41, "percent_covered": 97.5609756097561, "percent_covered_display": "98", "missing_lines": 1, "excluded_lines": 0, "percent_statements_covered": 97.5609756097561, "percent_statements_covered_display": "98"}, "missing_lines": [16], "excluded_lines": [], "start_line": 1}}, "classes": {"TestWorkerBusAsyncioBackend": {"executed_lines": [35, 36, 37, 39, 40, 41, 43, 48, 49, 50, 52, 57, 59, 60, 61, 63, 64, 66, 71, 72, 73, 74, 79, 80, 81, 83, 84, 85, 86, 88, 93, 94], "summary": {"covered_lines": 32, "num_statements": 34, "percent_covered": 94.11764705882354, "percent_covered_display": "94", "missing_lines": 2, "excluded_lines": 0, "percent_statements_covered": 94.11764705882354, "percent_statements_covered_display": "94"}, "missing_lines": [51, 65], "excluded_lines": [], "start_line": 30}, "TestGetBus": {"executed_lines": [102, 104, 105, 106, 109, 110, 111, 112, 113, 116, 117, 118, 119, 120, 121], "summary": {"covered_lines": 15, "num_statements": 15, "percent_covered": 100.0, "percent_covered_display": "100", "missing_lines": 0, "excluded_lines": 0, "percent_statements_covered": 100.0, "percent_statements_covered_display": "100"}, "missing_lines": [], "excluded_lines": [], "start_line": 99}, "TestCollectWorkerStats": {"executed_lines": [129, 130, 133, 134, 135, 139, 142, 143, 144, 148, 151, 152, 153, 154, 155, 156, 160, 163, 164, 167, 168, 169, 170], "summary": {"covered_lines": 23, "num_statements": 27, "percent_covered": 85.18518518518519, "percent_covered_display": "85", "missing_lines": 4, "excluded_lines": 0, "percent_statements_covered": 85.18518518518519, "percent_statements_covered_display": "85"}, "missing_lines": [140, 149, 161, 165], "excluded_lines": [], "start_line": 126}, "TestWorkerTaskRetries": {"executed_lines": [180, 182, 183, 185, 186, 187, 188, 190, 191, 192, 193, 198, 199, 200, 202, 203, 208, 209, 210, 212, 214, 215], "summary": {"covered_lines": 22, "num_statements": 22, "percent_covered": 100.0, "percent_covered_display": "100", "missing_lines": 0, "excluded_lines": 0, "percent_statements_covered": 100.0, "percent_statements_covered_display": "100"}, "missing_lines": [], "excluded_lines": [], "start_line": 175}, "": {"executed_lines": [9, 10, 11, 12, 14, 15, 18, 30, 32, 33, 45, 46, 54, 55, 68, 69, 76, 77, 90, 91, 99, 101, 108, 115, 126, 128, 132, 137, 138, 146, 147, 158, 159, 175, 177, 178, 195, 196, 205, 206], "summary": {"covered_lines": 40, "num_statements": 41, "percent_covered": 97.5609756097561, "percent_covered_display": "98", "missing_lines": 1, "excluded_lines": 0, "percent_statements_covered": 97.5609756097561, "percent_statements_covered_display": "98"}, "missing_lines": [16], "excluded_lines": [], "start_line": 1}}}, "validate_predictions.py": {"executed_lines": [12, 13, 14, 15, 16, 18, 19, 20, 21, 23, 24, 26, 27, 32, 33, 34, 35, 36, 39, 40, 41, 42, 43, 46, 48, 49, 50, 51, 52, 55, 56, 57, 58, 59, 60, 61, 63, 64, 65, 66, 72, 73, 74, 75, 76, 77, 78, 83, 144, 305, 312], "summary": {"covered_lines": 51, "num_statements": 224, "percent_covered": 22.767857142857142, "percent_covered_display": "23", "missing_lines": 173, "excluded_lines": 0, "percent_statements_covered": 22.767857142857142, "percent_statements_covered_display": "23"}, "missing_lines": [67, 68, 69, 84, 85, 87, 88, 93, 94, 95, 96, 98, 99, 100, 101, 103, 104, 105, 109, 110, 111, 112, 113, 114, 115, 116, 118, 119, 120, 121, 122, 123, 124, 125, 126, 127, 128, 129, 130, 132, 133, 135, 137, 138, 139, 145, 146, 148, 149, 152, 154, 155, 156, 157, 158, 160, 161, 162, 165, 166, 167, 168, 169, 174, 175, 176, 177, 178, 179, 181, 182, 183, 186, 187, 188, 189, 190, 191, 192, 193, 194, 195, 196, 197, 198, 199, 200, 203, 204, 205, 206, 207, 208, 209, 210, 211, 212, 213, 214, 215, 216, 217, 220, 221, 222, 223, 224, 225, 226, 227, 228, 229, 230, 231, 232, 233, 234, 237, 238, 239, 240, 241, 242, 243, 244, 245, 247, 248, 249, 250, 255, 256, 257, 258, 259, 260, 261, 262, 265, 266, 267, 268, 270, 271, 272, 273, 274, 275, 276, 279, 280, 281, 282, 283, 284, 285, 286, 287, 290, 291, 292, 293, 294, 295, 296, 297, 298, 300, 306, 307, 308, 309, 313], "excluded_lines": [], "functions": {"_pct": {"executed_lines": [33, 34, 35, 36], "summary": {"covered_lines": 4, "num_statements": 4, "percent_covered": 100.0, "percent_covered_display": "100", "missing_lines": 0, "excluded_lines": 0, "percent_statements_covered": 100.0, "percent_statements_covered_display": "100"}, "missing_lines": [], "excluded_lines": [], "start_line": 32}, "_age_days": {"executed_lines": [40, 41, 42, 43], "summary": {"covered_lines": 4, "num_statements": 4, "percent_covered": 100.0, "percent_covered_display": "100", "missing_lines": 0, "excluded_lines": 0, "percent_statements_covered": 100.0, "percent_statements_covered_display": "100"}, "missing_lines": [], "excluded_lines": [], "start_line": 39}, "_best_outcome": {"executed_lines": [48, 49, 50, 51, 52], "summary": {"covered_lines": 5, "num_statements": 5, "percent_covered": 100.0, "percent_covered_display": "100", "missing_lines": 0, "excluded_lines": 0, "percent_statements_covered": 100.0, "percent_statements_covered_display": "100"}, "missing_lines": [], "excluded_lines": [], "start_line": 46}, "_fetch_prices": {"executed_lines": [56, 57, 58, 59, 60, 61, 63, 64, 65, 66, 72, 73, 74, 75, 76, 77, 78], "summary": {"covered_lines": 17, "num_statements": 20, "percent_covered": 85.0, "percent_covered_display": "85", "missing_lines": 3, "excluded_lines": 0, "percent_statements_covered": 85.0, "percent_statements_covered_display": "85"}, "missing_lines": [67, 68, 69], "excluded_lines": [], "start_line": 55}, "resolve_outcomes": {"executed_lines": [], "summary": {"covered_lines": 0, "num_statements": 42, "percent_covered": 0.0, "percent_covered_display": "0", "missing_lines": 42, "excluded_lines": 0, "percent_statements_covered": 0.0, "percent_statements_covered_display": "0"}, "missing_lines": [84, 85, 87, 88, 93, 94, 95, 96, 98, 99, 100, 101, 103, 104, 105, 109, 110, 111, 112, 113, 114, 115, 116, 118, 119, 120, 121, 122, 123, 124, 125, 126, 127, 128, 129, 130, 132, 133, 135, 137, 138, 139], "excluded_lines": [], "start_line": 83}, "calibration_report": {"executed_lines": [], "summary": {"covered_lines": 0, "num_statements": 123, "percent_covered": 0.0, "percent_covered_display": "0", "missing_lines": 123, "excluded_lines": 0, "percent_statements_covered": 0.0, "percent_statements_covered_display": "0"}, "missing_lines": [145, 146, 148, 149, 152, 154, 155, 156, 157, 158, 160, 161, 162, 165, 166, 167, 168, 169, 174, 175, 176, 177, 178, 179, 181, 182, 183, 186, 187, 188, 189, 190, 191, 192, 193, 194, 195, 196, 197, 198, 199, 200, 203, 204, 205, 206, 207, 208, 209, 210, 211, 212, 213, 214, 215, 216, 217, 220, 221, 222, 223, 224, 225, 226, 227, 228, 229, 230, 231, 232, 233, 234, 237, 238, 239, 240, 241, 242, 243, 244, 245, 247, 248, 249, 250, 255, 256, 257, 258, 259, 260, 261, 262, 265, 266, 267, 268, 270, 271, 272, 273, 274, 275, 276, 279, 280, 281, 282, 283, 284, 285, 286, 287, 290, 291, 292, 293, 294, 295, 296, 297, 298, 300], "excluded_lines": [], "start_line": 144}, "main": {"executed_lines": [], "summary": {"covered_lines": 0, "num_statements": 4, "percent_covered": 0.0, "percent_covered_display": "0", "missing_lines": 4, "excluded_lines": 0, "percent_statements_covered": 0.0, "percent_statements_covered_display": "0"}, "missing_lines": [306, 307, 308, 309], "excluded_lines": [], "start_line": 305}, "": {"executed_lines": [12, 13, 14, 15, 16, 18, 19, 20, 21, 23, 24, 26, 27, 32, 39, 46, 55, 83, 144, 305, 312], "summary": {"covered_lines": 21, "num_statements": 22, "percent_covered": 95.45454545454545, "percent_covered_display": "95", "missing_lines": 1, "excluded_lines": 0, "percent_statements_covered": 95.45454545454545, "percent_statements_covered_display": "95"}, "missing_lines": [313], "excluded_lines": [], "start_line": 1}}, "classes": {"": {"executed_lines": [12, 13, 14, 15, 16, 18, 19, 20, 21, 23, 24, 26, 27, 32, 33, 34, 35, 36, 39, 40, 41, 42, 43, 46, 48, 49, 50, 51, 52, 55, 56, 57, 58, 59, 60, 61, 63, 64, 65, 66, 72, 73, 74, 75, 76, 77, 78, 83, 144, 305, 312], "summary": {"covered_lines": 51, "num_statements": 224, "percent_covered": 22.767857142857142, "percent_covered_display": "23", "missing_lines": 173, "excluded_lines": 0, "percent_statements_covered": 22.767857142857142, "percent_statements_covered_display": "23"}, "missing_lines": [67, 68, 69, 84, 85, 87, 88, 93, 94, 95, 96, 98, 99, 100, 101, 103, 104, 105, 109, 110, 111, 112, 113, 114, 115, 116, 118, 119, 120, 121, 122, 123, 124, 125, 126, 127, 128, 129, 130, 132, 133, 135, 137, 138, 139, 145, 146, 148, 149, 152, 154, 155, 156, 157, 158, 160, 161, 162, 165, 166, 167, 168, 169, 174, 175, 176, 177, 178, 179, 181, 182, 183, 186, 187, 188, 189, 190, 191, 192, 193, 194, 195, 196, 197, 198, 199, 200, 203, 204, 205, 206, 207, 208, 209, 210, 211, 212, 213, 214, 215, 216, 217, 220, 221, 222, 223, 224, 225, 226, 227, 228, 229, 230, 231, 232, 233, 234, 237, 238, 239, 240, 241, 242, 243, 244, 245, 247, 248, 249, 250, 255, 256, 257, 258, 259, 260, 261, 262, 265, 266, 267, 268, 270, 271, 272, 273, 274, 275, 276, 279, 280, 281, 282, 283, 284, 285, 286, 287, 290, 291, 292, 293, 294, 295, 296, 297, 298, 300, 306, 307, 308, 309, 313], "excluded_lines": [], "start_line": 1}}}}, "totals": {"covered_lines": 8521, "num_statements": 17217, "percent_covered": 49.491781378869725, "percent_covered_display": "49", "missing_lines": 8696, "excluded_lines": 1, "percent_statements_covered": 49.491781378869725, "percent_statements_covered_display": "49"}}