{"meta": {"format": 3, "version": "7.14.1", "timestamp": "2026-06-06T15:09:25.031880", "branch_coverage": false, "show_contexts": false}, "files": {"config.py": {"executed_lines": [1, 2, 4, 10, 13, 15, 16, 17, 18, 21, 22, 23, 24, 25, 26, 30, 31, 35, 38, 39, 40, 41, 44, 48, 49, 50, 51, 52, 55, 56, 59, 60, 63, 64, 65, 67, 68, 71, 72, 75, 82, 86, 87, 89, 90, 91, 93, 94, 96, 98, 101, 102, 103, 106, 108, 109, 110, 111, 112, 116, 118, 124, 130, 155, 179, 180, 181, 182, 185, 186], "summary": {"covered_lines": 70, "num_statements": 70, "percent_covered": 100.0, "percent_covered_display": "100", "missing_lines": 0, "excluded_lines": 3, "percent_statements_covered": 100.0, "percent_statements_covered_display": "100"}, "missing_lines": [], "excluded_lines": [45, 66, 80], "functions": {"Settings.tickers": {"executed_lines": [91], "summary": {"covered_lines": 1, "num_statements": 1, "percent_covered": 100.0, "percent_covered_display": "100", "missing_lines": 0, "excluded_lines": 0, "percent_statements_covered": 100.0, "percent_statements_covered_display": "100"}, "missing_lines": [], "excluded_lines": [], "start_line": 90}, "Settings.jwt_secret_key": {"executed_lines": [96], "summary": {"covered_lines": 1, "num_statements": 1, "percent_covered": 100.0, "percent_covered_display": "100", "missing_lines": 0, "excluded_lines": 0, "percent_statements_covered": 100.0, "percent_statements_covered_display": "100"}, "missing_lines": [], "excluded_lines": [], "start_line": 94}, "get_settings": {"executed_lines": [108, 109, 110, 111, 112], "summary": {"covered_lines": 5, "num_statements": 5, "percent_covered": 100.0, "percent_covered_display": "100", "missing_lines": 0, "excluded_lines": 0, "percent_statements_covered": 100.0, "percent_statements_covered_display": "100"}, "missing_lines": [], "excluded_lines": [], "start_line": 106}, "has_feature": {"executed_lines": [180, 181, 182], "summary": {"covered_lines": 3, "num_statements": 3, "percent_covered": 100.0, "percent_covered_display": "100", "missing_lines": 0, "excluded_lines": 0, "percent_statements_covered": 100.0, "percent_statements_covered_display": "100"}, "missing_lines": [], "excluded_lines": [], "start_line": 179}, "tier_gte": {"executed_lines": [186], "summary": {"covered_lines": 1, "num_statements": 1, "percent_covered": 100.0, "percent_covered_display": "100", "missing_lines": 0, "excluded_lines": 0, "percent_statements_covered": 100.0, "percent_statements_covered_display": "100"}, "missing_lines": [], "excluded_lines": [], "start_line": 185}, "": {"executed_lines": [1, 2, 4, 10, 13, 15, 16, 17, 18, 21, 22, 23, 24, 25, 26, 30, 31, 35, 38, 39, 40, 41, 44, 48, 49, 50, 51, 52, 55, 56, 59, 60, 63, 64, 65, 67, 68, 71, 72, 75, 82, 86, 87, 89, 90, 93, 94, 98, 101, 102, 103, 106, 116, 118, 124, 130, 155, 179, 185], "summary": {"covered_lines": 59, "num_statements": 59, "percent_covered": 100.0, "percent_covered_display": "100", "missing_lines": 0, "excluded_lines": 3, "percent_statements_covered": 100.0, "percent_statements_covered_display": "100"}, "missing_lines": [], "excluded_lines": [45, 66, 80], "start_line": 1}}, "classes": {"Settings": {"executed_lines": [91, 96], "summary": {"covered_lines": 2, "num_statements": 2, "percent_covered": 100.0, "percent_covered_display": "100", "missing_lines": 0, "excluded_lines": 0, "percent_statements_covered": 100.0, "percent_statements_covered_display": "100"}, "missing_lines": [], "excluded_lines": [], "start_line": 13}, "": {"executed_lines": [1, 2, 4, 10, 13, 15, 16, 17, 18, 21, 22, 23, 24, 25, 26, 30, 31, 35, 38, 39, 40, 41, 44, 48, 49, 50, 51, 52, 55, 56, 59, 60, 63, 64, 65, 67, 68, 71, 72, 75, 82, 86, 87, 89, 90, 93, 94, 98, 101, 102, 103, 106, 108, 109, 110, 111, 112, 116, 118, 124, 130, 155, 179, 180, 181, 182, 185, 186], "summary": {"covered_lines": 68, "num_statements": 68, "percent_covered": 100.0, "percent_covered_display": "100", "missing_lines": 0, "excluded_lines": 3, "percent_statements_covered": 100.0, "percent_statements_covered_display": "100"}, "missing_lines": [], "excluded_lines": [45, 66, 80], "start_line": 1}}}, "database.py": {"executed_lines": [1, 2, 3, 5, 6, 7, 9, 10, 12, 16, 20, 21, 27, 28, 31, 42, 44, 45, 46, 47, 55, 67, 72, 73, 75, 78, 82, 83, 84, 85, 86, 87, 88, 89, 92, 93, 126, 127, 128, 129], "summary": {"covered_lines": 40, "num_statements": 51, "percent_covered": 78.43137254901961, "percent_covered_display": "78", "missing_lines": 11, "excluded_lines": 4, "percent_statements_covered": 78.43137254901961, "percent_statements_covered_display": "78"}, "missing_lines": [13, 22, 48, 49, 50, 51, 52, 56, 65, 94, 112], "excluded_lines": [14, 19, 79, 130], "functions": {"_setup_sqlite_connection": {"executed_lines": [44, 45, 46, 47], "summary": {"covered_lines": 4, "num_statements": 9, "percent_covered": 44.44444444444444, "percent_covered_display": "44", "missing_lines": 5, "excluded_lines": 0, "percent_statements_covered": 44.44444444444444, "percent_statements_covered_display": "44"}, "missing_lines": [48, 49, 50, 51, 52], "excluded_lines": [], "start_line": 42}, "get_db": {"executed_lines": [83, 84, 85, 86, 87, 88, 89], "summary": {"covered_lines": 7, "num_statements": 7, "percent_covered": 100.0, "percent_covered_display": "100", "missing_lines": 0, "excluded_lines": 0, "percent_statements_covered": 100.0, "percent_statements_covered_display": "100"}, "missing_lines": [], "excluded_lines": [], "start_line": 82}, "init_db": {"executed_lines": [93, 126, 127, 128, 129], "summary": {"covered_lines": 5, "num_statements": 7, "percent_covered": 71.42857142857143, "percent_covered_display": "71", "missing_lines": 2, "excluded_lines": 1, "percent_statements_covered": 71.42857142857143, "percent_statements_covered_display": "71"}, "missing_lines": [94, 112], "excluded_lines": [130], "start_line": 92}, "": {"executed_lines": [1, 2, 3, 5, 6, 7, 9, 10, 12, 16, 20, 21, 27, 28, 31, 42, 55, 67, 72, 73, 75, 78, 82, 92], "summary": {"covered_lines": 24, "num_statements": 28, "percent_covered": 85.71428571428571, "percent_covered_display": "86", "missing_lines": 4, "excluded_lines": 3, "percent_statements_covered": 85.71428571428571, "percent_statements_covered_display": "86"}, "missing_lines": [13, 22, 56, 65], "excluded_lines": [14, 19, 79], "start_line": 1}}, "classes": {"Base": {"executed_lines": [], "summary": {"covered_lines": 0, "num_statements": 0, "percent_covered": 100.0, "percent_covered_display": "100", "missing_lines": 0, "excluded_lines": 0, "percent_statements_covered": 100.0, "percent_statements_covered_display": "100"}, "missing_lines": [], "excluded_lines": [], "start_line": 78}, "": {"executed_lines": [1, 2, 3, 5, 6, 7, 9, 10, 12, 16, 20, 21, 27, 28, 31, 42, 44, 45, 46, 47, 55, 67, 72, 73, 75, 78, 82, 83, 84, 85, 86, 87, 88, 89, 92, 93, 126, 127, 128, 129], "summary": {"covered_lines": 40, "num_statements": 51, "percent_covered": 78.43137254901961, "percent_covered_display": "78", "missing_lines": 11, "excluded_lines": 4, "percent_statements_covered": 78.43137254901961, "percent_statements_covered_display": "78"}, "missing_lines": [13, 22, 48, 49, 50, 51, 52, 56, 65, 94, 112], "excluded_lines": [14, 19, 79, 130], "start_line": 1}}}, "main.py": {"executed_lines": [1, 2, 3, 4, 5, 6, 8, 9, 14, 15, 16, 17, 22, 25, 28, 40, 41, 46, 47, 48, 49, 51, 52, 53, 54, 55, 59, 60, 61, 63, 64, 65, 66, 67, 68, 69, 71, 73, 74, 75, 76, 77, 78, 79, 80, 81, 82, 83, 84, 85, 86, 87, 88, 89, 90, 91, 92, 93, 94, 95, 96, 97, 98, 99, 100, 101, 103, 104, 107, 109, 117, 118, 123, 125, 126, 128, 134, 137, 150, 152, 155, 158, 169, 171, 172, 174, 175, 176, 177, 178, 179, 180, 181, 182, 186, 187, 240, 241, 242, 244, 245, 246, 247, 248, 319, 380, 420, 445, 494, 527, 553, 576, 583, 584, 585, 586, 587, 588, 590, 591, 592, 594, 595, 614, 621, 624, 625, 626, 627, 628, 629, 630, 631, 632, 635, 637, 638, 640, 641, 643, 644, 645, 649, 655, 657, 660, 662, 664, 665, 668, 669, 670, 671, 672, 673, 675, 676, 678, 679, 681, 683, 694, 737, 759, 760, 762, 763, 772, 788, 1050, 1083, 1097, 1125, 1188, 1191, 1201, 1234, 1236, 1237, 1238, 1245, 1264, 1273, 1274, 1275, 1276, 1278, 1279, 1280, 1281, 1282, 1283, 1284, 1285, 1286, 1287, 1290, 1299, 1300, 1302, 1304, 1305, 1306, 1307, 1308, 1309, 1310, 1311, 1317, 1318, 1319, 1321, 1322, 1325, 1333, 1334, 1337, 1348, 1349, 1351, 1352, 1367, 1368, 1369, 1371, 1372, 1373, 1375, 1376, 1377, 1379, 1380, 1381, 1382, 1384, 1387, 1394, 1395, 1396, 1397, 1398, 1403, 1406, 1413, 1416, 1417, 1418, 1419, 1420, 1422, 1423, 1424, 1427, 1428, 1429, 1430, 1431, 1434, 1438, 1439, 1449, 1452, 1455, 1456, 1457, 1458, 1459, 1460, 1461, 1462, 1463, 1464, 1465, 1466, 1467, 1468, 1469, 1470, 1471, 1472, 1473, 1474, 1475, 1476, 1480, 1481, 1482, 1483, 1485, 1486, 1487, 1488, 1490, 1491, 1499, 1503, 1504, 1522, 1523, 1525, 1528, 1529, 1531, 1532, 1533, 1534, 1537, 1538, 1540, 1542, 1552, 1553, 1554, 1557, 1558, 1559, 1562, 1563, 1564, 1567, 1568, 1569, 1572, 1573, 1574, 1577, 1578, 1579, 1582, 1583, 1584, 1587, 1588, 1589, 1592, 1593, 1594, 1597, 1598, 1599, 1602, 1603, 1607, 1608, 1609, 1612, 1613, 1614, 1618], "summary": {"covered_lines": 349, "num_statements": 794, "percent_covered": 43.95465994962217, "percent_covered_display": "44", "missing_lines": 445, "excluded_lines": 25, "percent_statements_covered": 43.95465994962217, "percent_statements_covered_display": "44"}, "missing_lines": [18, 19, 29, 35, 36, 37, 110, 120, 129, 135, 138, 183, 189, 190, 191, 192, 193, 194, 195, 196, 197, 198, 200, 201, 202, 203, 204, 205, 206, 207, 208, 209, 210, 211, 212, 214, 215, 216, 217, 218, 219, 220, 221, 222, 223, 224, 225, 226, 227, 228, 229, 230, 231, 232, 233, 236, 249, 251, 252, 253, 255, 256, 257, 258, 259, 261, 262, 263, 264, 267, 268, 271, 272, 273, 274, 275, 276, 277, 278, 279, 280, 281, 286, 287, 288, 289, 290, 291, 292, 293, 294, 295, 298, 299, 300, 301, 302, 303, 305, 306, 307, 308, 309, 311, 312, 313, 314, 316, 321, 322, 323, 324, 325, 326, 327, 328, 329, 331, 332, 333, 335, 336, 338, 344, 349, 350, 364, 365, 366, 367, 368, 369, 370, 371, 372, 374, 375, 376, 377, 388, 389, 390, 391, 392, 393, 394, 395, 396, 398, 399, 401, 402, 404, 405, 406, 407, 412, 414, 415, 416, 417, 425, 427, 429, 430, 431, 432, 437, 438, 439, 440, 441, 442, 452, 453, 454, 455, 456, 457, 458, 459, 460, 462, 463, 464, 466, 468, 469, 470, 471, 473, 474, 475, 491, 492, 493, 498, 505, 511, 512, 516, 517, 518, 521, 522, 523, 524, 529, 530, 531, 532, 533, 534, 535, 536, 537, 538, 539, 540, 542, 543, 544, 548, 549, 550, 555, 557, 558, 559, 560, 561, 562, 563, 564, 565, 566, 567, 569, 570, 571, 572, 573, 574, 575, 578, 579, 580, 601, 615, 616, 617, 618, 619, 646, 656, 658, 659, 661, 663, 695, 696, 697, 699, 700, 701, 703, 704, 708, 709, 710, 718, 719, 721, 724, 728, 729, 730, 733, 734, 735, 738, 739, 753, 754, 755, 756, 764, 765, 766, 768, 769, 774, 775, 776, 778, 779, 780, 781, 782, 783, 784, 785, 800, 1021, 1022, 1023, 1024, 1026, 1027, 1031, 1032, 1034, 1036, 1037, 1038, 1039, 1040, 1041, 1043, 1044, 1045, 1046, 1047, 1052, 1055, 1056, 1058, 1060, 1061, 1062, 1063, 1064, 1065, 1066, 1078, 1079, 1080, 1085, 1086, 1087, 1088, 1090, 1091, 1092, 1093, 1094, 1103, 1104, 1105, 1106, 1108, 1109, 1110, 1112, 1113, 1114, 1115, 1116, 1119, 1120, 1121, 1122, 1130, 1131, 1132, 1133, 1134, 1135, 1136, 1137, 1138, 1139, 1140, 1141, 1142, 1143, 1145, 1146, 1148, 1149, 1150, 1152, 1166, 1167, 1168, 1169, 1170, 1171, 1172, 1174, 1175, 1176, 1177, 1182, 1183, 1184, 1185, 1192, 1193, 1194, 1195, 1196, 1197, 1198, 1207, 1209, 1210, 1211, 1212, 1213, 1214, 1215, 1216, 1217, 1218, 1219, 1220, 1221, 1222, 1223, 1224, 1225, 1226, 1227, 1228, 1230, 1231, 1239, 1265, 1291, 1292, 1294, 1295, 1296, 1297, 1301, 1312, 1313, 1314, 1435, 1516, 1517, 1519, 1541, 1604], "excluded_lines": [20, 144, 145, 199, 320, 519, 647, 1053, 1054, 1057, 1067, 1117, 1246, 1247, 1248, 1252, 1253, 1258, 1259, 1350, 1621, 1622, 1624, 1625, 1626], "functions": {"_StructuredFormatter.format": {"executed_lines": [], "summary": {"covered_lines": 0, "num_statements": 4, "percent_covered": 0.0, "percent_covered_display": "0", "missing_lines": 4, "excluded_lines": 0, "percent_statements_covered": 0.0, "percent_statements_covered_display": "0"}, "missing_lines": [29, 35, 36, 37], "excluded_lines": [], "start_line": 28}, "_periodic_scan": {"executed_lines": [169, 171, 174, 186, 187, 240, 241, 242, 244, 245, 246, 247, 248], "summary": {"covered_lines": 13, "num_statements": 87, "percent_covered": 14.942528735632184, "percent_covered_display": "15", "missing_lines": 74, "excluded_lines": 0, "percent_statements_covered": 14.942528735632184, "percent_statements_covered_display": "15"}, "missing_lines": [189, 214, 215, 216, 217, 218, 219, 220, 221, 222, 223, 224, 225, 226, 227, 228, 229, 230, 231, 232, 233, 236, 249, 251, 252, 253, 255, 256, 257, 258, 259, 261, 262, 263, 264, 267, 268, 271, 272, 273, 274, 275, 276, 277, 278, 279, 280, 281, 286, 287, 288, 289, 290, 291, 292, 293, 294, 295, 298, 299, 300, 301, 302, 303, 305, 306, 307, 308, 309, 311, 312, 313, 314, 316], "excluded_lines": [], "start_line": 158}, "_periodic_scan._is_trading_day": {"executed_lines": [172], "summary": {"covered_lines": 1, "num_statements": 1, "percent_covered": 100.0, "percent_covered_display": "100", "missing_lines": 0, "excluded_lines": 0, "percent_statements_covered": 100.0, "percent_statements_covered_display": "100"}, "missing_lines": [], "excluded_lines": [], "start_line": 171}, "_periodic_scan._next_market_open": {"executed_lines": [175, 176, 177, 178, 179, 180, 181, 182], "summary": {"covered_lines": 8, "num_statements": 9, "percent_covered": 88.88888888888889, "percent_covered_display": "89", "missing_lines": 1, "excluded_lines": 0, "percent_statements_covered": 88.88888888888889, "percent_statements_covered_display": "89"}, "missing_lines": [183], "excluded_lines": [], "start_line": 174}, "_periodic_scan._next_fire": {"executed_lines": [], "summary": {"covered_lines": 0, "num_statements": 22, "percent_covered": 0.0, "percent_covered_display": "0", "missing_lines": 22, "excluded_lines": 1, "percent_statements_covered": 0.0, "percent_statements_covered_display": "0"}, "missing_lines": [190, 191, 192, 193, 194, 195, 196, 197, 198, 200, 201, 202, 203, 204, 205, 206, 207, 208, 209, 210, 211, 212], "excluded_lines": [199], "start_line": 189}, "_nightly_signal_cleanup": {"executed_lines": [], "summary": {"covered_lines": 0, "num_statements": 31, "percent_covered": 0.0, "percent_covered_display": "0", "missing_lines": 31, "excluded_lines": 1, "percent_statements_covered": 0.0, "percent_statements_covered_display": "0"}, "missing_lines": [321, 322, 323, 324, 325, 326, 327, 328, 329, 331, 332, 333, 335, 336, 338, 344, 349, 350, 364, 365, 366, 367, 368, 369, 370, 371, 372, 374, 375, 376, 377], "excluded_lines": [320], "start_line": 319}, "_nightly_outcome_resolution": {"executed_lines": [], "summary": {"covered_lines": 0, "num_statements": 22, "percent_covered": 0.0, "percent_covered_display": "0", "missing_lines": 22, "excluded_lines": 0, "percent_statements_covered": 0.0, "percent_statements_covered_display": "0"}, "missing_lines": [388, 389, 390, 391, 392, 393, 394, 395, 396, 398, 399, 401, 402, 404, 405, 406, 407, 412, 414, 415, 416, 417], "excluded_lines": [], "start_line": 380}, "_intraday_stop_monitor": {"executed_lines": [], "summary": {"covered_lines": 0, "num_statements": 12, "percent_covered": 0.0, "percent_covered_display": "0", "missing_lines": 12, "excluded_lines": 0, "percent_statements_covered": 0.0, "percent_statements_covered_display": "0"}, "missing_lines": [425, 427, 429, 430, 431, 432, 437, 438, 439, 440, 441, 442], "excluded_lines": [], "start_line": 420}, "_nightly_reflection_learning": {"executed_lines": [494], "summary": {"covered_lines": 1, "num_statements": 35, "percent_covered": 2.857142857142857, "percent_covered_display": "3", "missing_lines": 34, "excluded_lines": 1, "percent_statements_covered": 2.857142857142857, "percent_statements_covered_display": "3"}, "missing_lines": [452, 453, 454, 455, 456, 457, 458, 459, 460, 462, 463, 464, 466, 468, 469, 470, 471, 473, 474, 475, 491, 492, 493, 498, 505, 511, 512, 516, 517, 518, 521, 522, 523, 524], "excluded_lines": [519], "start_line": 445}, "_weekly_ml_retrain": {"executed_lines": [], "summary": {"covered_lines": 0, "num_statements": 18, "percent_covered": 0.0, "percent_covered_display": "0", "missing_lines": 18, "excluded_lines": 0, "percent_statements_covered": 0.0, "percent_statements_covered_display": "0"}, "missing_lines": [529, 530, 531, 532, 533, 534, 535, 536, 537, 538, 539, 540, 542, 543, 544, 548, 549, 550], "excluded_lines": [], "start_line": 527}, "_weekly_factor_mining": {"executed_lines": [576], "summary": {"covered_lines": 1, "num_statements": 23, "percent_covered": 4.3478260869565215, "percent_covered_display": "4", "missing_lines": 22, "excluded_lines": 0, "percent_statements_covered": 4.3478260869565215, "percent_statements_covered_display": "4"}, "missing_lines": [555, 557, 558, 559, 560, 561, 562, 563, 564, 565, 566, 567, 569, 570, 571, 572, 573, 574, 575, 578, 579, 580], "excluded_lines": [], "start_line": 553}, "_run_weekly_digest": {"executed_lines": [584, 585, 586, 587, 588, 590, 591, 592, 594, 595, 614, 621, 624, 625, 626, 627, 628, 629, 630, 631, 632, 635, 637, 638, 640, 643, 644, 645, 649, 655, 657, 660, 662, 664, 665, 668, 669, 670, 671, 672, 673, 675, 676, 678, 679, 681, 683, 694, 737, 759, 760, 762, 763], "summary": {"covered_lines": 53, "num_statements": 92, "percent_covered": 57.608695652173914, "percent_covered_display": "58", "missing_lines": 39, "excluded_lines": 1, "percent_statements_covered": 57.608695652173914, "percent_statements_covered_display": "58"}, "missing_lines": [601, 646, 656, 658, 659, 661, 663, 695, 696, 697, 699, 700, 701, 703, 704, 708, 709, 710, 718, 719, 721, 724, 728, 729, 730, 733, 734, 735, 738, 739, 753, 754, 755, 756, 764, 765, 766, 768, 769], "excluded_lines": [647], "start_line": 583}, "_run_weekly_digest.get_best_outcome": {"executed_lines": [], "summary": {"covered_lines": 0, "num_statements": 5, "percent_covered": 0.0, "percent_covered_display": "0", "missing_lines": 5, "excluded_lines": 0, "percent_statements_covered": 0.0, "percent_statements_covered_display": "0"}, "missing_lines": [615, 616, 617, 618, 619], "excluded_lines": [], "start_line": 614}, "_run_weekly_digest._fetch_spy": {"executed_lines": [641], "summary": {"covered_lines": 1, "num_statements": 1, "percent_covered": 100.0, "percent_covered_display": "100", "missing_lines": 0, "excluded_lines": 0, "percent_statements_covered": 100.0, "percent_statements_covered_display": "100"}, "missing_lines": [], "excluded_lines": [], "start_line": 640}, "_weekly_digest": {"executed_lines": [], "summary": {"covered_lines": 0, "num_statements": 11, "percent_covered": 0.0, "percent_covered_display": "0", "missing_lines": 11, "excluded_lines": 0, "percent_statements_covered": 0.0, "percent_statements_covered_display": "0"}, "missing_lines": [774, 775, 776, 778, 779, 780, 781, 782, 783, 784, 785], "excluded_lines": [], "start_line": 772}, "_ensure_default_watchlist": {"executed_lines": [], "summary": {"covered_lines": 0, "num_statements": 21, "percent_covered": 0.0, "percent_covered_display": "0", "missing_lines": 21, "excluded_lines": 0, "percent_statements_covered": 0.0, "percent_statements_covered_display": "0"}, "missing_lines": [800, 1021, 1022, 1023, 1024, 1026, 1027, 1031, 1032, 1034, 1036, 1037, 1038, 1039, 1040, 1041, 1043, 1044, 1045, 1046, 1047], "excluded_lines": [], "start_line": 788}, "_ensure_owner_account": {"executed_lines": [], "summary": {"covered_lines": 0, "num_statements": 14, "percent_covered": 0.0, "percent_covered_display": "0", "missing_lines": 14, "excluded_lines": 4, "percent_statements_covered": 0.0, "percent_statements_covered_display": "0"}, "missing_lines": [1052, 1055, 1056, 1058, 1060, 1061, 1062, 1063, 1064, 1065, 1066, 1078, 1079, 1080], "excluded_lines": [1053, 1054, 1057, 1067], "start_line": 1050}, "_prewarm_news_batch": {"executed_lines": [], "summary": {"covered_lines": 0, "num_statements": 9, "percent_covered": 0.0, "percent_covered_display": "0", "missing_lines": 9, "excluded_lines": 0, "percent_statements_covered": 0.0, "percent_statements_covered_display": "0"}, "missing_lines": [1085, 1086, 1087, 1088, 1090, 1091, 1092, 1093, 1094], "excluded_lines": [], "start_line": 1083}, "_warm_indicator_cache": {"executed_lines": [], "summary": {"covered_lines": 0, "num_statements": 12, "percent_covered": 0.0, "percent_covered_display": "0", "missing_lines": 12, "excluded_lines": 0, "percent_statements_covered": 0.0, "percent_statements_covered_display": "0"}, "missing_lines": [1103, 1104, 1105, 1106, 1108, 1109, 1110, 1112, 1119, 1120, 1121, 1122], "excluded_lines": [], "start_line": 1097}, "_warm_indicator_cache._fetch_one": {"executed_lines": [], "summary": {"covered_lines": 0, "num_statements": 4, "percent_covered": 0.0, "percent_covered_display": "0", "missing_lines": 4, "excluded_lines": 1, "percent_statements_covered": 0.0, "percent_statements_covered_display": "0"}, "missing_lines": [1113, 1114, 1115, 1116], "excluded_lines": [1117], "start_line": 1112}, "_weekly_ticker_screener": {"executed_lines": [], "summary": {"covered_lines": 0, "num_statements": 35, "percent_covered": 0.0, "percent_covered_display": "0", "missing_lines": 35, "excluded_lines": 0, "percent_statements_covered": 0.0, "percent_statements_covered_display": "0"}, "missing_lines": [1130, 1131, 1132, 1133, 1134, 1135, 1136, 1137, 1138, 1139, 1140, 1141, 1142, 1143, 1145, 1146, 1148, 1149, 1150, 1152, 1166, 1167, 1168, 1169, 1170, 1171, 1172, 1174, 1175, 1176, 1177, 1182, 1183, 1184, 1185], "excluded_lines": [], "start_line": 1125}, "_scan_watchdog": {"executed_lines": [1191], "summary": {"covered_lines": 1, "num_statements": 8, "percent_covered": 12.5, "percent_covered_display": "12", "missing_lines": 7, "excluded_lines": 0, "percent_statements_covered": 12.5, "percent_statements_covered_display": "12"}, "missing_lines": [1192, 1193, 1194, 1195, 1196, 1197, 1198], "excluded_lines": [], "start_line": 1188}, "_supervise": {"executed_lines": [], "summary": {"covered_lines": 0, "num_statements": 4, "percent_covered": 0.0, "percent_covered_display": "0", "missing_lines": 4, "excluded_lines": 0, "percent_statements_covered": 0.0, "percent_statements_covered_display": "0"}, "missing_lines": [1207, 1209, 1230, 1231], "excluded_lines": [], "start_line": 1201}, "_supervise._wrapper": {"executed_lines": [], "summary": {"covered_lines": 0, "num_statements": 19, "percent_covered": 0.0, "percent_covered_display": "0", "missing_lines": 19, "excluded_lines": 0, "percent_statements_covered": 0.0, "percent_statements_covered_display": "0"}, "missing_lines": [1210, 1211, 1212, 1213, 1214, 1215, 1216, 1217, 1218, 1219, 1220, 1221, 1222, 1223, 1224, 1225, 1226, 1227, 1228], "excluded_lines": [], "start_line": 1209}, "lifespan": {"executed_lines": [1236, 1237, 1238, 1245, 1264, 1273, 1274, 1275, 1276, 1278, 1279, 1280, 1281, 1282, 1283, 1284, 1285, 1286, 1287, 1290, 1299, 1300, 1302, 1304, 1305, 1306, 1307, 1308, 1309, 1310, 1311], "summary": {"covered_lines": 31, "num_statements": 37, "percent_covered": 83.78378378378379, "percent_covered_display": "84", "missing_lines": 6, "excluded_lines": 7, "percent_statements_covered": 83.78378378378379, "percent_statements_covered_display": "84"}, "missing_lines": [1239, 1265, 1301, 1312, 1313, 1314], "excluded_lines": [1246, 1247, 1248, 1252, 1253, 1258, 1259], "start_line": 1234}, "lifespan._prewarm_sectors": {"executed_lines": [], "summary": {"covered_lines": 0, "num_statements": 6, "percent_covered": 0.0, "percent_covered_display": "0", "missing_lines": 6, "excluded_lines": 0, "percent_statements_covered": 0.0, "percent_statements_covered_display": "0"}, "missing_lines": [1291, 1292, 1294, 1295, 1296, 1297], "excluded_lines": [], "start_line": 1290}, "CacheMiddleware.dispatch": {"executed_lines": [1368, 1369, 1371, 1372, 1373, 1375, 1376, 1377, 1379, 1380, 1381, 1382, 1384], "summary": {"covered_lines": 13, "num_statements": 13, "percent_covered": 100.0, "percent_covered_display": "100", "missing_lines": 0, "excluded_lines": 0, "percent_statements_covered": 100.0, "percent_statements_covered_display": "100"}, "missing_lines": [], "excluded_lines": [], "start_line": 1367}, "DataComplianceMiddleware.dispatch": {"executed_lines": [1396, 1397, 1398, 1403], "summary": {"covered_lines": 4, "num_statements": 4, "percent_covered": 100.0, "percent_covered_display": "100", "missing_lines": 0, "excluded_lines": 0, "percent_statements_covered": 100.0, "percent_statements_covered_display": "100"}, "missing_lines": [], "excluded_lines": [], "start_line": 1395}, "SecurityHeadersMiddleware.dispatch": {"executed_lines": [1423, 1424, 1427, 1428, 1429, 1430, 1431, 1434, 1438, 1439, 1449], "summary": {"covered_lines": 11, "num_statements": 12, "percent_covered": 91.66666666666667, "percent_covered_display": "92", "missing_lines": 1, "excluded_lines": 0, "percent_statements_covered": 91.66666666666667, "percent_statements_covered_display": "92"}, "missing_lines": [1435], "excluded_lines": [], "start_line": 1422}, "health_check": {"executed_lines": [1482, 1483, 1485, 1486, 1487, 1488, 1490, 1491, 1499, 1503, 1504], "summary": {"covered_lines": 11, "num_statements": 14, "percent_covered": 78.57142857142857, "percent_covered_display": "79", "missing_lines": 3, "excluded_lines": 0, "percent_statements_covered": 78.57142857142857, "percent_statements_covered_display": "79"}, "missing_lines": [1516, 1517, 1519], "excluded_lines": [], "start_line": 1481}, "scan_status": {"executed_lines": [1525], "summary": {"covered_lines": 1, "num_statements": 1, "percent_covered": 100.0, "percent_covered_display": "100", "missing_lines": 0, "excluded_lines": 0, "percent_statements_covered": 100.0, "percent_statements_covered_display": "100"}, "missing_lines": [], "excluded_lines": [], "start_line": 1523}, "admin_trigger_weekly_digest": {"executed_lines": [1531, 1532, 1533, 1534], "summary": {"covered_lines": 4, "num_statements": 4, "percent_covered": 100.0, "percent_covered_display": "100", "missing_lines": 0, "excluded_lines": 0, "percent_statements_covered": 100.0, "percent_statements_covered_display": "100"}, "missing_lines": [], "excluded_lines": [], "start_line": 1529}, "admin_weekly_digest_status": {"executed_lines": [1540, 1542], "summary": {"covered_lines": 2, "num_statements": 3, "percent_covered": 66.66666666666667, "percent_covered_display": "67", "missing_lines": 1, "excluded_lines": 0, "percent_statements_covered": 66.66666666666667, "percent_statements_covered_display": "67"}, "missing_lines": [1541], "excluded_lines": [], "start_line": 1538}, "serve_favicon_ico": {"executed_lines": [1554], "summary": {"covered_lines": 1, "num_statements": 1, "percent_covered": 100.0, "percent_covered_display": "100", "missing_lines": 0, "excluded_lines": 0, "percent_statements_covered": 100.0, "percent_statements_covered_display": "100"}, "missing_lines": [], "excluded_lines": [], "start_line": 1553}, "serve_favicon_svg": {"executed_lines": [1559], "summary": {"covered_lines": 1, "num_statements": 1, "percent_covered": 100.0, "percent_covered_display": "100", "missing_lines": 0, "excluded_lines": 0, "percent_statements_covered": 100.0, "percent_statements_covered_display": "100"}, "missing_lines": [], "excluded_lines": [], "start_line": 1558}, "serve_landing": {"executed_lines": [1564], "summary": {"covered_lines": 1, "num_statements": 1, "percent_covered": 100.0, "percent_covered_display": "100", "missing_lines": 0, "excluded_lines": 0, "percent_statements_covered": 100.0, "percent_statements_covered_display": "100"}, "missing_lines": [], "excluded_lines": [], "start_line": 1563}, "serve_app": {"executed_lines": [1569], "summary": {"covered_lines": 1, "num_statements": 1, "percent_covered": 100.0, "percent_covered_display": "100", "missing_lines": 0, "excluded_lines": 0, "percent_statements_covered": 100.0, "percent_statements_covered_display": "100"}, "missing_lines": [], "excluded_lines": [], "start_line": 1568}, "serve_login": {"executed_lines": [1574], "summary": {"covered_lines": 1, "num_statements": 1, "percent_covered": 100.0, "percent_covered_display": "100", "missing_lines": 0, "excluded_lines": 0, "percent_statements_covered": 100.0, "percent_statements_covered_display": "100"}, "missing_lines": [], "excluded_lines": [], "start_line": 1573}, "serve_signup": {"executed_lines": [1579], "summary": {"covered_lines": 1, "num_statements": 1, "percent_covered": 100.0, "percent_covered_display": "100", "missing_lines": 0, "excluded_lines": 0, "percent_statements_covered": 100.0, "percent_statements_covered_display": "100"}, "missing_lines": [], "excluded_lines": [], "start_line": 1578}, "serve_track_record": {"executed_lines": [1584], "summary": {"covered_lines": 1, "num_statements": 1, "percent_covered": 100.0, "percent_covered_display": "100", "missing_lines": 0, "excluded_lines": 0, "percent_statements_covered": 100.0, "percent_statements_covered_display": "100"}, "missing_lines": [], "excluded_lines": [], "start_line": 1583}, "serve_tos": {"executed_lines": [1589], "summary": {"covered_lines": 1, "num_statements": 1, "percent_covered": 100.0, "percent_covered_display": "100", "missing_lines": 0, "excluded_lines": 0, "percent_statements_covered": 100.0, "percent_statements_covered_display": "100"}, "missing_lines": [], "excluded_lines": [], "start_line": 1588}, "serve_privacy": {"executed_lines": [1594], "summary": {"covered_lines": 1, "num_statements": 1, "percent_covered": 100.0, "percent_covered_display": "100", "missing_lines": 0, "excluded_lines": 0, "percent_statements_covered": 100.0, "percent_statements_covered_display": "100"}, "missing_lines": [], "excluded_lines": [], "start_line": 1593}, "serve_mobile": {"executed_lines": [1599], "summary": {"covered_lines": 1, "num_statements": 1, "percent_covered": 100.0, "percent_covered_display": "100", "missing_lines": 0, "excluded_lines": 0, "percent_statements_covered": 100.0, "percent_statements_covered_display": "100"}, "missing_lines": [], "excluded_lines": [], "start_line": 1598}, "serve_design": {"executed_lines": [], "summary": {"covered_lines": 0, "num_statements": 1, "percent_covered": 0.0, "percent_covered_display": "0", "missing_lines": 1, "excluded_lines": 0, "percent_statements_covered": 0.0, "percent_statements_covered_display": "0"}, "missing_lines": [1604], "excluded_lines": [], "start_line": 1603}, "serve_hub": {"executed_lines": [1609], "summary": {"covered_lines": 1, "num_statements": 1, "percent_covered": 100.0, "percent_covered_display": "100", "missing_lines": 0, "excluded_lines": 0, "percent_statements_covered": 100.0, "percent_statements_covered_display": "100"}, "missing_lines": [], "excluded_lines": [], "start_line": 1608}, "serve_verify_email": {"executed_lines": [1614], "summary": {"covered_lines": 1, "num_statements": 1, "percent_covered": 100.0, "percent_covered_display": "100", "missing_lines": 0, "excluded_lines": 0, "percent_statements_covered": 100.0, "percent_statements_covered_display": "100"}, "missing_lines": [], "excluded_lines": [], "start_line": 1613}, "": {"executed_lines": [1, 2, 3, 4, 5, 6, 8, 9, 14, 15, 16, 17, 22, 25, 28, 40, 41, 46, 47, 48, 49, 51, 52, 53, 54, 55, 59, 60, 61, 63, 64, 65, 66, 67, 68, 69, 71, 73, 74, 75, 76, 77, 78, 79, 80, 81, 82, 83, 84, 85, 86, 87, 88, 89, 90, 91, 92, 93, 94, 95, 96, 97, 98, 99, 100, 101, 103, 104, 107, 109, 117, 118, 123, 125, 126, 128, 134, 137, 150, 152, 155, 158, 319, 380, 420, 445, 527, 553, 583, 772, 788, 1050, 1083, 1097, 1125, 1188, 1201, 1234, 1317, 1318, 1319, 1321, 1322, 1325, 1333, 1334, 1337, 1348, 1349, 1351, 1352, 1367, 1387, 1394, 1395, 1406, 1413, 1416, 1417, 1418, 1419, 1420, 1422, 1452, 1455, 1456, 1457, 1458, 1459, 1460, 1461, 1462, 1463, 1464, 1465, 1466, 1467, 1468, 1469, 1470, 1471, 1472, 1473, 1474, 1475, 1476, 1480, 1481, 1522, 1523, 1528, 1529, 1537, 1538, 1552, 1553, 1557, 1558, 1562, 1563, 1567, 1568, 1572, 1573, 1577, 1578, 1582, 1583, 1587, 1588, 1592, 1593, 1597, 1598, 1602, 1603, 1607, 1608, 1612, 1613, 1618], "summary": {"covered_lines": 181, "num_statements": 188, "percent_covered": 96.27659574468085, "percent_covered_display": "96", "missing_lines": 7, "excluded_lines": 9, "percent_statements_covered": 96.27659574468085, "percent_statements_covered_display": "96"}, "missing_lines": [18, 19, 110, 120, 129, 135, 138], "excluded_lines": [20, 144, 145, 1350, 1621, 1622, 1624, 1625, 1626], "start_line": 1}}, "classes": {"_StructuredFormatter": {"executed_lines": [], "summary": {"covered_lines": 0, "num_statements": 4, "percent_covered": 0.0, "percent_covered_display": "0", "missing_lines": 4, "excluded_lines": 0, "percent_statements_covered": 0.0, "percent_statements_covered_display": "0"}, "missing_lines": [29, 35, 36, 37], "excluded_lines": [], "start_line": 25}, "CacheMiddleware": {"executed_lines": [1368, 1369, 1371, 1372, 1373, 1375, 1376, 1377, 1379, 1380, 1381, 1382, 1384], "summary": {"covered_lines": 13, "num_statements": 13, "percent_covered": 100.0, "percent_covered_display": "100", "missing_lines": 0, "excluded_lines": 0, "percent_statements_covered": 100.0, "percent_statements_covered_display": "100"}, "missing_lines": [], "excluded_lines": [], "start_line": 1337}, "DataComplianceMiddleware": {"executed_lines": [1396, 1397, 1398, 1403], "summary": {"covered_lines": 4, "num_statements": 4, "percent_covered": 100.0, "percent_covered_display": "100", "missing_lines": 0, "excluded_lines": 0, "percent_statements_covered": 100.0, "percent_statements_covered_display": "100"}, "missing_lines": [], "excluded_lines": [], "start_line": 1394}, "SecurityHeadersMiddleware": {"executed_lines": [1423, 1424, 1427, 1428, 1429, 1430, 1431, 1434, 1438, 1439, 1449], "summary": {"covered_lines": 11, "num_statements": 12, "percent_covered": 91.66666666666667, "percent_covered_display": "92", "missing_lines": 1, "excluded_lines": 0, "percent_statements_covered": 91.66666666666667, "percent_statements_covered_display": "92"}, "missing_lines": [1435], "excluded_lines": [], "start_line": 1413}, "": {"executed_lines": [1, 2, 3, 4, 5, 6, 8, 9, 14, 15, 16, 17, 22, 25, 28, 40, 41, 46, 47, 48, 49, 51, 52, 53, 54, 55, 59, 60, 61, 63, 64, 65, 66, 67, 68, 69, 71, 73, 74, 75, 76, 77, 78, 79, 80, 81, 82, 83, 84, 85, 86, 87, 88, 89, 90, 91, 92, 93, 94, 95, 96, 97, 98, 99, 100, 101, 103, 104, 107, 109, 117, 118, 123, 125, 126, 128, 134, 137, 150, 152, 155, 158, 169, 171, 172, 174, 175, 176, 177, 178, 179, 180, 181, 182, 186, 187, 240, 241, 242, 244, 245, 246, 247, 248, 319, 380, 420, 445, 494, 527, 553, 576, 583, 584, 585, 586, 587, 588, 590, 591, 592, 594, 595, 614, 621, 624, 625, 626, 627, 628, 629, 630, 631, 632, 635, 637, 638, 640, 641, 643, 644, 645, 649, 655, 657, 660, 662, 664, 665, 668, 669, 670, 671, 672, 673, 675, 676, 678, 679, 681, 683, 694, 737, 759, 760, 762, 763, 772, 788, 1050, 1083, 1097, 1125, 1188, 1191, 1201, 1234, 1236, 1237, 1238, 1245, 1264, 1273, 1274, 1275, 1276, 1278, 1279, 1280, 1281, 1282, 1283, 1284, 1285, 1286, 1287, 1290, 1299, 1300, 1302, 1304, 1305, 1306, 1307, 1308, 1309, 1310, 1311, 1317, 1318, 1319, 1321, 1322, 1325, 1333, 1334, 1337, 1348, 1349, 1351, 1352, 1367, 1387, 1394, 1395, 1406, 1413, 1416, 1417, 1418, 1419, 1420, 1422, 1452, 1455, 1456, 1457, 1458, 1459, 1460, 1461, 1462, 1463, 1464, 1465, 1466, 1467, 1468, 1469, 1470, 1471, 1472, 1473, 1474, 1475, 1476, 1480, 1481, 1482, 1483, 1485, 1486, 1487, 1488, 1490, 1491, 1499, 1503, 1504, 1522, 1523, 1525, 1528, 1529, 1531, 1532, 1533, 1534, 1537, 1538, 1540, 1542, 1552, 1553, 1554, 1557, 1558, 1559, 1562, 1563, 1564, 1567, 1568, 1569, 1572, 1573, 1574, 1577, 1578, 1579, 1582, 1583, 1584, 1587, 1588, 1589, 1592, 1593, 1594, 1597, 1598, 1599, 1602, 1603, 1607, 1608, 1609, 1612, 1613, 1614, 1618], "summary": {"covered_lines": 321, "num_statements": 761, "percent_covered": 42.18134034165572, "percent_covered_display": "42", "missing_lines": 440, "excluded_lines": 25, "percent_statements_covered": 42.18134034165572, "percent_statements_covered_display": "42"}, "missing_lines": [18, 19, 110, 120, 129, 135, 138, 183, 189, 190, 191, 192, 193, 194, 195, 196, 197, 198, 200, 201, 202, 203, 204, 205, 206, 207, 208, 209, 210, 211, 212, 214, 215, 216, 217, 218, 219, 220, 221, 222, 223, 224, 225, 226, 227, 228, 229, 230, 231, 232, 233, 236, 249, 251, 252, 253, 255, 256, 257, 258, 259, 261, 262, 263, 264, 267, 268, 271, 272, 273, 274, 275, 276, 277, 278, 279, 280, 281, 286, 287, 288, 289, 290, 291, 292, 293, 294, 295, 298, 299, 300, 301, 302, 303, 305, 306, 307, 308, 309, 311, 312, 313, 314, 316, 321, 322, 323, 324, 325, 326, 327, 328, 329, 331, 332, 333, 335, 336, 338, 344, 349, 350, 364, 365, 366, 367, 368, 369, 370, 371, 372, 374, 375, 376, 377, 388, 389, 390, 391, 392, 393, 394, 395, 396, 398, 399, 401, 402, 404, 405, 406, 407, 412, 414, 415, 416, 417, 425, 427, 429, 430, 431, 432, 437, 438, 439, 440, 441, 442, 452, 453, 454, 455, 456, 457, 458, 459, 460, 462, 463, 464, 466, 468, 469, 470, 471, 473, 474, 475, 491, 492, 493, 498, 505, 511, 512, 516, 517, 518, 521, 522, 523, 524, 529, 530, 531, 532, 533, 534, 535, 536, 537, 538, 539, 540, 542, 543, 544, 548, 549, 550, 555, 557, 558, 559, 560, 561, 562, 563, 564, 565, 566, 567, 569, 570, 571, 572, 573, 574, 575, 578, 579, 580, 601, 615, 616, 617, 618, 619, 646, 656, 658, 659, 661, 663, 695, 696, 697, 699, 700, 701, 703, 704, 708, 709, 710, 718, 719, 721, 724, 728, 729, 730, 733, 734, 735, 738, 739, 753, 754, 755, 756, 764, 765, 766, 768, 769, 774, 775, 776, 778, 779, 780, 781, 782, 783, 784, 785, 800, 1021, 1022, 1023, 1024, 1026, 1027, 1031, 1032, 1034, 1036, 1037, 1038, 1039, 1040, 1041, 1043, 1044, 1045, 1046, 1047, 1052, 1055, 1056, 1058, 1060, 1061, 1062, 1063, 1064, 1065, 1066, 1078, 1079, 1080, 1085, 1086, 1087, 1088, 1090, 1091, 1092, 1093, 1094, 1103, 1104, 1105, 1106, 1108, 1109, 1110, 1112, 1113, 1114, 1115, 1116, 1119, 1120, 1121, 1122, 1130, 1131, 1132, 1133, 1134, 1135, 1136, 1137, 1138, 1139, 1140, 1141, 1142, 1143, 1145, 1146, 1148, 1149, 1150, 1152, 1166, 1167, 1168, 1169, 1170, 1171, 1172, 1174, 1175, 1176, 1177, 1182, 1183, 1184, 1185, 1192, 1193, 1194, 1195, 1196, 1197, 1198, 1207, 1209, 1210, 1211, 1212, 1213, 1214, 1215, 1216, 1217, 1218, 1219, 1220, 1221, 1222, 1223, 1224, 1225, 1226, 1227, 1228, 1230, 1231, 1239, 1265, 1291, 1292, 1294, 1295, 1296, 1297, 1301, 1312, 1313, 1314, 1516, 1517, 1519, 1541, 1604], "excluded_lines": [20, 144, 145, 199, 320, 519, 647, 1053, 1054, 1057, 1067, 1117, 1246, 1247, 1248, 1252, 1253, 1258, 1259, 1350, 1621, 1622, 1624, 1625, 1626], "start_line": 1}}}, "models.py": {"executed_lines": [1, 2, 3, 6, 7, 8, 9, 10, 11, 12, 13, 14, 15, 16, 17, 18, 19, 20, 21, 22, 23, 24, 25, 26, 27, 28, 29, 30, 31, 33, 34, 35, 36, 37, 38, 39, 41, 46, 48, 49, 50, 51, 52, 54, 55, 56, 57, 58, 61, 62, 63, 64, 65, 66, 67, 70, 71, 72, 73, 74, 77, 78, 79, 80, 81, 82, 83, 86, 87, 88, 89, 90, 91, 92, 93, 94, 95, 101, 102, 103, 104, 106, 107, 110, 111, 113, 114, 115, 116, 117, 119, 121, 122, 124, 125, 127, 128, 130, 131, 133, 134, 135, 136, 138, 139, 140, 142, 143, 146, 147, 148, 149, 150, 151, 152, 153, 156, 159, 160, 161, 162, 163, 164, 167, 168, 169, 170, 171, 172, 173, 174, 175, 178, 179, 180, 181, 182, 183, 184, 185, 188, 191, 192, 193, 194, 197, 201, 202, 203, 204, 205, 206, 209, 219, 220, 221, 222, 223, 224, 225, 226, 229, 232, 233, 234, 235, 236, 237, 238, 239, 240, 241, 242, 243, 244, 247, 255, 256, 257, 258, 259, 260, 261, 262, 263, 264], "summary": {"covered_lines": 186, "num_statements": 186, "percent_covered": 100.0, "percent_covered_display": "100", "missing_lines": 0, "excluded_lines": 4, "percent_statements_covered": 100.0, "percent_statements_covered_display": "100"}, "missing_lines": [], "excluded_lines": [105, 108, 198, 200], "functions": {"": {"executed_lines": [1, 2, 3, 6, 7, 8, 9, 10, 11, 12, 13, 14, 15, 16, 17, 18, 19, 20, 21, 22, 23, 24, 25, 26, 27, 28, 29, 30, 31, 33, 34, 35, 36, 37, 38, 39, 41, 46, 48, 49, 50, 51, 52, 54, 55, 56, 57, 58, 61, 62, 63, 64, 65, 66, 67, 70, 71, 72, 73, 74, 77, 78, 79, 80, 81, 82, 83, 86, 87, 88, 89, 90, 91, 92, 93, 94, 95, 101, 102, 103, 104, 106, 107, 110, 111, 113, 114, 115, 116, 117, 119, 121, 122, 124, 125, 127, 128, 130, 131, 133, 134, 135, 136, 138, 139, 140, 142, 143, 146, 147, 148, 149, 150, 151, 152, 153, 156, 159, 160, 161, 162, 163, 164, 167, 168, 169, 170, 171, 172, 173, 174, 175, 178, 179, 180, 181, 182, 183, 184, 185, 188, 191, 192, 193, 194, 197, 201, 202, 203, 204, 205, 206, 209, 219, 220, 221, 222, 223, 224, 225, 226, 229, 232, 233, 234, 235, 236, 237, 238, 239, 240, 241, 242, 243, 244, 247, 255, 256, 257, 258, 259, 260, 261, 262, 263, 264], "summary": {"covered_lines": 186, "num_statements": 186, "percent_covered": 100.0, "percent_covered_display": "100", "missing_lines": 0, "excluded_lines": 4, "percent_statements_covered": 100.0, "percent_statements_covered_display": "100"}, "missing_lines": [], "excluded_lines": [105, 108, 198, 200], "start_line": 1}}, "classes": {"Signal": {"executed_lines": [], "summary": {"covered_lines": 0, "num_statements": 0, "percent_covered": 100.0, "percent_covered_display": "100", "missing_lines": 0, "excluded_lines": 0, "percent_statements_covered": 100.0, "percent_statements_covered_display": "100"}, "missing_lines": [], "excluded_lines": [], "start_line": 6}, "SendLog": {"executed_lines": [], "summary": {"covered_lines": 0, "num_statements": 0, "percent_covered": 100.0, "percent_covered_display": "100", "missing_lines": 0, "excluded_lines": 0, "percent_statements_covered": 100.0, "percent_statements_covered_display": "100"}, "missing_lines": [], "excluded_lines": [], "start_line": 61}, "AppSettings": {"executed_lines": [], "summary": {"covered_lines": 0, "num_statements": 0, "percent_covered": 100.0, "percent_covered_display": "100", "missing_lines": 0, "excluded_lines": 0, "percent_statements_covered": 100.0, "percent_statements_covered_display": "100"}, "missing_lines": [], "excluded_lines": [], "start_line": 70}, "WatchlistItem": {"executed_lines": [], "summary": {"covered_lines": 0, "num_statements": 0, "percent_covered": 100.0, "percent_covered_display": "100", "missing_lines": 0, "excluded_lines": 0, "percent_statements_covered": 100.0, "percent_statements_covered_display": "100"}, "missing_lines": [], "excluded_lines": [], "start_line": 77}, "Source": {"executed_lines": [], "summary": {"covered_lines": 0, "num_statements": 0, "percent_covered": 100.0, "percent_covered_display": "100", "missing_lines": 0, "excluded_lines": 0, "percent_statements_covered": 100.0, "percent_statements_covered_display": "100"}, "missing_lines": [], "excluded_lines": [], "start_line": 86}, "User": {"executed_lines": [], "summary": {"covered_lines": 0, "num_statements": 0, "percent_covered": 100.0, "percent_covered_display": "100", "missing_lines": 0, "excluded_lines": 0, "percent_statements_covered": 100.0, "percent_statements_covered_display": "100"}, "missing_lines": [], "excluded_lines": [], "start_line": 101}, "RefreshToken": {"executed_lines": [], "summary": {"covered_lines": 0, "num_statements": 0, "percent_covered": 100.0, "percent_covered_display": "100", "missing_lines": 0, "excluded_lines": 0, "percent_statements_covered": 100.0, "percent_statements_covered_display": "100"}, "missing_lines": [], "excluded_lines": [], "start_line": 146}, "SignalDelivery": {"executed_lines": [], "summary": {"covered_lines": 0, "num_statements": 0, "percent_covered": 100.0, "percent_covered_display": "100", "missing_lines": 0, "excluded_lines": 0, "percent_statements_covered": 100.0, "percent_statements_covered_display": "100"}, "missing_lines": [], "excluded_lines": [], "start_line": 156}, "PriceAlert": {"executed_lines": [], "summary": {"covered_lines": 0, "num_statements": 0, "percent_covered": 100.0, "percent_covered_display": "100", "missing_lines": 0, "excluded_lines": 0, "percent_statements_covered": 100.0, "percent_statements_covered_display": "100"}, "missing_lines": [], "excluded_lines": [], "start_line": 167}, "PushSubscription": {"executed_lines": [], "summary": {"covered_lines": 0, "num_statements": 0, "percent_covered": 100.0, "percent_covered_display": "100", "missing_lines": 0, "excluded_lines": 0, "percent_statements_covered": 100.0, "percent_statements_covered_display": "100"}, "missing_lines": [], "excluded_lines": [], "start_line": 178}, "StripeEvent": {"executed_lines": [], "summary": {"covered_lines": 0, "num_statements": 0, "percent_covered": 100.0, "percent_covered_display": "100", "missing_lines": 0, "excluded_lines": 0, "percent_statements_covered": 100.0, "percent_statements_covered_display": "100"}, "missing_lines": [], "excluded_lines": [], "start_line": 188}, "PasswordResetToken": {"executed_lines": [], "summary": {"covered_lines": 0, "num_statements": 0, "percent_covered": 100.0, "percent_covered_display": "100", "missing_lines": 0, "excluded_lines": 0, "percent_statements_covered": 100.0, "percent_statements_covered_display": "100"}, "missing_lines": [], "excluded_lines": [], "start_line": 197}, "SignalAlert": {"executed_lines": [], "summary": {"covered_lines": 0, "num_statements": 0, "percent_covered": 100.0, "percent_covered_display": "100", "missing_lines": 0, "excluded_lines": 0, "percent_statements_covered": 100.0, "percent_statements_covered_display": "100"}, "missing_lines": [], "excluded_lines": [], "start_line": 209}, "BrokerOrder": {"executed_lines": [], "summary": {"covered_lines": 0, "num_statements": 0, "percent_covered": 100.0, "percent_covered_display": "100", "missing_lines": 0, "excluded_lines": 0, "percent_statements_covered": 100.0, "percent_statements_covered_display": "100"}, "missing_lines": [], "excluded_lines": [], "start_line": 229}, "PerformanceSnapshot": {"executed_lines": [], "summary": {"covered_lines": 0, "num_statements": 0, "percent_covered": 100.0, "percent_covered_display": "100", "missing_lines": 0, "excluded_lines": 0, "percent_statements_covered": 100.0, "percent_statements_covered_display": "100"}, "missing_lines": [], "excluded_lines": [], "start_line": 247}, "": {"executed_lines": [1, 2, 3, 6, 7, 8, 9, 10, 11, 12, 13, 14, 15, 16, 17, 18, 19, 20, 21, 22, 23, 24, 25, 26, 27, 28, 29, 30, 31, 33, 34, 35, 36, 37, 38, 39, 41, 46, 48, 49, 50, 51, 52, 54, 55, 56, 57, 58, 61, 62, 63, 64, 65, 66, 67, 70, 71, 72, 73, 74, 77, 78, 79, 80, 81, 82, 83, 86, 87, 88, 89, 90, 91, 92, 93, 94, 95, 101, 102, 103, 104, 106, 107, 110, 111, 113, 114, 115, 116, 117, 119, 121, 122, 124, 125, 127, 128, 130, 131, 133, 134, 135, 136, 138, 139, 140, 142, 143, 146, 147, 148, 149, 150, 151, 152, 153, 156, 159, 160, 161, 162, 163, 164, 167, 168, 169, 170, 171, 172, 173, 174, 175, 178, 179, 180, 181, 182, 183, 184, 185, 188, 191, 192, 193, 194, 197, 201, 202, 203, 204, 205, 206, 209, 219, 220, 221, 222, 223, 224, 225, 226, 229, 232, 233, 234, 235, 236, 237, 238, 239, 240, 241, 242, 243, 244, 247, 255, 256, 257, 258, 259, 260, 261, 262, 263, 264], "summary": {"covered_lines": 186, "num_statements": 186, "percent_covered": 100.0, "percent_covered_display": "100", "missing_lines": 0, "excluded_lines": 4, "percent_statements_covered": 100.0, "percent_statements_covered_display": "100"}, "missing_lines": [], "excluded_lines": [105, 108, 198, 200], "start_line": 1}}}, "routers/__init__.py": {"executed_lines": [], "summary": {"covered_lines": 0, "num_statements": 0, "percent_covered": 100.0, "percent_covered_display": "100", "missing_lines": 0, "excluded_lines": 0, "percent_statements_covered": 100.0, "percent_statements_covered_display": "100"}, "missing_lines": [], "excluded_lines": [], "functions": {"": {"executed_lines": [], "summary": {"covered_lines": 0, "num_statements": 0, "percent_covered": 100.0, "percent_covered_display": "100", "missing_lines": 0, "excluded_lines": 0, "percent_statements_covered": 100.0, "percent_statements_covered_display": "100"}, "missing_lines": [], "excluded_lines": [], "start_line": 1}}, "classes": {"": {"executed_lines": [], "summary": {"covered_lines": 0, "num_statements": 0, "percent_covered": 100.0, "percent_covered_display": "100", "missing_lines": 0, "excluded_lines": 0, "percent_statements_covered": 100.0, "percent_statements_covered_display": "100"}, "missing_lines": [], "excluded_lines": [], "start_line": 1}}}, "routers/accuracy.py": {"executed_lines": [6, 7, 9, 10, 11, 12, 13, 14, 16, 17, 20, 21, 26, 28, 30, 32, 33, 34, 35, 36, 37, 39, 40, 43, 44, 45, 46, 47, 48, 50, 51, 52, 53, 62, 65, 66, 71, 73, 77, 78, 79, 81, 82, 83, 84, 85, 86, 87, 88, 90, 91, 92, 93, 94, 104], "summary": {"covered_lines": 55, "num_statements": 58, "percent_covered": 94.82758620689656, "percent_covered_display": "95", "missing_lines": 3, "excluded_lines": 0, "percent_statements_covered": 94.82758620689656, "percent_statements_covered_display": "95"}, "missing_lines": [41, 42, 80], "excluded_lines": [], "functions": {"source_accuracy": {"executed_lines": [26, 28, 30, 32, 33, 34, 35, 36, 37, 39, 40, 43, 44, 45, 46, 47, 48, 50, 51, 52, 53, 62], "summary": {"covered_lines": 22, "num_statements": 24, "percent_covered": 91.66666666666667, "percent_covered_display": "92", "missing_lines": 2, "excluded_lines": 0, "percent_statements_covered": 91.66666666666667, "percent_statements_covered_display": "92"}, "missing_lines": [41, 42], "excluded_lines": [], "start_line": 21}, "ticker_accuracy": {"executed_lines": [71, 73, 77, 78, 79, 81, 82, 83, 84, 85, 86, 87, 88, 90, 91, 92, 93, 94, 104], "summary": {"covered_lines": 19, "num_statements": 20, "percent_covered": 95.0, "percent_covered_display": "95", "missing_lines": 1, "excluded_lines": 0, "percent_statements_covered": 95.0, "percent_statements_covered_display": "95"}, "missing_lines": [80], "excluded_lines": [], "start_line": 66}, "": {"executed_lines": [6, 7, 9, 10, 11, 12, 13, 14, 16, 17, 20, 21, 65, 66], "summary": {"covered_lines": 14, "num_statements": 14, "percent_covered": 100.0, "percent_covered_display": "100", "missing_lines": 0, "excluded_lines": 0, "percent_statements_covered": 100.0, "percent_statements_covered_display": "100"}, "missing_lines": [], "excluded_lines": [], "start_line": 1}}, "classes": {"": {"executed_lines": [6, 7, 9, 10, 11, 12, 13, 14, 16, 17, 20, 21, 26, 28, 30, 32, 33, 34, 35, 36, 37, 39, 40, 43, 44, 45, 46, 47, 48, 50, 51, 52, 53, 62, 65, 66, 71, 73, 77, 78, 79, 81, 82, 83, 84, 85, 86, 87, 88, 90, 91, 92, 93, 94, 104], "summary": {"covered_lines": 55, "num_statements": 58, "percent_covered": 94.82758620689656, "percent_covered_display": "95", "missing_lines": 3, "excluded_lines": 0, "percent_statements_covered": 94.82758620689656, "percent_statements_covered_display": "95"}, "missing_lines": [41, 42, 80], "excluded_lines": [], "start_line": 1}}}, "routers/admin.py": {"executed_lines": [6, 7, 9, 10, 11, 12, 13, 14, 15, 17, 18, 21, 22, 23, 24, 30, 31, 33, 127, 128, 140, 141, 145, 146, 163, 164, 168, 169, 170, 173, 180, 187, 192, 198, 199, 200, 202, 203, 212, 216, 235, 238, 239, 240, 243, 244, 265, 266, 360, 361, 380, 381, 428, 429, 454, 455, 478, 479, 516, 517, 529, 530, 533, 534, 535, 536, 537, 538, 541, 542, 552, 555, 557, 559, 560, 561, 562, 563, 566, 567, 578, 580, 582, 587, 589, 590, 591, 592, 593, 594, 595, 597, 598, 600, 601, 603, 611, 612, 684, 686, 687, 688, 689, 690, 691, 701, 702], "summary": {"covered_lines": 107, "num_statements": 246, "percent_covered": 43.49593495934959, "percent_covered_display": "43", "missing_lines": 139, "excluded_lines": 9, "percent_statements_covered": 43.49593495934959, "percent_statements_covered_display": "43"}, "missing_lines": [251, 252, 253, 254, 255, 256, 257, 258, 259, 260, 261, 262, 271, 273, 276, 277, 279, 280, 281, 282, 284, 285, 289, 290, 291, 293, 294, 295, 296, 300, 301, 303, 304, 305, 306, 310, 311, 313, 314, 315, 319, 320, 322, 323, 324, 328, 329, 330, 331, 333, 334, 335, 336, 337, 338, 339, 340, 344, 345, 346, 348, 350, 352, 353, 354, 357, 366, 367, 368, 369, 370, 371, 372, 373, 374, 389, 391, 393, 394, 403, 404, 406, 408, 409, 410, 411, 412, 414, 416, 435, 440, 461, 464, 465, 466, 491, 493, 497, 498, 499, 500, 501, 503, 504, 506, 508, 531, 532, 547, 548, 549, 558, 622, 624, 625, 626, 629, 630, 631, 632, 633, 634, 637, 638, 639, 640, 641, 642, 645, 646, 647, 648, 649, 652, 653, 654, 659, 661, 663], "excluded_lines": [34, 37, 286, 297, 307, 316, 325, 341, 355], "functions": {"_require_owner": {"executed_lines": [22, 23, 24], "summary": {"covered_lines": 3, "num_statements": 3, "percent_covered": 100.0, "percent_covered_display": "100", "missing_lines": 0, "excluded_lines": 0, "percent_statements_covered": 100.0, "percent_statements_covered_display": "100"}, "missing_lines": [], "excluded_lines": [], "start_line": 21}, "setup_status": {"executed_lines": [33, 127, 128], "summary": {"covered_lines": 3, "num_statements": 3, "percent_covered": 100.0, "percent_covered_display": "100", "missing_lines": 0, "excluded_lines": 2, "percent_statements_covered": 100.0, "percent_statements_covered_display": "100"}, "missing_lines": [], "excluded_lines": [34, 37], "start_line": 31}, "list_users": {"executed_lines": [145, 146], "summary": {"covered_lines": 2, "num_statements": 2, "percent_covered": 100.0, "percent_covered_display": "100", "missing_lines": 0, "excluded_lines": 0, "percent_statements_covered": 100.0, "percent_statements_covered_display": "100"}, "missing_lines": [], "excluded_lines": [], "start_line": 141}, "admin_stats": {"executed_lines": [168, 169, 170, 173, 180, 187, 192, 198, 199, 200, 202, 203, 212, 216], "summary": {"covered_lines": 14, "num_statements": 14, "percent_covered": 100.0, "percent_covered_display": "100", "missing_lines": 0, "excluded_lines": 0, "percent_statements_covered": 100.0, "percent_statements_covered_display": "100"}, "missing_lines": [], "excluded_lines": [], "start_line": 164}, "set_user_tier": {"executed_lines": [], "summary": {"covered_lines": 0, "num_statements": 12, "percent_covered": 0.0, "percent_covered_display": "0", "missing_lines": 12, "excluded_lines": 0, "percent_statements_covered": 0.0, "percent_statements_covered_display": "0"}, "missing_lines": [251, 252, 253, 254, 255, 256, 257, 258, 259, 260, 261, 262], "excluded_lines": [], "start_line": 244}, "rate_limit_dashboard": {"executed_lines": [], "summary": {"covered_lines": 0, "num_statements": 54, "percent_covered": 0.0, "percent_covered_display": "0", "missing_lines": 54, "excluded_lines": 7, "percent_statements_covered": 0.0, "percent_statements_covered_display": "0"}, "missing_lines": [271, 273, 276, 277, 279, 280, 281, 282, 284, 285, 289, 290, 291, 293, 294, 295, 296, 300, 301, 303, 304, 305, 306, 310, 311, 313, 314, 315, 319, 320, 322, 323, 324, 328, 329, 330, 331, 333, 334, 335, 336, 337, 338, 339, 340, 344, 345, 346, 348, 350, 352, 353, 354, 357], "excluded_lines": [286, 297, 307, 316, 325, 341, 355], "start_line": 266}, "delete_user": {"executed_lines": [], "summary": {"covered_lines": 0, "num_statements": 9, "percent_covered": 0.0, "percent_covered_display": "0", "missing_lines": 9, "excluded_lines": 0, "percent_statements_covered": 0.0, "percent_statements_covered_display": "0"}, "missing_lines": [366, 367, 368, 369, 370, 371, 372, 373, 374], "excluded_lines": [], "start_line": 361}, "delivery_sla": {"executed_lines": [], "summary": {"covered_lines": 0, "num_statements": 14, "percent_covered": 0.0, "percent_covered_display": "0", "missing_lines": 14, "excluded_lines": 0, "percent_statements_covered": 0.0, "percent_statements_covered_display": "0"}, "missing_lines": [389, 391, 393, 394, 403, 404, 406, 408, 409, 410, 411, 412, 414, 416], "excluded_lines": [], "start_line": 381}, "list_snapshots": {"executed_lines": [], "summary": {"covered_lines": 0, "num_statements": 2, "percent_covered": 0.0, "percent_covered_display": "0", "missing_lines": 2, "excluded_lines": 0, "percent_statements_covered": 0.0, "percent_statements_covered_display": "0"}, "missing_lines": [435, 440], "excluded_lines": [], "start_line": 429}, "get_snapshot": {"executed_lines": [], "summary": {"covered_lines": 0, "num_statements": 4, "percent_covered": 0.0, "percent_covered_display": "0", "missing_lines": 4, "excluded_lines": 0, "percent_statements_covered": 0.0, "percent_statements_covered_display": "0"}, "missing_lines": [461, 464, 465, 466], "excluded_lines": [], "start_line": 455}, "diff_snapshots_endpoint": {"executed_lines": [], "summary": {"covered_lines": 0, "num_statements": 11, "percent_covered": 0.0, "percent_covered_display": "0", "missing_lines": 11, "excluded_lines": 0, "percent_statements_covered": 0.0, "percent_statements_covered_display": "0"}, "missing_lines": [491, 493, 497, 498, 499, 500, 501, 503, 504, 506, 508], "excluded_lines": [], "start_line": 479}, "execution_kill_switch": {"executed_lines": [529, 530, 533, 534, 535, 536, 537, 538], "summary": {"covered_lines": 8, "num_statements": 10, "percent_covered": 80.0, "percent_covered_display": "80", "missing_lines": 2, "excluded_lines": 0, "percent_statements_covered": 80.0, "percent_statements_covered_display": "80"}, "missing_lines": [531, 532], "excluded_lines": [], "start_line": 517}, "get_kill_switch_status": {"executed_lines": [], "summary": {"covered_lines": 0, "num_statements": 3, "percent_covered": 0.0, "percent_covered_display": "0", "missing_lines": 3, "excluded_lines": 0, "percent_statements_covered": 0.0, "percent_statements_covered_display": "0"}, "missing_lines": [547, 548, 549], "excluded_lines": [], "start_line": 542}, "_wilson_ci": {"executed_lines": [557, 559, 560, 561, 562, 563], "summary": {"covered_lines": 6, "num_statements": 7, "percent_covered": 85.71428571428571, "percent_covered_display": "86", "missing_lines": 1, "excluded_lines": 0, "percent_statements_covered": 85.71428571428571, "percent_statements_covered_display": "86"}, "missing_lines": [558], "excluded_lines": [], "start_line": 555}, "live_wr_stats": {"executed_lines": [578, 580, 582, 587, 589, 597, 598, 600, 601, 603], "summary": {"covered_lines": 10, "num_statements": 10, "percent_covered": 100.0, "percent_covered_display": "100", "missing_lines": 0, "excluded_lines": 0, "percent_statements_covered": 100.0, "percent_statements_covered_display": "100"}, "missing_lines": [], "excluded_lines": [], "start_line": 567}, "live_wr_stats._stats": {"executed_lines": [590, 591, 592, 593, 594, 595], "summary": {"covered_lines": 6, "num_statements": 6, "percent_covered": 100.0, "percent_covered_display": "100", "missing_lines": 0, "excluded_lines": 0, "percent_statements_covered": 100.0, "percent_statements_covered_display": "100"}, "missing_lines": [], "excluded_lines": [], "start_line": 589}, "analytics_summary": {"executed_lines": [], "summary": {"covered_lines": 0, "num_statements": 27, "percent_covered": 0.0, "percent_covered_display": "0", "missing_lines": 27, "excluded_lines": 0, "percent_statements_covered": 0.0, "percent_statements_covered_display": "0"}, "missing_lines": [622, 624, 625, 626, 629, 630, 631, 632, 633, 634, 637, 638, 639, 640, 641, 642, 645, 646, 647, 648, 649, 652, 653, 654, 659, 661, 663], "excluded_lines": [], "start_line": 612}, "_find_flagged": {"executed_lines": [686, 687, 688, 689, 690, 691, 701, 702], "summary": {"covered_lines": 8, "num_statements": 8, "percent_covered": 100.0, "percent_covered_display": "100", "missing_lines": 0, "excluded_lines": 0, "percent_statements_covered": 100.0, "percent_statements_covered_display": "100"}, "missing_lines": [], "excluded_lines": [], "start_line": 684}, "": {"executed_lines": [6, 7, 9, 10, 11, 12, 13, 14, 15, 17, 18, 21, 30, 31, 140, 141, 163, 164, 235, 238, 239, 240, 243, 244, 265, 266, 360, 361, 380, 381, 428, 429, 454, 455, 478, 479, 516, 517, 541, 542, 552, 555, 566, 567, 611, 612, 684], "summary": {"covered_lines": 47, "num_statements": 47, "percent_covered": 100.0, "percent_covered_display": "100", "missing_lines": 0, "excluded_lines": 0, "percent_statements_covered": 100.0, "percent_statements_covered_display": "100"}, "missing_lines": [], "excluded_lines": [], "start_line": 1}}, "classes": {"_SetTierIn": {"executed_lines": [], "summary": {"covered_lines": 0, "num_statements": 0, "percent_covered": 100.0, "percent_covered_display": "100", "missing_lines": 0, "excluded_lines": 0, "percent_statements_covered": 100.0, "percent_statements_covered_display": "100"}, "missing_lines": [], "excluded_lines": [], "start_line": 238}, "": {"executed_lines": [6, 7, 9, 10, 11, 12, 13, 14, 15, 17, 18, 21, 22, 23, 24, 30, 31, 33, 127, 128, 140, 141, 145, 146, 163, 164, 168, 169, 170, 173, 180, 187, 192, 198, 199, 200, 202, 203, 212, 216, 235, 238, 239, 240, 243, 244, 265, 266, 360, 361, 380, 381, 428, 429, 454, 455, 478, 479, 516, 517, 529, 530, 533, 534, 535, 536, 537, 538, 541, 542, 552, 555, 557, 559, 560, 561, 562, 563, 566, 567, 578, 580, 582, 587, 589, 590, 591, 592, 593, 594, 595, 597, 598, 600, 601, 603, 611, 612, 684, 686, 687, 688, 689, 690, 691, 701, 702], "summary": {"covered_lines": 107, "num_statements": 246, "percent_covered": 43.49593495934959, "percent_covered_display": "43", "missing_lines": 139, "excluded_lines": 9, "percent_statements_covered": 43.49593495934959, "percent_statements_covered_display": "43"}, "missing_lines": [251, 252, 253, 254, 255, 256, 257, 258, 259, 260, 261, 262, 271, 273, 276, 277, 279, 280, 281, 282, 284, 285, 289, 290, 291, 293, 294, 295, 296, 300, 301, 303, 304, 305, 306, 310, 311, 313, 314, 315, 319, 320, 322, 323, 324, 328, 329, 330, 331, 333, 334, 335, 336, 337, 338, 339, 340, 344, 345, 346, 348, 350, 352, 353, 354, 357, 366, 367, 368, 369, 370, 371, 372, 373, 374, 389, 391, 393, 394, 403, 404, 406, 408, 409, 410, 411, 412, 414, 416, 435, 440, 461, 464, 465, 466, 491, 493, 497, 498, 499, 500, 501, 503, 504, 506, 508, 531, 532, 547, 548, 549, 558, 622, 624, 625, 626, 629, 630, 631, 632, 633, 634, 637, 638, 639, 640, 641, 642, 645, 646, 647, 648, 649, 652, 653, 654, 659, 661, 663], "excluded_lines": [34, 37, 286, 297, 307, 316, 325, 341, 355], "start_line": 1}}}, "routers/auth.py": {"executed_lines": [6, 7, 8, 9, 11, 12, 13, 14, 15, 16, 18, 20, 21, 22, 32, 34, 35, 37, 43, 44, 46, 48, 49, 50, 51, 53, 54, 55, 56, 58, 69, 70, 71, 72, 73, 74, 75, 78, 79, 83, 97, 98, 101, 102, 106, 107, 113, 115, 118, 119, 120, 131, 132, 135, 136, 137, 138, 139, 140, 141, 142, 143, 149, 150, 151, 158, 159, 160, 161, 164, 165, 170, 171, 173, 174, 185, 186, 187, 189, 191, 192, 193, 194, 197, 200, 201, 202, 203, 204, 207, 208, 209, 210, 211, 214, 215, 216, 217, 225, 226, 228, 229, 232, 233, 238, 239, 268, 269, 271, 273, 274, 275, 276, 279, 280, 321, 322, 323, 326, 329, 330, 331, 332, 333, 335, 336, 337, 338, 340, 341, 343, 345, 346, 347, 352, 353, 354, 360, 361, 366, 367, 368, 370, 372, 374, 376, 377, 393, 394, 399, 400, 401, 404, 405, 409, 410, 411, 470, 471, 476, 477, 479, 481, 482, 483, 486, 487, 495, 496, 499, 500, 508, 509, 510, 511, 512, 525, 526, 528, 529, 530, 531, 532, 533, 534, 535, 536, 538, 540, 541, 543, 546, 547, 548, 551, 552, 563, 564, 565, 566, 567, 568, 569, 570, 571, 574, 575, 577, 578, 579, 580, 581, 582, 583, 586, 587, 588, 589, 592, 593, 594, 601, 602, 605, 606, 607, 609, 610, 612, 614, 615, 616, 617, 619, 620, 621, 622, 623, 624, 625, 626], "summary": {"covered_lines": 241, "num_statements": 301, "percent_covered": 80.06644518272425, "percent_covered_display": "80", "missing_lines": 60, "excluded_lines": 91, "percent_statements_covered": 80.06644518272425, "percent_statements_covered_display": "80"}, "missing_lines": [57, 166, 167, 168, 196, 235, 240, 241, 242, 243, 244, 245, 254, 255, 256, 258, 259, 260, 263, 264, 265, 286, 288, 291, 292, 293, 295, 296, 297, 298, 299, 300, 303, 304, 305, 307, 308, 309, 310, 314, 315, 316, 317, 318, 339, 342, 348, 349, 350, 355, 356, 357, 369, 371, 373, 375, 572, 590, 591, 611], "excluded_lines": [23, 45, 60, 61, 62, 63, 64, 65, 66, 67, 80, 84, 85, 87, 88, 89, 90, 91, 92, 93, 94, 103, 176, 212, 213, 294, 311, 380, 381, 382, 383, 384, 385, 386, 387, 388, 389, 390, 414, 415, 416, 417, 418, 419, 420, 421, 422, 423, 424, 425, 426, 427, 428, 429, 430, 431, 432, 433, 434, 435, 436, 437, 438, 439, 442, 443, 444, 445, 446, 447, 448, 449, 450, 451, 452, 453, 454, 455, 456, 457, 458, 459, 460, 461, 462, 463, 464, 465, 466, 467, 585], "functions": {"RegisterIn.email_format": {"executed_lines": [51, 53, 54, 55, 56, 58], "summary": {"covered_lines": 6, "num_statements": 7, "percent_covered": 85.71428571428571, "percent_covered_display": "86", "missing_lines": 1, "excluded_lines": 0, "percent_statements_covered": 85.71428571428571, "percent_statements_covered_display": "86"}, "missing_lines": [57], "excluded_lines": [], "start_line": 50}, "RegisterIn.pw_strength": {"executed_lines": [], "summary": {"covered_lines": 0, "num_statements": 0, "percent_covered": 100.0, "percent_covered_display": "100", "missing_lines": 0, "excluded_lines": 5, "percent_statements_covered": 100.0, "percent_statements_covered_display": "100"}, "missing_lines": [], "excluded_lines": [63, 64, 65, 66, 67], "start_line": 62}, "RegisterIn.name_length": {"executed_lines": [72, 73, 74, 75], "summary": {"covered_lines": 4, "num_statements": 4, "percent_covered": 100.0, "percent_covered_display": "100", "missing_lines": 0, "excluded_lines": 0, "percent_statements_covered": 100.0, "percent_statements_covered_display": "100"}, "missing_lines": [], "excluded_lines": [], "start_line": 71}, "ChangePasswordIn.pw_strength": {"executed_lines": [], "summary": {"covered_lines": 0, "num_statements": 0, "percent_covered": 100.0, "percent_covered_display": "100", "missing_lines": 0, "excluded_lines": 5, "percent_statements_covered": 100.0, "percent_statements_covered_display": "100"}, "missing_lines": [], "excluded_lines": [90, 91, 92, 93, 94], "start_line": 89}, "_hash_token": {"executed_lines": [107], "summary": {"covered_lines": 1, "num_statements": 1, "percent_covered": 100.0, "percent_covered_display": "100", "missing_lines": 0, "excluded_lines": 0, "percent_statements_covered": 100.0, "percent_statements_covered_display": "100"}, "missing_lines": [], "excluded_lines": [], "start_line": 106}, "_utcnow_naive": {"executed_lines": [115], "summary": {"covered_lines": 1, "num_statements": 1, "percent_covered": 100.0, "percent_covered_display": "100", "missing_lines": 0, "excluded_lines": 0, "percent_statements_covered": 100.0, "percent_statements_covered_display": "100"}, "missing_lines": [], "excluded_lines": [], "start_line": 113}, "_set_refresh_cookie": {"executed_lines": [119, 120], "summary": {"covered_lines": 2, "num_statements": 2, "percent_covered": 100.0, "percent_covered_display": "100", "missing_lines": 0, "excluded_lines": 0, "percent_statements_covered": 100.0, "percent_statements_covered_display": "100"}, "missing_lines": [], "excluded_lines": [], "start_line": 118}, "_clear_refresh_cookie": {"executed_lines": [132], "summary": {"covered_lines": 1, "num_statements": 1, "percent_covered": 100.0, "percent_covered_display": "100", "missing_lines": 0, "excluded_lines": 0, "percent_statements_covered": 100.0, "percent_statements_covered_display": "100"}, "missing_lines": [], "excluded_lines": [], "start_line": 131}, "_create_tokens": {"executed_lines": [136, 137, 138, 139, 140, 141, 142, 143], "summary": {"covered_lines": 8, "num_statements": 8, "percent_covered": 100.0, "percent_covered_display": "100", "missing_lines": 0, "excluded_lines": 0, "percent_statements_covered": 100.0, "percent_statements_covered_display": "100"}, "missing_lines": [], "excluded_lines": [], "start_line": 135}, "register": {"executed_lines": [158, 159, 160, 161, 164, 165, 170, 171, 173, 174, 185, 186, 187, 189, 191, 192, 193, 194, 197, 200, 201, 202, 203, 204], "summary": {"covered_lines": 24, "num_statements": 28, "percent_covered": 85.71428571428571, "percent_covered_display": "86", "missing_lines": 4, "excluded_lines": 1, "percent_statements_covered": 85.71428571428571, "percent_statements_covered_display": "86"}, "missing_lines": [166, 167, 168, 196], "excluded_lines": [176], "start_line": 151}, "login": {"executed_lines": [210, 211, 214, 215, 216, 217, 225, 226, 228, 229], "summary": {"covered_lines": 10, "num_statements": 10, "percent_covered": 100.0, "percent_covered_display": "100", "missing_lines": 0, "excluded_lines": 2, "percent_statements_covered": 100.0, "percent_statements_covered_display": "100"}, "missing_lines": [], "excluded_lines": [212, 213], "start_line": 209}, "refresh_token": {"executed_lines": [], "summary": {"covered_lines": 0, "num_statements": 1, "percent_covered": 0.0, "percent_covered_display": "0", "missing_lines": 1, "excluded_lines": 0, "percent_statements_covered": 0.0, "percent_statements_covered_display": "0"}, "missing_lines": [235], "excluded_lines": [], "start_line": 233}, "refresh_cookie": {"executed_lines": [], "summary": {"covered_lines": 0, "num_statements": 15, "percent_covered": 0.0, "percent_covered_display": "0", "missing_lines": 15, "excluded_lines": 0, "percent_statements_covered": 0.0, "percent_statements_covered_display": "0"}, "missing_lines": [240, 241, 242, 243, 244, 245, 254, 255, 256, 258, 259, 260, 263, 264, 265], "excluded_lines": [], "start_line": 239}, "logout": {"executed_lines": [271, 273, 274, 275, 276], "summary": {"covered_lines": 5, "num_statements": 5, "percent_covered": 100.0, "percent_covered_display": "100", "missing_lines": 0, "excluded_lines": 0, "percent_statements_covered": 100.0, "percent_statements_covered_display": "100"}, "missing_lines": [], "excluded_lines": [], "start_line": 269}, "delete_account": {"executed_lines": [], "summary": {"covered_lines": 0, "num_statements": 23, "percent_covered": 0.0, "percent_covered_display": "0", "missing_lines": 23, "excluded_lines": 2, "percent_statements_covered": 0.0, "percent_statements_covered_display": "0"}, "missing_lines": [286, 288, 291, 292, 293, 295, 296, 297, 298, 299, 300, 303, 304, 305, 307, 308, 309, 310, 314, 315, 316, 317, 318], "excluded_lines": [294, 311], "start_line": 280}, "get_me": {"executed_lines": [323], "summary": {"covered_lines": 1, "num_statements": 1, "percent_covered": 100.0, "percent_covered_display": "100", "missing_lines": 0, "excluded_lines": 0, "percent_statements_covered": 100.0, "percent_statements_covered_display": "100"}, "missing_lines": [], "excluded_lines": [], "start_line": 322}, "UpdateMeIn.name_length": {"executed_lines": [338, 340, 341, 343], "summary": {"covered_lines": 4, "num_statements": 6, "percent_covered": 66.66666666666667, "percent_covered_display": "67", "missing_lines": 2, "excluded_lines": 0, "percent_statements_covered": 66.66666666666667, "percent_statements_covered_display": "67"}, "missing_lines": [339, 342], "excluded_lines": [], "start_line": 337}, "UpdateMeIn.conf_range": {"executed_lines": [], "summary": {"covered_lines": 0, "num_statements": 3, "percent_covered": 0.0, "percent_covered_display": "0", "missing_lines": 3, "excluded_lines": 0, "percent_statements_covered": 0.0, "percent_statements_covered_display": "0"}, "missing_lines": [348, 349, 350], "excluded_lines": [], "start_line": 347}, "UpdateMeIn.broker_valid": {"executed_lines": [], "summary": {"covered_lines": 0, "num_statements": 3, "percent_covered": 0.0, "percent_covered_display": "0", "missing_lines": 3, "excluded_lines": 0, "percent_statements_covered": 0.0, "percent_statements_covered_display": "0"}, "missing_lines": [355, 356, 357], "excluded_lines": [], "start_line": 354}, "update_me": {"executed_lines": [366, 367, 368, 370, 372, 374, 376, 377], "summary": {"covered_lines": 8, "num_statements": 12, "percent_covered": 66.66666666666667, "percent_covered_display": "67", "missing_lines": 4, "excluded_lines": 0, "percent_statements_covered": 66.66666666666667, "percent_statements_covered_display": "67"}, "missing_lines": [369, 371, 373, 375], "excluded_lines": [], "start_line": 361}, "change_password": {"executed_lines": [], "summary": {"covered_lines": 0, "num_statements": 0, "percent_covered": 100.0, "percent_covered_display": "100", "missing_lines": 0, "excluded_lines": 5, "percent_statements_covered": 100.0, "percent_statements_covered_display": "100"}, "missing_lines": [], "excluded_lines": [386, 387, 388, 389, 390], "start_line": 381}, "regenerate_telegram_code": {"executed_lines": [399, 400, 401], "summary": {"covered_lines": 3, "num_statements": 3, "percent_covered": 100.0, "percent_covered_display": "100", "missing_lines": 0, "excluded_lines": 0, "percent_statements_covered": 100.0, "percent_statements_covered_display": "100"}, "missing_lines": [], "excluded_lines": [], "start_line": 394}, "unlink_telegram": {"executed_lines": [409, 410, 411], "summary": {"covered_lines": 3, "num_statements": 3, "percent_covered": 100.0, "percent_covered_display": "100", "missing_lines": 0, "excluded_lines": 0, "percent_statements_covered": 100.0, "percent_statements_covered_display": "100"}, "missing_lines": [], "excluded_lines": [], "start_line": 405}, "forgot_password": {"executed_lines": [], "summary": {"covered_lines": 0, "num_statements": 0, "percent_covered": 100.0, "percent_covered_display": "100", "missing_lines": 0, "excluded_lines": 23, "percent_statements_covered": 100.0, "percent_statements_covered_display": "100"}, "missing_lines": [], "excluded_lines": [417, 418, 419, 420, 421, 422, 423, 424, 425, 426, 427, 428, 429, 430, 431, 432, 433, 434, 435, 436, 437, 438, 439], "start_line": 416}, "reset_password": {"executed_lines": [], "summary": {"covered_lines": 0, "num_statements": 0, "percent_covered": 100.0, "percent_covered_display": "100", "missing_lines": 0, "excluded_lines": 23, "percent_statements_covered": 100.0, "percent_statements_covered_display": "100"}, "missing_lines": [], "excluded_lines": [445, 446, 447, 448, 449, 450, 451, 452, 453, 454, 455, 456, 457, 458, 459, 460, 461, 462, 463, 464, 465, 466, 467], "start_line": 444}, "get_referral_info": {"executed_lines": [476, 477, 479, 481, 482, 483, 486, 487], "summary": {"covered_lines": 8, "num_statements": 8, "percent_covered": 100.0, "percent_covered_display": "100", "missing_lines": 0, "excluded_lines": 0, "percent_statements_covered": 100.0, "percent_statements_covered_display": "100"}, "missing_lines": [], "excluded_lines": [], "start_line": 471}, "update_signal_prefs": {"executed_lines": [508, 509, 510, 511, 512], "summary": {"covered_lines": 5, "num_statements": 5, "percent_covered": 100.0, "percent_covered_display": "100", "missing_lines": 0, "excluded_lines": 0, "percent_statements_covered": 100.0, "percent_statements_covered_display": "100"}, "missing_lines": [], "excluded_lines": [], "start_line": 500}, "verify_email": {"executed_lines": [528, 529, 530, 531, 532, 533, 534, 535, 536, 538, 540, 541, 543], "summary": {"covered_lines": 13, "num_statements": 13, "percent_covered": 100.0, "percent_covered_display": "100", "missing_lines": 0, "excluded_lines": 0, "percent_statements_covered": 100.0, "percent_statements_covered_display": "100"}, "missing_lines": [], "excluded_lines": [], "start_line": 526}, "update_integrations": {"executed_lines": [563, 564, 565, 566, 567, 568, 569, 570, 571, 574, 575, 577, 578, 579, 580, 581, 582, 583, 586, 587, 588, 589, 592, 593, 594], "summary": {"covered_lines": 25, "num_statements": 28, "percent_covered": 89.28571428571429, "percent_covered_display": "89", "missing_lines": 3, "excluded_lines": 1, "percent_statements_covered": 89.28571428571429, "percent_statements_covered_display": "89"}, "missing_lines": [572, 590, 591], "excluded_lines": [585], "start_line": 552}, "resend_verification": {"executed_lines": [609, 610, 612, 614, 615, 616, 617, 619, 620, 621, 622, 623, 624, 625, 626], "summary": {"covered_lines": 15, "num_statements": 16, "percent_covered": 93.75, "percent_covered_display": "94", "missing_lines": 1, "excluded_lines": 0, "percent_statements_covered": 93.75, "percent_statements_covered_display": "94"}, "missing_lines": [611], "excluded_lines": [], "start_line": 607}, "": {"executed_lines": [6, 7, 8, 9, 11, 12, 13, 14, 15, 16, 18, 20, 21, 22, 32, 34, 35, 37, 43, 44, 46, 48, 49, 50, 69, 70, 71, 78, 79, 83, 97, 98, 101, 102, 106, 113, 118, 131, 135, 149, 150, 151, 207, 208, 209, 232, 233, 238, 239, 268, 269, 279, 280, 321, 322, 326, 329, 330, 331, 332, 333, 335, 336, 337, 345, 346, 347, 352, 353, 354, 360, 361, 393, 394, 404, 405, 470, 471, 495, 496, 499, 500, 525, 526, 546, 547, 548, 551, 552, 601, 602, 605, 606, 607], "summary": {"covered_lines": 94, "num_statements": 94, "percent_covered": 100.0, "percent_covered_display": "100", "missing_lines": 0, "excluded_lines": 24, "percent_statements_covered": 100.0, "percent_statements_covered_display": "100"}, "missing_lines": [], "excluded_lines": [23, 45, 60, 61, 62, 80, 84, 85, 87, 88, 89, 103, 380, 381, 382, 383, 384, 385, 414, 415, 416, 442, 443, 444], "start_line": 1}}, "classes": {"RegisterIn": {"executed_lines": [51, 53, 54, 55, 56, 58, 72, 73, 74, 75], "summary": {"covered_lines": 10, "num_statements": 11, "percent_covered": 90.9090909090909, "percent_covered_display": "91", "missing_lines": 1, "excluded_lines": 5, "percent_statements_covered": 90.9090909090909, "percent_statements_covered_display": "91"}, "missing_lines": [57], "excluded_lines": [63, 64, 65, 66, 67], "start_line": 43}, "LoginIn": {"executed_lines": [], "summary": {"covered_lines": 0, "num_statements": 0, "percent_covered": 100.0, "percent_covered_display": "100", "missing_lines": 0, "excluded_lines": 0, "percent_statements_covered": 100.0, "percent_statements_covered_display": "100"}, "missing_lines": [], "excluded_lines": [], "start_line": 78}, "ChangePasswordIn": {"executed_lines": [], "summary": {"covered_lines": 0, "num_statements": 0, "percent_covered": 100.0, "percent_covered_display": "100", "missing_lines": 0, "excluded_lines": 5, "percent_statements_covered": 100.0, "percent_statements_covered_display": "100"}, "missing_lines": [], "excluded_lines": [90, 91, 92, 93, 94], "start_line": 83}, "ForgotPasswordIn": {"executed_lines": [], "summary": {"covered_lines": 0, "num_statements": 0, "percent_covered": 100.0, "percent_covered_display": "100", "missing_lines": 0, "excluded_lines": 0, "percent_statements_covered": 100.0, "percent_statements_covered_display": "100"}, "missing_lines": [], "excluded_lines": [], "start_line": 97}, "ResetPasswordIn": {"executed_lines": [], "summary": {"covered_lines": 0, "num_statements": 0, "percent_covered": 100.0, "percent_covered_display": "100", "missing_lines": 0, "excluded_lines": 0, "percent_statements_covered": 100.0, "percent_statements_covered_display": "100"}, "missing_lines": [], "excluded_lines": [], "start_line": 101}, "UpdateMeIn": {"executed_lines": [338, 340, 341, 343], "summary": {"covered_lines": 4, "num_statements": 12, "percent_covered": 33.333333333333336, "percent_covered_display": "33", "missing_lines": 8, "excluded_lines": 0, "percent_statements_covered": 33.333333333333336, "percent_statements_covered_display": "33"}, "missing_lines": [339, 342, 348, 349, 350, 355, 356, 357], "excluded_lines": [], "start_line": 329}, "SignalPrefsIn": {"executed_lines": [], "summary": {"covered_lines": 0, "num_statements": 0, "percent_covered": 100.0, "percent_covered_display": "100", "missing_lines": 0, "excluded_lines": 0, "percent_statements_covered": 100.0, "percent_statements_covered_display": "100"}, "missing_lines": [], "excluded_lines": [], "start_line": 495}, "IntegrationsIn": {"executed_lines": [], "summary": {"covered_lines": 0, "num_statements": 0, "percent_covered": 100.0, "percent_covered_display": "100", "missing_lines": 0, "excluded_lines": 0, "percent_statements_covered": 100.0, "percent_statements_covered_display": "100"}, "missing_lines": [], "excluded_lines": [], "start_line": 546}, "ResendVerificationIn": {"executed_lines": [], "summary": {"covered_lines": 0, "num_statements": 0, "percent_covered": 100.0, "percent_covered_display": "100", "missing_lines": 0, "excluded_lines": 0, "percent_statements_covered": 100.0, "percent_statements_covered_display": "100"}, "missing_lines": [], "excluded_lines": [], "start_line": 601}, "": {"executed_lines": [
[...]
art_line": 54}, "CircuitBreaker.is_open": {"executed_lines": [62, 63, 64, 65, 66, 67, 68, 69], "summary": {"covered_lines": 8, "num_statements": 8, "percent_covered": 100.0, "percent_covered_display": "100", "missing_lines": 0, "excluded_lines": 0, "percent_statements_covered": 100.0, "percent_statements_covered_display": "100"}, "missing_lines": [], "excluded_lines": [], "start_line": 61}, "CircuitBreaker.record_success": {"executed_lines": [72, 73], "summary": {"covered_lines": 2, "num_statements": 2, "percent_covered": 100.0, "percent_covered_display": "100", "missing_lines": 0, "excluded_lines": 0, "percent_statements_covered": 100.0, "percent_statements_covered_display": "100"}, "missing_lines": [], "excluded_lines": [], "start_line": 71}, "CircuitBreaker.record_failure": {"executed_lines": [76, 77, 78, 79, 80], "summary": {"covered_lines": 5, "num_statements": 5, "percent_covered": 100.0, "percent_covered_display": "100", "missing_lines": 0, "excluded_lines": 0, "percent_statements_covered": 100.0, "percent_statements_covered_display": "100"}, "missing_lines": [], "excluded_lines": [], "start_line": 75}, "WorkerTask.__init__": {"executed_lines": [110, 111, 112, 113, 114, 115], "summary": {"covered_lines": 6, "num_statements": 6, "percent_covered": 100.0, "percent_covered_display": "100", "missing_lines": 0, "excluded_lines": 0, "percent_statements_covered": 100.0, "percent_statements_covered_display": "100"}, "missing_lines": [], "excluded_lines": [], "start_line": 102}, "WorkerTask.__call__": {"executed_lines": [118, 120, 151, 152, 153], "summary": {"covered_lines": 5, "num_statements": 5, "percent_covered": 100.0, "percent_covered_display": "100", "missing_lines": 0, "excluded_lines": 0, "percent_statements_covered": 100.0, "percent_statements_covered_display": "100"}, "missing_lines": [], "excluded_lines": [], "start_line": 117}, "WorkerTask.__call__.wrapper": {"executed_lines": [121, 122, 123, 125, 126, 128, 129, 130, 134, 135, 136, 137, 138, 139, 140, 141, 143, 144, 146, 147, 148, 149], "summary": {"covered_lines": 22, "num_statements": 22, "percent_covered": 100.0, "percent_covered_display": "100", "missing_lines": 0, "excluded_lines": 0, "percent_statements_covered": 100.0, "percent_statements_covered_display": "100"}, "missing_lines": [], "excluded_lines": [], "start_line": 120}, "WorkerTask.stats": {"executed_lines": [157], "summary": {"covered_lines": 1, "num_statements": 1, "percent_covered": 100.0, "percent_covered_display": "100", "missing_lines": 0, "excluded_lines": 0, "percent_statements_covered": 100.0, "percent_statements_covered_display": "100"}, "missing_lines": [], "excluded_lines": [], "start_line": 156}, "WorkerBus.__init__": {"executed_lines": [183, 184, 185], "summary": {"covered_lines": 3, "num_statements": 3, "percent_covered": 100.0, "percent_covered_display": "100", "missing_lines": 0, "excluded_lines": 0, "percent_statements_covered": 100.0, "percent_statements_covered_display": "100"}, "missing_lines": [], "excluded_lines": [], "start_line": 182}, "WorkerBus._get_redis": {"executed_lines": [], "summary": {"covered_lines": 0, "num_statements": 4, "percent_covered": 0.0, "percent_covered_display": "0", "missing_lines": 4, "excluded_lines": 0, "percent_statements_covered": 0.0, "percent_statements_covered_display": "0"}, "missing_lines": [188, 189, 191, 196], "excluded_lines": [], "start_line": 187}, "WorkerBus.publish": {"executed_lines": [199, 203, 204, 205], "summary": {"covered_lines": 4, "num_statements": 6, "percent_covered": 66.66666666666667, "percent_covered_display": "67", "missing_lines": 2, "excluded_lines": 0, "percent_statements_covered": 66.66666666666667, "percent_statements_covered_display": "67"}, "missing_lines": [200, 201], "excluded_lines": [], "start_line": 198}, "WorkerBus.consume": {"executed_lines": [208, 228, 229, 230, 231, 232, 233, 234, 235], "summary": {"covered_lines": 9, "num_statements": 24, "percent_covered": 37.5, "percent_covered_display": "38", "missing_lines": 15, "excluded_lines": 1, "percent_statements_covered": 37.5, "percent_statements_covered_display": "38"}, "missing_lines": [209, 210, 211, 212, 213, 215, 216, 217, 218, 221, 222, 223, 224, 225, 226], "excluded_lines": [214], "start_line": 207}, "WorkerBus.close": {"executed_lines": [238], "summary": {"covered_lines": 1, "num_statements": 3, "percent_covered": 33.333333333333336, "percent_covered_display": "33", "missing_lines": 2, "excluded_lines": 0, "percent_statements_covered": 33.333333333333336, "percent_statements_covered_display": "33"}, "missing_lines": [239, 240], "excluded_lines": [], "start_line": 237}, "get_bus": {"executed_lines": [250, 251, 252, 255, 256], "summary": {"covered_lines": 5, "num_statements": 6, "percent_covered": 83.33333333333333, "percent_covered_display": "83", "missing_lines": 1, "excluded_lines": 0, "percent_statements_covered": 83.33333333333333, "percent_statements_covered_display": "83"}, "missing_lines": [253], "excluded_lines": [], "start_line": 248}, "collect_worker_stats": {"executed_lines": [264, 265, 266, 267, 268, 269], "summary": {"covered_lines": 6, "num_statements": 6, "percent_covered": 100.0, "percent_covered_display": "100", "missing_lines": 0, "excluded_lines": 0, "percent_statements_covered": 100.0, "percent_statements_covered_display": "100"}, "missing_lines": [], "excluded_lines": [], "start_line": 262}, "": {"executed_lines": [24, 25, 26, 27, 28, 29, 31, 37, 38, 39, 40, 41, 42, 48, 54, 61, 71, 75, 86, 102, 117, 155, 156, 169, 182, 187, 198, 207, 237, 245, 248, 262], "summary": {"covered_lines": 32, "num_statements": 32, "percent_covered": 100.0, "percent_covered_display": "100", "missing_lines": 0, "excluded_lines": 1, "percent_statements_covered": 100.0, "percent_statements_covered_display": "100"}, "missing_lines": [], "excluded_lines": [170], "start_line": 1}}, "classes": {"ScoringResult": {"executed_lines": [], "summary": {"covered_lines": 0, "num_statements": 0, "percent_covered": 100.0, "percent_covered_display": "100", "missing_lines": 0, "excluded_lines": 0, "percent_statements_covered": 100.0, "percent_statements_covered_display": "100"}, "missing_lines": [], "excluded_lines": [], "start_line": 38}, "CircuitBreaker": {"executed_lines": [55, 56, 57, 58, 59, 62, 63, 64, 65, 66, 67, 68, 69, 72, 73, 76, 77, 78, 79, 80], "summary": {"covered_lines": 20, "num_statements": 20, "percent_covered": 100.0, "percent_covered_display": "100", "missing_lines": 0, "excluded_lines": 0, "percent_statements_covered": 100.0, "percent_statements_covered_display": "100"}, "missing_lines": [], "excluded_lines": [], "start_line": 48}, "WorkerTask": {"executed_lines": [110, 111, 112, 113, 114, 115, 118, 120, 121, 122, 123, 125, 126, 128, 129, 130, 134, 135, 136, 137, 138, 139, 140, 141, 143, 144, 146, 147, 148, 149, 151, 152, 153, 157], "summary": {"covered_lines": 34, "num_statements": 34, "percent_covered": 100.0, "percent_covered_display": "100", "missing_lines": 0, "excluded_lines": 0, "percent_statements_covered": 100.0, "percent_statements_covered_display": "100"}, "missing_lines": [], "excluded_lines": [], "start_line": 86}, "WorkerBus": {"executed_lines": [183, 184, 185, 199, 203, 204, 205, 208, 228, 229, 230, 231, 232, 233, 234, 235, 238], "summary": {"covered_lines": 17, "num_statements": 40, "percent_covered": 42.5, "percent_covered_display": "42", "missing_lines": 23, "excluded_lines": 1, "percent_statements_covered": 42.5, "percent_statements_covered_display": "42"}, "missing_lines": [188, 189, 191, 196, 200, 201, 209, 210, 211, 212, 213, 215, 216, 217, 218, 221, 222, 223, 224, 225, 226, 239, 240], "excluded_lines": [214], "start_line": 169}, "": {"executed_lines": [24, 25, 26, 27, 28, 29, 31, 37, 38, 39, 40, 41, 42, 48, 54, 61, 71, 75, 86, 102, 117, 155, 156, 169, 182, 187, 198, 207, 237, 245, 248, 250, 251, 252, 255, 256, 262, 264, 265, 266, 267, 268, 269], "summary": {"covered_lines": 43, "num_statements": 44, "percent_covered": 97.72727272727273, "percent_covered_display": "98", "missing_lines": 1, "excluded_lines": 1, "percent_statements_covered": 97.72727272727273, "percent_statements_covered_display": "98"}, "missing_lines": [253], "excluded_lines": [170], "start_line": 1}}}, "validate_predictions.py": {"executed_lines": [13, 14, 15, 16, 17, 19, 20, 21, 22, 24, 25, 26, 28, 30, 31, 33, 36, 37, 39, 40, 45, 51, 52, 53, 54, 55, 58, 59, 60, 61, 62, 65, 67, 68, 69, 70, 71, 74, 87, 88, 89, 90, 91, 93, 94, 95, 96, 99, 105, 106, 107, 108, 109, 112, 113, 114, 115, 116, 117, 118, 120, 121, 122, 123, 129, 130, 131, 132, 133, 134, 135, 141, 142, 143, 145, 146, 149, 150, 151, 152, 154, 155, 156, 157, 159, 160, 161, 163, 164, 166, 167, 169, 170, 175, 177, 178, 179, 180, 181, 182, 183, 184, 185, 186, 187, 188, 189, 191, 192, 194, 196, 197, 198, 204, 206, 207, 210, 211, 212, 213, 214, 215, 218, 361, 377, 378, 380, 381, 396, 397, 398, 444, 445, 446, 448, 449, 450, 452, 453, 455, 456, 457, 458, 459, 464, 466, 467, 468, 686], "summary": {"covered_lines": 149, "num_statements": 428, "percent_covered": 34.81308411214953, "percent_covered_display": "35", "missing_lines": 279, "excluded_lines": 8, "percent_statements_covered": 34.81308411214953, "percent_statements_covered_display": "35"}, "missing_lines": [34, 38, 124, 125, 126, 165, 168, 228, 229, 231, 232, 249, 250, 251, 252, 255, 256, 257, 259, 260, 261, 262, 263, 264, 265, 266, 267, 268, 269, 272, 273, 274, 276, 277, 278, 279, 281, 282, 283, 284, 286, 287, 289, 290, 293, 294, 295, 296, 297, 299, 300, 301, 302, 305, 306, 307, 308, 309, 310, 312, 314, 315, 316, 317, 318, 319, 320, 337, 338, 344, 345, 346, 347, 348, 349, 350, 352, 354, 356, 357, 358, 400, 401, 402, 403, 404, 405, 406, 407, 408, 410, 411, 413, 414, 415, 416, 417, 418, 419, 420, 421, 422, 424, 425, 431, 434, 436, 437, 438, 471, 472, 473, 474, 475, 478, 479, 480, 481, 483, 484, 485, 486, 487, 488, 490, 491, 492, 494, 495, 496, 497, 498, 499, 500, 501, 502, 503, 505, 506, 507, 510, 511, 512, 513, 514, 515, 516, 517, 518, 519, 520, 521, 522, 523, 526, 527, 528, 529, 530, 531, 532, 533, 534, 535, 536, 537, 538, 539, 540, 543, 544, 545, 546, 547, 548, 549, 550, 551, 552, 553, 554, 555, 556, 557, 560, 561, 562, 563, 564, 565, 566, 567, 568, 569, 570, 572, 573, 574, 575, 580, 581, 582, 583, 584, 585, 586, 587, 588, 591, 592, 593, 594, 600, 601, 602, 603, 604, 605, 606, 609, 610, 611, 612, 613, 614, 615, 624, 625, 628, 629, 630, 631, 632, 633, 634, 643, 644, 647, 648, 649, 650, 651, 652, 653, 654, 655, 657, 658, 659, 660, 661, 662, 663, 664, 665, 667, 668, 669, 670, 671, 672, 674, 675, 676, 677, 678, 680, 687, 688, 689, 690, 691, 692, 693, 694, 695, 696, 697, 698], "excluded_lines": [35, 701, 702, 704, 705, 706, 707, 708], "functions": {"_pct": {"executed_lines": [52, 53, 54, 55], "summary": {"covered_lines": 4, "num_statements": 4, "percent_covered": 100.0, "percent_covered_display": "100", "missing_lines": 0, "excluded_lines": 0, "percent_statements_covered": 100.0, "percent_statements_covered_display": "100"}, "missing_lines": [], "excluded_lines": [], "start_line": 51}, "_age_days": {"executed_lines": [59, 60, 61, 62], "summary": {"covered_lines": 4, "num_statements": 4, "percent_covered": 100.0, "percent_covered_display": "100", "missing_lines": 0, "excluded_lines": 0, "percent_statements_covered": 100.0, "percent_statements_covered_display": "100"}, "missing_lines": [], "excluded_lines": [], "start_line": 58}, "_best_outcome": {"executed_lines": [67, 68, 69, 70, 71], "summary": {"covered_lines": 5, "num_statements": 5, "percent_covered": 100.0, "percent_covered_display": "100", "missing_lines": 0, "excluded_lines": 0, "percent_statements_covered": 100.0, "percent_statements_covered_display": "100"}, "missing_lines": [], "excluded_lines": [], "start_line": 65}, "_is_win": {"executed_lines": [87, 88, 89, 90, 91, 93, 94, 95, 96], "summary": {"covered_lines": 9, "num_statements": 9, "percent_covered": 100.0, "percent_covered_display": "100", "missing_lines": 0, "excluded_lines": 0, "percent_statements_covered": 100.0, "percent_statements_covered_display": "100"}, "missing_lines": [], "excluded_lines": [], "start_line": 74}, "_effective_n": {"executed_lines": [105, 106, 107, 108, 109], "summary": {"covered_lines": 5, "num_statements": 5, "percent_covered": 100.0, "percent_covered_display": "100", "missing_lines": 0, "excluded_lines": 0, "percent_statements_covered": 100.0, "percent_statements_covered_display": "100"}, "missing_lines": [], "excluded_lines": [], "start_line": 99}, "_fetch_prices": {"executed_lines": [113, 114, 115, 116, 117, 118, 120, 121, 122, 123, 129, 130, 131, 132, 133, 134, 135], "summary": {"covered_lines": 17, "num_statements": 20, "percent_covered": 85.0, "percent_covered_display": "85", "missing_lines": 3, "excluded_lines": 0, "percent_statements_covered": 85.0, "percent_statements_covered_display": "85"}, "missing_lines": [124, 125, 126], "excluded_lines": [], "start_line": 112}, "resolve_outcomes": {"executed_lines": [142, 143, 145, 146, 149, 150, 151, 152, 154, 155, 156, 157, 159, 160, 161, 163, 164, 166, 167, 169, 170, 175, 177, 178, 179, 180, 181, 182, 183, 184, 185, 186, 187, 188, 189, 191, 192, 194, 196, 197, 198], "summary": {"covered_lines": 41, "num_statements": 43, "percent_covered": 95.34883720930233, "percent_covered_display": "95", "missing_lines": 2, "excluded_lines": 0, "percent_statements_covered": 95.34883720930233, "percent_statements_covered_display": "95"}, "missing_lines": [165, 168], "excluded_lines": [], "start_line": 141}, "_fetch_ohlcv": {"executed_lines": [206, 207, 210, 211, 212, 213, 214, 215], "summary": {"covered_lines": 8, "num_statements": 8, "percent_covered": 100.0, "percent_covered_display": "100", "missing_lines": 0, "excluded_lines": 0, "percent_statements_covered": 100.0, "percent_statements_covered_display": "100"}, "missing_lines": [], "excluded_lines": [], "start_line": 204}, "resolve_mae_mfe": {"executed_lines": [], "summary": {"covered_lines": 0, "num_statements": 74, "percent_covered": 0.0, "percent_covered_display": "0", "missing_lines": 74, "excluded_lines": 0, "percent_statements_covered": 0.0, "percent_statements_covered_display": "0"}, "missing_lines": [228, 229, 231, 232, 249, 250, 251, 252, 255, 256, 257, 259, 260, 261, 262, 263, 264, 265, 266, 267, 268, 269, 272, 273, 274, 276, 277, 278, 279, 281, 282, 283, 284, 286, 287, 289, 290, 293, 294, 295, 296, 297, 299, 300, 301, 302, 305, 306, 307, 308, 309, 310, 312, 314, 315, 316, 317, 318, 319, 320, 337, 338, 344, 345, 346, 347, 348, 349, 350, 352, 354, 356, 357, 358], "excluded_lines": [], "start_line": 218}, "fix_phantom_wins": {"executed_lines": [377, 378, 380, 381, 396, 397, 398], "summary": {"covered_lines": 7, "num_statements": 35, "percent_covered": 20.0, "percent_covered_display": "20", "missing_lines": 28, "excluded_lines": 0, "percent_statements_covered": 20.0, "percent_statements_covered_display": "20"}, "missing_lines": [400, 401, 402, 403, 404, 405, 406, 407, 408, 410, 411, 413, 414, 415, 416, 417, 418, 419, 420, 421, 422, 424, 425, 431, 434, 436, 437, 438], "excluded_lines": [], "start_line": 361}, "calibration_report": {"executed_lines": [445, 446, 448, 449, 450, 452, 453, 455, 456, 457, 458, 459, 464, 466, 467, 468], "summary": {"covered_lines": 16, "num_statements": 174, "percent_covered": 9.195402298850574, "percent_covered_display": "9", "missing_lines": 158, "excluded_lines": 0, "percent_statements_covered": 9.195402298850574, "percent_statements_covered_display": "9"}, "missing_lines": [471, 472, 473, 474, 475, 478, 479, 480, 481, 483, 484, 485, 486, 487, 488, 490, 491, 492, 494, 495, 496, 497, 498, 499, 500, 501, 502, 503, 505, 506, 507, 510, 511, 512, 513, 514, 515, 516, 517, 518, 519, 520, 521, 522, 523, 526, 527, 528, 529, 530, 531, 532, 533, 534, 535, 536, 537, 538, 539, 540, 543, 544, 545, 546, 547, 548, 549, 550, 551, 552, 553, 554, 555, 556, 557, 560, 561, 562, 563, 564, 565, 566, 567, 568, 569, 570, 572, 573, 574, 575, 580, 581, 582, 583, 584, 585, 586, 587, 588, 591, 592, 593, 594, 600, 601, 602, 603, 604, 605, 606, 609, 610, 611, 612, 613, 614, 615, 624, 625, 628, 629, 630, 631, 632, 633, 634, 643, 644, 647, 648, 649, 650, 651, 652, 653, 654, 655, 657, 658, 659, 660, 661, 662, 663, 664, 665, 667, 668, 669, 670, 671, 672, 674, 675, 676, 677, 678, 680], "excluded_lines": [], "start_line": 444}, "main": {"executed_lines": [], "summary": {"covered_lines": 0, "num_statements": 12, "percent_covered": 0.0, "percent_covered_display": "0", "missing_lines": 12, "excluded_lines": 0, "percent_statements_covered": 0.0, "percent_statements_covered_display": "0"}, "missing_lines": [687, 688, 689, 690, 691, 692, 693, 694, 695, 696, 697, 698], "excluded_lines": [], "start_line": 686}, "": {"executed_lines": [13, 14, 15, 16, 17, 19, 20, 21, 22, 24, 25, 26, 28, 30, 31, 33, 36, 37, 39, 40, 45, 51, 58, 65, 74, 99, 112, 141, 204, 218, 361, 444, 686], "summary": {"covered_lines": 33, "num_statements": 35, "percent_covered": 94.28571428571429, "percent_covered_display": "94", "missing_lines": 2, "excluded_lines": 8, "percent_statements_covered": 94.28571428571429, "percent_statements_covered_display": "94"}, "missing_lines": [34, 38], "excluded_lines": [35, 701, 702, 704, 705, 706, 707, 708], "start_line": 1}}, "classes": {"": {"executed_lines": [13, 14, 15, 16, 17, 19, 20, 21, 22, 24, 25, 26, 28, 30, 31, 33, 36, 37, 39, 40, 45, 51, 52, 53, 54, 55, 58, 59, 60, 61, 62, 65, 67, 68, 69, 70, 71, 74, 87, 88, 89, 90, 91, 93, 94, 95, 96, 99, 105, 106, 107, 108, 109, 112, 113, 114, 115, 116, 117, 118, 120, 121, 122, 123, 129, 130, 131, 132, 133, 134, 135, 141, 142, 143, 145, 146, 149, 150, 151, 152, 154, 155, 156, 157, 159, 160, 161, 163, 164, 166, 167, 169, 170, 175, 177, 178, 179, 180, 181, 182, 183, 184, 185, 186, 187, 188, 189, 191, 192, 194, 196, 197, 198, 204, 206, 207, 210, 211, 212, 213, 214, 215, 218, 361, 377, 378, 380, 381, 396, 397, 398, 444, 445, 446, 448, 449, 450, 452, 453, 455, 456, 457, 458, 459, 464, 466, 467, 468, 686], "summary": {"covered_lines": 149, "num_statements": 428, "percent_covered": 34.81308411214953, "percent_covered_display": "35", "missing_lines": 279, "excluded_lines": 8, "percent_statements_covered": 34.81308411214953, "percent_statements_covered_display": "35"}, "missing_lines": [34, 38, 124, 125, 126, 165, 168, 228, 229, 231, 232, 249, 250, 251, 252, 255, 256, 257, 259, 260, 261, 262, 263, 264, 265, 266, 267, 268, 269, 272, 273, 274, 276, 277, 278, 279, 281, 282, 283, 284, 286, 287, 289, 290, 293, 294, 295, 296, 297, 299, 300, 301, 302, 305, 306, 307, 308, 309, 310, 312, 314, 315, 316, 317, 318, 319, 320, 337, 338, 344, 345, 346, 347, 348, 349, 350, 352, 354, 356, 357, 358, 400, 401, 402, 403, 404, 405, 406, 407, 408, 410, 411, 413, 414, 415, 416, 417, 418, 419, 420, 421, 422, 424, 425, 431, 434, 436, 437, 438, 471, 472, 473, 474, 475, 478, 479, 480, 481, 483, 484, 485, 486, 487, 488, 490, 491, 492, 494, 495, 496, 497, 498, 499, 500, 501, 502, 503, 505, 506, 507, 510, 511, 512, 513, 514, 515, 516, 517, 518, 519, 520, 521, 522, 523, 526, 527, 528, 529, 530, 531, 532, 533, 534, 535, 536, 537, 538, 539, 540, 543, 544, 545, 546, 547, 548, 549, 550, 551, 552, 553, 554, 555, 556, 557, 560, 561, 562, 563, 564, 565, 566, 567, 568, 569, 570, 572, 573, 574, 575, 580, 581, 582, 583, 584, 585, 586, 587, 588, 591, 592, 593, 594, 600, 601, 602, 603, 604, 605, 606, 609, 610, 611, 612, 613, 614, 615, 624, 625, 628, 629, 630, 631, 632, 633, 634, 643, 644, 647, 648, 649, 650, 651, 652, 653, 654, 655, 657, 658, 659, 660, 661, 662, 663, 664, 665, 667, 668, 669, 670, 671, 672, 674, 675, 676, 677, 678, 680, 687, 688, 689, 690, 691, 692, 693, 694, 695, 696, 697, 698], "excluded_lines": [35, 701, 702, 704, 705, 706, 707, 708], "start_line": 1}}}}, "totals": {"covered_lines": 9209, "num_statements": 17418, "percent_covered": 52.8705936387645, "percent_covered_display": "53", "missing_lines": 8209, "excluded_lines": 556, "percent_statements_covered": 52.8705936387645, "percent_statements_covered_display": "53"}}